[ 2017-07-09T23:08:18+08:00 ] 127.0.0.1 /www.hospital.com/
INFO: [ app_init ] --START--
INFO: Run Behavior\BuildLiteBehavior [ RunTime:0.000020s ]
INFO: [ app_init ] --END-- [ RunTime:0.001487s ]
ERR: syntax error, unexpected end of file

[ 2017-07-09T23:09:15+08:00 ] 127.0.0.1 /www.hospital.com/
INFO: [ app_init ] --START--
INFO: Run Behavior\BuildLiteBehavior [ RunTime:0.000013s ]
INFO: [ app_init ] --END-- [ RunTime:0.000504s ]
INFO: [ app_begin ] --START--
INFO: Run Behavior\ReadHtmlCacheBehavior [ RunTime:0.014972s ]
INFO: [ app_begin ] --END-- [ RunTime:0.015036s ]
ERR: 无法加载控制器:Index

[ 2017-07-09T23:09:48+08:00 ] 127.0.0.1 /www.hospital.com/
INFO: [ app_init ] --START--
INFO: Run Behavior\BuildLiteBehavior [ RunTime:0.000012s ]
INFO: [ app_init ] --END-- [ RunTime:0.000427s ]
INFO: [ app_begin ] --START--
INFO: Run Behavior\ReadHtmlCacheBehavior [ RunTime:0.000539s ]
INFO: [ app_begin ] --END-- [ RunTime:0.000585s ]
ERR: 无法加载控制器:Index

