[ 2017-03-18T13:42:24+08:00 ] ::1 /hospital/Public/Admin/validata/css/validationEngine.jquery.css
INFO: [ app_init ] --START--
INFO: Run Behavior\BuildLiteBehavior [ RunTime:0.000020s ]
INFO: [ app_init ] --END-- [ RunTime:0.000411s ]
ERR: 无法加载模块:Public

[ 2017-03-18T13:42:24+08:00 ] ::1 /hospital/Public/Admin/js/validata/js/jquery.validationEngine-zh_CN.js
INFO: [ app_init ] --START--
INFO: Run Behavior\BuildLiteBehavior [ RunTime:0.000013s ]
INFO: [ app_init ] --END-- [ RunTime:0.000271s ]
ERR: 无法加载模块:Public

[ 2017-03-18T13:42:24+08:00 ] ::1 /hospital/Public/Admin/js/validata/js/jquery.validationEngine.js
INFO: [ app_init ] --START--
INFO: Run Behavior\BuildLiteBehavior [ RunTime:0.000015s ]
INFO: [ app_init ] --END-- [ RunTime:0.000358s ]
ERR: 无法加载模块:Public

[ 2017-03-18T13:42:44+08:00 ] ::1 /hospital/Public/Admin/validata/css/validationEngine.jquery.css
INFO: [ app_init ] --START--
INFO: Run Behavior\BuildLiteBehavior [ RunTime:0.000015s ]
INFO: [ app_init ] --END-- [ RunTime:0.000341s ]
ERR: 无法加载模块:Public

[ 2017-03-18T14:07:26+08:00 ] ::1 /hospital/Public/Admin/js/validata/messages_zh.min.js
INFO: [ app_init ] --START--
INFO: Run Behavior\BuildLiteBehavior [ RunTime:0.000173s ]
INFO: [ app_init ] --END-- [ RunTime:0.000690s ]
ERR: 无法加载模块:Public

[ 2017-03-18T14:07:27+08:00 ] ::1 /hospital/Public/Admin/js/validata/messages_zh.min.js
INFO: [ app_init ] --START--
INFO: Run Behavior\BuildLiteBehavior [ RunTime:0.000014s ]
INFO: [ app_init ] --END-- [ RunTime:0.000328s ]
ERR: 无法加载模块:Public

