[ 2017-03-16T17:47:32+08:00 ] ::1 /hospital/index.php/Admin/Auth/rule_group/id/1.html
INFO: [ app_init ] --START--
INFO: Run Behavior\BuildLiteBehavior [ RunTime:0.000008s ]
INFO: [ app_init ] --END-- [ RunTime:0.000185s ]
INFO: [ app_begin ] --START--
INFO: Run Behavior\ReadHtmlCacheBehavior [ RunTime:0.000213s ]
INFO: [ app_begin ] --END-- [ RunTime:0.000240s ]
SQL: SHOW COLUMNS FROM `hs_auth_group_access` [ RunTime:0.0013s ]
NOTIC: [8] Undefined index: default- /private/var/www/html/hospital/ThinkPHP/Library/Think/Db/Driver/Mysql.class.php 第 67 行.
NOTIC: [8] Undefined index: default- /private/var/www/html/hospital/ThinkPHP/Library/Think/Db/Driver/Mysql.class.php 第 67 行.
SQL: SELECT `uid`,`group_id`,`title`,`rules` FROM hs_auth_group_access a INNER JOIN hs_auth_group g on a.group_id=g.id  WHERE ( a.uid='0' and g.status='1' )  [ RunTime:0.0003s ]
SQL: SHOW COLUMNS FROM `hs_auth_rule` [ RunTime:0.0004s ]
NOTIC: [8] Undefined index: default- /private/var/www/html/hospital/ThinkPHP/Library/Think/Db/Driver/Mysql.class.php 第 67 行.
NOTIC: [8] Undefined index: default- /private/var/www/html/hospital/ThinkPHP/Library/Think/Db/Driver/Mysql.class.php 第 67 行.
NOTIC: [8] Undefined index: default- /private/var/www/html/hospital/ThinkPHP/Library/Think/Db/Driver/Mysql.class.php 第 67 行.
NOTIC: [8] Undefined index: default- /private/var/www/html/hospital/ThinkPHP/Library/Think/Db/Driver/Mysql.class.php 第 67 行.
NOTIC: [8] Undefined index: default- /private/var/www/html/hospital/ThinkPHP/Library/Think/Db/Driver/Mysql.class.php 第 67 行.
NOTIC: [8] Undefined index: default- /private/var/www/html/hospital/ThinkPHP/Library/Think/Db/Driver/Mysql.class.php 第 67 行.
NOTIC: [8] Undefined index: default- /private/var/www/html/hospital/ThinkPHP/Library/Think/Db/Driver/Mysql.class.php 第 67 行.
SQL: SELECT `condition`,`name` FROM `hs_auth_rule` WHERE `id` IN ('2','21','22','3','19','20','32','33','35') AND `type` = 1 AND `status` = 1  [ RunTime:0.0003s ]
SQL: SHOW COLUMNS FROM `hs_auth_group` [ RunTime:0.0004s ]
NOTIC: [8] Undefined index: default- /private/var/www/html/hospital/ThinkPHP/Library/Think/Db/Driver/Mysql.class.php 第 67 行.
NOTIC: [8] Undefined index: default- /private/var/www/html/hospital/ThinkPHP/Library/Think/Db/Driver/Mysql.class.php 第 67 行.
NOTIC: [8] Undefined index: default- /private/var/www/html/hospital/ThinkPHP/Library/Think/Db/Driver/Mysql.class.php 第 67 行.
NOTIC: [8] Undefined index: default- /private/var/www/html/hospital/ThinkPHP/Library/Think/Db/Driver/Mysql.class.php 第 67 行.
NOTIC: [2] trim() expects parameter 1 to be string, array given /private/var/www/html/hospital/Application/Admin/Model/BaseModel.class.php 第 37 行.
SQL: UPDATE `hs_auth_group` SET `id`='1',`rules`='1,2,3,4,5,6,7,8,9,10,11,12,13,14,15,16,17,18,19,20,77,78,79' WHERE `id` = 1 [ RunTime:0.0142s ]
INFO: [ view_parse ] --START--
INFO: [ template_filter ] --START--
INFO: Run Behavior\ContentReplaceBehavior [ RunTime:0.000024s ]
INFO: [ template_filter ] --END-- [ RunTime:0.000054s ]
INFO: Run Behavior\ParseTemplateBehavior [ RunTime:0.009662s ]
INFO: [ view_parse ] --END-- [ RunTime:0.009730s ]
INFO: [ view_filter ] --START--
INFO: Run Behavior\WriteHtmlCacheBehavior [ RunTime:0.000203s ]
INFO: [ view_filter ] --END-- [ RunTime:0.000253s ]
INFO: [ app_end ] --START--
INFO: Run Behavior\ShowPageTraceBehavior [ RunTime:0.000452s ]
INFO: [ app_end ] --END-- [ RunTime:0.000493s ]

[ 2017-03-16T17:47:33+08:00 ] ::1 /hospital/index.php/Admin/Auth/group.html
INFO: [ app_init ] --START--
INFO: Run Behavior\BuildLiteBehavior [ RunTime:0.000008s ]
INFO: [ app_init ] --END-- [ RunTime:0.000183s ]
INFO: [ app_begin ] --START--
INFO: Run Behavior\ReadHtmlCacheBehavior [ RunTime:0.000339s ]
INFO: [ app_begin ] --END-- [ RunTime:0.000378s ]
SQL: SHOW COLUMNS FROM `hs_auth_group_access` [ RunTime:0.0004s ]
NOTIC: [8] Undefined index: default- /private/var/www/html/hospital/ThinkPHP/Library/Think/Db/Driver/Mysql.class.php 第 67 行.
NOTIC: [8] Undefined index: default- /private/var/www/html/hospital/ThinkPHP/Library/Think/Db/Driver/Mysql.class.php 第 67 行.
SQL: SELECT `uid`,`group_id`,`title`,`rules` FROM hs_auth_group_access a INNER JOIN hs_auth_group g on a.group_id=g.id  WHERE ( a.uid='0' and g.status='1' )  [ RunTime:0.0003s ]
SQL: SHOW COLUMNS FROM `hs_auth_rule` [ RunTime:0.0004s ]
NOTIC: [8] Undefined index: default- /private/var/www/html/hospital/ThinkPHP/Library/Think/Db/Driver/Mysql.class.php 第 67 行.
NOTIC: [8] Undefined index: default- /private/var/www/html/hospital/ThinkPHP/Library/Think/Db/Driver/Mysql.class.php 第 67 行.
NOTIC: [8] Undefined index: default- /private/var/www/html/hospital/ThinkPHP/Library/Think/Db/Driver/Mysql.class.php 第 67 行.
NOTIC: [8] Undefined index: default- /private/var/www/html/hospital/ThinkPHP/Library/Think/Db/Driver/Mysql.class.php 第 67 行.
NOTIC: [8] Undefined index: default- /private/var/www/html/hospital/ThinkPHP/Library/Think/Db/Driver/Mysql.class.php 第 67 行.
NOTIC: [8] Undefined index: default- /private/var/www/html/hospital/ThinkPHP/Library/Think/Db/Driver/Mysql.class.php 第 67 行.
NOTIC: [8] Undefined index: default- /private/var/www/html/hospital/ThinkPHP/Library/Think/Db/Driver/Mysql.class.php 第 67 行.
SQL: SELECT `condition`,`name` FROM `hs_auth_rule` WHERE `id` IN ('2','21','22','3','19','20','32','33','35') AND `type` = 1 AND `status` = 1  [ RunTime:0.0003s ]
SQL: SHOW COLUMNS FROM `hs_auth_group` [ RunTime:0.0004s ]
NOTIC: [8] Undefined index: default- /private/var/www/html/hospital/ThinkPHP/Library/Think/Db/Driver/Mysql.class.php 第 67 行.
NOTIC: [8] Undefined index: default- /private/var/www/html/hospital/ThinkPHP/Library/Think/Db/Driver/Mysql.class.php 第 67 行.
NOTIC: [8] Undefined index: default- /private/var/www/html/hospital/ThinkPHP/Library/Think/Db/Driver/Mysql.class.php 第 67 行.
NOTIC: [8] Undefined index: default- /private/var/www/html/hospital/ThinkPHP/Library/Think/Db/Driver/Mysql.class.php 第 67 行.
SQL: SELECT * FROM `hs_auth_group`  [ RunTime:0.0002s ]
INFO: [ view_parse ] --START--
INFO: [ template_filter ] --START--
INFO: Run Behavior\ContentReplaceBehavior [ RunTime:0.000058s ]
INFO: [ template_filter ] --END-- [ RunTime:0.000178s ]
NOTIC: [8] Undefined index: shop_id /private/var/www/html/hospital/Application/Common/Common/function.php 第 1014 行.
SQL: SHOW COLUMNS FROM `hs_order` [ RunTime:0.0005s ]
NOTIC: [8] Undefined index: default- /private/var/www/html/hospital/ThinkPHP/Library/Think/Db/Driver/Mysql.class.php 第 67 行.
NOTIC: [8] Undefined index: default- /private/var/www/html/hospital/ThinkPHP/Library/Think/Db/Driver/Mysql.class.php 第 67 行.
NOTIC: [8] Undefined index: default- /private/var/www/html/hospital/ThinkPHP/Library/Think/Db/Driver/Mysql.class.php 第 67 行.
NOTIC: [8] Undefined index: default- /private/var/www/html/hospital/ThinkPHP/Library/Think/Db/Driver/Mysql.class.php 第 67 行.
NOTIC: [8] Undefined index: default- /private/var/www/html/hospital/ThinkPHP/Library/Think/Db/Driver/Mysql.class.php 第 67 行.
NOTIC: [8] Undefined index: default- /private/var/www/html/hospital/ThinkPHP/Library/Think/Db/Driver/Mysql.class.php 第 67 行.
NOTIC: [8] Undefined index: default- /private/var/www/html/hospital/ThinkPHP/Library/Think/Db/Driver/Mysql.class.php 第 67 行.
NOTIC: [8] Undefined index: default- /private/var/www/html/hospital/ThinkPHP/Library/Think/Db/Driver/Mysql.class.php 第 67 行.
NOTIC: [8] Undefined index: default- /private/var/www/html/hospital/ThinkPHP/Library/Think/Db/Driver/Mysql.class.php 第 67 行.
SQL: SELECT COUNT(*) AS tp_count FROM `hs_order` WHERE `status` = 1 LIMIT 1   [ RunTime:0.0002s ]
NOTIC: [8] Undefined index: shop_id /private/var/www/html/hospital/Application/Common/Common/function.php 第 1014 行.
SQL: SELECT COUNT(*) AS tp_count FROM `hs_order` WHERE `status` = 6 LIMIT 1   [ RunTime:0.0002s ]
NOTIC: [8] Undefined index: shop_id /private/var/www/html/hospital/Application/Common/Common/function.php 第 1014 行.
SQL: SHOW COLUMNS FROM `hs_order` [ RunTime:0.0004s ]
NOTIC: [8] Undefined index: default- /private/var/www/html/hospital/ThinkPHP/Library/Think/Db/Driver/Mysql.class.php 第 67 行.
NOTIC: [8] Undefined index: default- /private/var/www/html/hospital/ThinkPHP/Library/Think/Db/Driver/Mysql.class.php 第 67 行.
NOTIC: [8] Undefined index: default- /private/var/www/html/hospital/ThinkPHP/Library/Think/Db/Driver/Mysql.class.php 第 67 行.
NOTIC: [8] Undefined index: default- /private/var/www/html/hospital/ThinkPHP/Library/Think/Db/Driver/Mysql.class.php 第 67 行.
NOTIC: [8] Undefined index: default- /private/var/www/html/hospital/ThinkPHP/Library/Think/Db/Driver/Mysql.class.php 第 67 行.
NOTIC: [8] Undefined index: default- /private/var/www/html/hospital/ThinkPHP/Library/Think/Db/Driver/Mysql.class.php 第 67 行.
NOTIC: [8] Undefined index: default- /private/var/www/html/hospital/ThinkPHP/Library/Think/Db/Driver/Mysql.class.php 第 67 行.
NOTIC: [8] Undefined index: default- /private/var/www/html/hospital/ThinkPHP/Library/Think/Db/Driver/Mysql.class.php 第 67 行.
NOTIC: [8] Undefined index: default- /private/var/www/html/hospital/ThinkPHP/Library/Think/Db/Driver/Mysql.class.php 第 67 行.
SQL: SELECT COUNT(*) AS tp_count FROM `hs_order` WHERE `status` = 1 LIMIT 1   [ RunTime:0.0002s ]
NOTIC: [8] Undefined index: shop_id /private/var/www/html/hospital/Application/Common/Common/function.php 第 1014 行.
SQL: SELECT COUNT(*) AS tp_count FROM `hs_order` WHERE `status` = 6 LIMIT 1   [ RunTime:0.0002s ]
NOTIC: [2048] Declaration of Admin\Model\NavModel::getTreeData() should be compatible with Admin\Model\BaseModel::getTreeData($type = 'tree', $order = '', $name = 'name', $child = 'id', $parent = 'pid') /private/var/www/html/hospital/Application/Admin/Model/NavModel.class.php 第 69 行.
SQL: SHOW COLUMNS FROM `hs_nav` [ RunTime:0.0004s ]
NOTIC: [8] Undefined index: default- /private/var/www/html/hospital/ThinkPHP/Library/Think/Db/Driver/Mysql.class.php 第 67 行.
NOTIC: [8] Undefined index: default- /private/var/www/html/hospital/ThinkPHP/Library/Think/Db/Driver/Mysql.class.php 第 67 行.
NOTIC: [8] Undefined index: default- /private/var/www/html/hospital/ThinkPHP/Library/Think/Db/Driver/Mysql.class.php 第 67 行.
NOTIC: [8] Undefined index: default- /private/var/www/html/hospital/ThinkPHP/Library/Think/Db/Driver/Mysql.class.php 第 67 行.
NOTIC: [8] Undefined index: default- /private/var/www/html/hospital/ThinkPHP/Library/Think/Db/Driver/Mysql.class.php 第 67 行.
NOTIC: [8] Undefined index: default- /private/var/www/html/hospital/ThinkPHP/Library/Think/Db/Driver/Mysql.class.php 第 67 行.
SQL: SELECT * FROM `hs_nav` ORDER BY order_number is null,order_number,id  [ RunTime:0.0003s ]
SQL: SHOW COLUMNS FROM `hs_auth_group_access` [ RunTime:0.0004s ]
NOTIC: [8] Undefined index: default- /private/var/www/html/hospital/ThinkPHP/Library/Think/Db/Driver/Mysql.class.php 第 67 行.
NOTIC: [8] Undefined index: default- /private/var/www/html/hospital/ThinkPHP/Library/Think/Db/Driver/Mysql.class.php 第 67 行.
SQL: SELECT `uid`,`group_id`,`title`,`rules` FROM hs_auth_group_access a INNER JOIN hs_auth_group g on a.group_id=g.id  WHERE ( a.uid='1' and g.status='1' )  [ RunTime:0.0007s ]
SQL: SHOW COLUMNS FROM `hs_auth_rule` [ RunTime:0.0006s ]
NOTIC: [8] Undefined index: default- /private/var/www/html/hospital/ThinkPHP/Library/Think/Db/Driver/Mysql.class.php 第 67 行.
NOTIC: [8] Undefined index: default- /private/var/www/html/hospital/ThinkPHP/Library/Think/Db/Driver/Mysql.class.php 第 67 行.
NOTIC: [8] Undefined index: default- /private/var/www/html/hospital/ThinkPHP/Library/Think/Db/Driver/Mysql.class.php 第 67 行.
NOTIC: [8] Undefined index: default- /private/var/www/html/hospital/ThinkPHP/Library/Think/Db/Driver/Mysql.class.php 第 67 行.
NOTIC: [8] Undefined index: default- /private/var/www/html/hospital/ThinkPHP/Library/Think/Db/Driver/Mysql.class.php 第 67 行.
NOTIC: [8] Undefined index: default- /private/var/www/html/hospital/ThinkPHP/Library/Think/Db/Driver/Mysql.class.php 第 67 行.
NOTIC: [8] Undefined index: default- /private/var/www/html/hospital/ThinkPHP/Library/Think/Db/Driver/Mysql.class.php 第 67 行.
SQL: SELECT `condition`,`name` FROM `hs_auth_rule` WHERE `id` IN ('1','2','3','4','5','6','7','8','9','10','11','12','13','14','15','16','17','18','19','20','77','78','79') AND `type` = 1 AND `status` = 1  [ RunTime:0.0004s ]
NOTIC: [8] Use of undefined constant url - assumed 'url' /private/var/www/html/hospital/Runtime/Cache/Admin/b20911971e8a6ff33d84a3671935cc0a.php 第 144 行.
NOTIC: [8] Use of undefined constant url - assumed 'url' /private/var/www/html/hospital/Runtime/Cache/Admin/b20911971e8a6ff33d84a3671935cc0a.php 第 144 行.
NOTIC: [8] Use of undefined constant url - assumed 'url' /private/var/www/html/hospital/Runtime/Cache/Admin/b20911971e8a6ff33d84a3671935cc0a.php 第 144 行.
NOTIC: [8] Use of undefined constant url - assumed 'url' /private/var/www/html/hospital/Runtime/Cache/Admin/b20911971e8a6ff33d84a3671935cc0a.php 第 144 行.
NOTIC: [8] Use of undefined constant url - assumed 'url' /private/var/www/html/hospital/Runtime/Cache/Admin/b20911971e8a6ff33d84a3671935cc0a.php 第 144 行.
NOTIC: [8] Use of undefined constant url - assumed 'url' /private/var/www/html/hospital/Runtime/Cache/Admin/b20911971e8a6ff33d84a3671935cc0a.php 第 144 行.
NOTIC: [8] Use of undefined constant url - assumed 'url' /private/var/www/html/hospital/Runtime/Cache/Admin/b20911971e8a6ff33d84a3671935cc0a.php 第 144 行.
NOTIC: [8] Use of undefined constant url - assumed 'url' /private/var/www/html/hospital/Runtime/Cache/Admin/b20911971e8a6ff33d84a3671935cc0a.php 第 144 行.
INFO: Run Behavior\ParseTemplateBehavior [ RunTime:0.015825s ]
INFO: [ view_parse ] --END-- [ RunTime:0.015851s ]
INFO: [ view_filter ] --START--
INFO: Run Behavior\WriteHtmlCacheBehavior [ RunTime:0.000127s ]
INFO: [ view_filter ] --END-- [ RunTime:0.000148s ]
INFO: [ app_end ] --START--
INFO: Run Behavior\ShowPageTraceBehavior [ RunTime:0.000324s ]
INFO: [ app_end ] --END-- [ RunTime:0.000362s ]

[ 2017-03-16T17:47:38+08:00 ] ::1 /hospital/index.php/Admin/Dealer/add.html
INFO: [ app_init ] --START--
INFO: Run Behavior\BuildLiteBehavior [ RunTime:0.000009s ]
INFO: [ app_init ] --END-- [ RunTime:0.000181s ]
INFO: [ app_begin ] --START--
INFO: Run Behavior\ReadHtmlCacheBehavior [ RunTime:0.000226s ]
INFO: [ app_begin ] --END-- [ RunTime:0.000252s ]
SQL: SHOW COLUMNS FROM `hs_auth_group_access` [ RunTime:0.0004s ]
NOTIC: [8] Undefined index: default- /private/var/www/html/hospital/ThinkPHP/Library/Think/Db/Driver/Mysql.class.php 第 67 行.
NOTIC: [8] Undefined index: default- /private/var/www/html/hospital/ThinkPHP/Library/Think/Db/Driver/Mysql.class.php 第 67 行.
SQL: SELECT `uid`,`group_id`,`title`,`rules` FROM hs_auth_group_access a INNER JOIN hs_auth_group g on a.group_id=g.id  WHERE ( a.uid='0' and g.status='1' )  [ RunTime:0.0004s ]
SQL: SHOW COLUMNS FROM `hs_auth_rule` [ RunTime:0.0004s ]
NOTIC: [8] Undefined index: default- /private/var/www/html/hospital/ThinkPHP/Library/Think/Db/Driver/Mysql.class.php 第 67 行.
NOTIC: [8] Undefined index: default- /private/var/www/html/hospital/ThinkPHP/Library/Think/Db/Driver/Mysql.class.php 第 67 行.
NOTIC: [8] Undefined index: default- /private/var/www/html/hospital/ThinkPHP/Library/Think/Db/Driver/Mysql.class.php 第 67 行.
NOTIC: [8] Undefined index: default- /private/var/www/html/hospital/ThinkPHP/Library/Think/Db/Driver/Mysql.class.php 第 67 行.
NOTIC: [8] Undefined index: default- /private/var/www/html/hospital/ThinkPHP/Library/Think/Db/Driver/Mysql.class.php 第 67 行.
NOTIC: [8] Undefined index: default- /private/var/www/html/hospital/ThinkPHP/Library/Think/Db/Driver/Mysql.class.php 第 67 行.
NOTIC: [8] Undefined index: default- /private/var/www/html/hospital/ThinkPHP/Library/Think/Db/Driver/Mysql.class.php 第 67 行.
SQL: SELECT `condition`,`name` FROM `hs_auth_rule` WHERE `id` IN ('2','21','22','3','19','20','32','33','35') AND `type` = 1 AND `status` = 1  [ RunTime:0.0003s ]
INFO: [ view_parse ] --START--
INFO: [ template_filter ] --START--
INFO: Run Behavior\ContentReplaceBehavior [ RunTime:0.000021s ]
INFO: [ template_filter ] --END-- [ RunTime:0.000051s ]
INFO: Run Behavior\ParseTemplateBehavior [ RunTime:0.002766s ]
INFO: [ view_parse ] --END-- [ RunTime:0.002806s ]
INFO: [ view_filter ] --START--
INFO: Run Behavior\WriteHtmlCacheBehavior [ RunTime:0.000091s ]
INFO: [ view_filter ] --END-- [ RunTime:0.000113s ]

[ 2017-03-16T17:47:42+08:00 ] ::1 /hospital/index.php/Admin/Auth/group.html
INFO: [ app_init ] --START--
INFO: Run Behavior\BuildLiteBehavior [ RunTime:0.000008s ]
INFO: [ app_init ] --END-- [ RunTime:0.000177s ]
INFO: [ app_begin ] --START--
INFO: Run Behavior\ReadHtmlCacheBehavior [ RunTime:0.000363s ]
INFO: [ app_begin ] --END-- [ RunTime:0.000427s ]
SQL: SHOW COLUMNS FROM `hs_auth_group_access` [ RunTime:0.0005s ]
NOTIC: [8] Undefined index: default- /private/var/www/html/hospital/ThinkPHP/Library/Think/Db/Driver/Mysql.class.php 第 67 行.
NOTIC: [8] Undefined index: default- /private/var/www/html/hospital/ThinkPHP/Library/Think/Db/Driver/Mysql.class.php 第 67 行.
SQL: SELECT `uid`,`group_id`,`title`,`rules` FROM hs_auth_group_access a INNER JOIN hs_auth_group g on a.group_id=g.id  WHERE ( a.uid='0' and g.status='1' )  [ RunTime:0.0003s ]
SQL: SHOW COLUMNS FROM `hs_auth_rule` [ RunTime:0.0005s ]
NOTIC: [8] Undefined index: default- /private/var/www/html/hospital/ThinkPHP/Library/Think/Db/Driver/Mysql.class.php 第 67 行.
NOTIC: [8] Undefined index: default- /private/var/www/html/hospital/ThinkPHP/Library/Think/Db/Driver/Mysql.class.php 第 67 行.
NOTIC: [8] Undefined index: default- /private/var/www/html/hospital/ThinkPHP/Library/Think/Db/Driver/Mysql.class.php 第 67 行.
NOTIC: [8] Undefined index: default- /private/var/www/html/hospital/ThinkPHP/Library/Think/Db/Driver/Mysql.class.php 第 67 行.
NOTIC: [8] Undefined index: default- /private/var/www/html/hospital/ThinkPHP/Library/Think/Db/Driver/Mysql.class.php 第 67 行.
NOTIC: [8] Undefined index: default- /private/var/www/html/hospital/ThinkPHP/Library/Think/Db/Driver/Mysql.class.php 第 67 行.
NOTIC: [8] Undefined index: default- /private/var/www/html/hospital/ThinkPHP/Library/Think/Db/Driver/Mysql.class.php 第 67 行.
SQL: SELECT `condition`,`name` FROM `hs_auth_rule` WHERE `id` IN ('2','21','22','3','19','20','32','33','35') AND `type` = 1 AND `status` = 1  [ RunTime:0.0004s ]
SQL: SHOW COLUMNS FROM `hs_auth_group` [ RunTime:0.0004s ]
NOTIC: [8] Undefined index: default- /private/var/www/html/hospital/ThinkPHP/Library/Think/Db/Driver/Mysql.class.php 第 67 行.
NOTIC: [8] Undefined index: default- /private/var/www/html/hospital/ThinkPHP/Library/Think/Db/Driver/Mysql.class.php 第 67 行.
NOTIC: [8] Undefined index: default- /private/var/www/html/hospital/ThinkPHP/Library/Think/Db/Driver/Mysql.class.php 第 67 行.
NOTIC: [8] Undefined index: default- /private/var/www/html/hospital/ThinkPHP/Library/Think/Db/Driver/Mysql.class.php 第 67 行.
SQL: SELECT * FROM `hs_auth_group`  [ RunTime:0.0002s ]
INFO: [ view_parse ] --START--
INFO: [ template_filter ] --START--
INFO: Run Behavior\ContentReplaceBehavior [ RunTime:0.000128s ]
INFO: [ template_filter ] --END-- [ RunTime:0.000243s ]
NOTIC: [8] Undefined index: shop_id /private/var/www/html/hospital/Application/Common/Common/function.php 第 1014 行.
SQL: SHOW COLUMNS FROM `hs_order` [ RunTime:0.0006s ]
NOTIC: [8] Undefined index: default- /private/var/www/html/hospital/ThinkPHP/Library/Think/Db/Driver/Mysql.class.php 第 67 行.
NOTIC: [8] Undefined index: default- /private/var/www/html/hospital/ThinkPHP/Library/Think/Db/Driver/Mysql.class.php 第 67 行.
NOTIC: [8] Undefined index: default- /private/var/www/html/hospital/ThinkPHP/Library/Think/Db/Driver/Mysql.class.php 第 67 行.
NOTIC: [8] Undefined index: default- /private/var/www/html/hospital/ThinkPHP/Library/Think/Db/Driver/Mysql.class.php 第 67 行.
NOTIC: [8] Undefined index: default- /private/var/www/html/hospital/ThinkPHP/Library/Think/Db/Driver/Mysql.class.php 第 67 行.
NOTIC: [8] Undefined index: default- /private/var/www/html/hospital/ThinkPHP/Library/Think/Db/Driver/Mysql.class.php 第 67 行.
NOTIC: [8] Undefined index: default- /private/var/www/html/hospital/ThinkPHP/Library/Think/Db/Driver/Mysql.class.php 第 67 行.
NOTIC: [8] Undefined index: default- /private/var/www/html/hospital/ThinkPHP/Library/Think/Db/Driver/Mysql.class.php 第 67 行.
NOTIC: [8] Undefined index: default- /private/var/www/html/hospital/ThinkPHP/Library/Think/Db/Driver/Mysql.class.php 第 67 行.
SQL: SELECT COUNT(*) AS tp_count FROM `hs_order` WHERE `status` = 1 LIMIT 1   [ RunTime:0.0003s ]
NOTIC: [8] Undefined index: shop_id /private/var/www/html/hospital/Application/Common/Common/function.php 第 1014 行.
SQL: SELECT COUNT(*) AS tp_count FROM `hs_order` WHERE `status` = 6 LIMIT 1   [ RunTime:0.0003s ]
NOTIC: [8] Undefined index: shop_id /private/var/www/html/hospital/Application/Common/Common/function.php 第 1014 行.
SQL: SHOW COLUMNS FROM `hs_order` [ RunTime:0.0006s ]
NOTIC: [8] Undefined index: default- /private/var/www/html/hospital/ThinkPHP/Library/Think/Db/Driver/Mysql.class.php 第 67 行.
NOTIC: [8] Undefined index: default- /private/var/www/html/hospital/ThinkPHP/Library/Think/Db/Driver/Mysql.class.php 第 67 行.
NOTIC: [8] Undefined index: default- /private/var/www/html/hospital/ThinkPHP/Library/Think/Db/Driver/Mysql.class.php 第 67 行.
NOTIC: [8] Undefined index: default- /private/var/www/html/hospital/ThinkPHP/Library/Think/Db/Driver/Mysql.class.php 第 67 行.
NOTIC: [8] Undefined index: default- /private/var/www/html/hospital/ThinkPHP/Library/Think/Db/Driver/Mysql.class.php 第 67 行.
NOTIC: [8] Undefined index: default- /private/var/www/html/hospital/ThinkPHP/Library/Think/Db/Driver/Mysql.class.php 第 67 行.
NOTIC: [8] Undefined index: default- /private/var/www/html/hospital/ThinkPHP/Library/Think/Db/Driver/Mysql.class.php 第 67 行.
NOTIC: [8] Undefined index: default- /private/var/www/html/hospital/ThinkPHP/Library/Think/Db/Driver/Mysql.class.php 第 67 行.
NOTIC: [8] Undefined index: default- /private/var/www/html/hospital/ThinkPHP/Library/Think/Db/Driver/Mysql.class.php 第 67 行.
SQL: SELECT COUNT(*) AS tp_count FROM `hs_order` WHERE `status` = 1 LIMIT 1   [ RunTime:0.0003s ]
NOTIC: [8] Undefined index: shop_id /private/var/www/html/hospital/Application/Common/Common/function.php 第 1014 行.
SQL: SELECT COUNT(*) AS tp_count FROM `hs_order` WHERE `status` = 6 LIMIT 1   [ RunTime:0.0004s ]
NOTIC: [2048] Declaration of Admin\Model\NavModel::getTreeData() should be compatible with Admin\Model\BaseModel::getTreeData($type = 'tree', $order = '', $name = 'name', $child = 'id', $parent = 'pid') /private/var/www/html/hospital/Application/Admin/Model/NavModel.class.php 第 69 行.
SQL: SHOW COLUMNS FROM `hs_nav` [ RunTime:0.0006s ]
NOTIC: [8] Undefined index: default- /private/var/www/html/hospital/ThinkPHP/Library/Think/Db/Driver/Mysql.class.php 第 67 行.
NOTIC: [8] Undefined index: default- /private/var/www/html/hospital/ThinkPHP/Library/Think/Db/Driver/Mysql.class.php 第 67 行.
NOTIC: [8] Undefined index: default- /private/var/www/html/hospital/ThinkPHP/Library/Think/Db/Driver/Mysql.class.php 第 67 行.
NOTIC: [8] Undefined index: default- /private/var/www/html/hospital/ThinkPHP/Library/Think/Db/Driver/Mysql.class.php 第 67 行.
NOTIC: [8] Undefined index: default- /private/var/www/html/hospital/ThinkPHP/Library/Think/Db/Driver/Mysql.class.php 第 67 行.
NOTIC: [8] Undefined index: default- /private/var/www/html/hospital/ThinkPHP/Library/Think/Db/Driver/Mysql.class.php 第 67 行.
SQL: SELECT * FROM `hs_nav` ORDER BY order_number is null,order_number,id  [ RunTime:0.0003s ]
SQL: SHOW COLUMNS FROM `hs_auth_group_access` [ RunTime:0.0003s ]
NOTIC: [8] Undefined index: default- /private/var/www/html/hospital/ThinkPHP/Library/Think/Db/Driver/Mysql.class.php 第 67 行.
NOTIC: [8] Undefined index: default- /private/var/www/html/hospital/ThinkPHP/Library/Think/Db/Driver/Mysql.class.php 第 67 行.
SQL: SELECT `uid`,`group_id`,`title`,`rules` FROM hs_auth_group_access a INNER JOIN hs_auth_group g on a.group_id=g.id  WHERE ( a.uid='1' and g.status='1' )  [ RunTime:0.0002s ]
SQL: SHOW COLUMNS FROM `hs_auth_rule` [ RunTime:0.0003s ]
NOTIC: [8] Undefined index: default- /private/var/www/html/hospital/ThinkPHP/Library/Think/Db/Driver/Mysql.class.php 第 67 行.
NOTIC: [8] Undefined index: default- /private/var/www/html/hospital/ThinkPHP/Library/Think/Db/Driver/Mysql.class.php 第 67 行.
NOTIC: [8] Undefined index: default- /private/var/www/html/hospital/ThinkPHP/Library/Think/Db/Driver/Mysql.class.php 第 67 行.
NOTIC: [8] Undefined index: default- /private/var/www/html/hospital/ThinkPHP/Library/Think/Db/Driver/Mysql.class.php 第 67 行.
NOTIC: [8] Undefined index: default- /private/var/www/html/hospital/ThinkPHP/Library/Think/Db/Driver/Mysql.class.php 第 67 行.
NOTIC: [8] Undefined index: default- /private/var/www/html/hospital/ThinkPHP/Library/Think/Db/Driver/Mysql.class.php 第 67 行.
NOTIC: [8] Undefined index: default- /private/var/www/html/hospital/ThinkPHP/Library/Think/Db/Driver/Mysql.class.php 第 67 行.
SQL: SELECT `condition`,`name` FROM `hs_auth_rule` WHERE `id` IN ('1','2','3','4','5','6','7','8','9','10','11','12','13','14','15','16','17','18','19','20','77','78','79') AND `type` = 1 AND `status` = 1  [ RunTime:0.0003s ]
NOTIC: [8] Use of undefined constant url - assumed 'url' /private/var/www/html/hospital/Runtime/Cache/Admin/b20911971e8a6ff33d84a3671935cc0a.php 第 144 行.
NOTIC: [8] Use of undefined constant url - assumed 'url' /private/var/www/html/hospital/Runtime/Cache/Admin/b20911971e8a6ff33d84a3671935cc0a.php 第 144 行.
NOTIC: [8] Use of undefined constant url - assumed 'url' /private/var/www/html/hospital/Runtime/Cache/Admin/b20911971e8a6ff33d84a3671935cc0a.php 第 144 行.
NOTIC: [8] Use of undefined constant url - assumed 'url' /private/var/www/html/hospital/Runtime/Cache/Admin/b20911971e8a6ff33d84a3671935cc0a.php 第 144 行.
NOTIC: [8] Use of undefined constant url - assumed 'url' /private/var/www/html/hospital/Runtime/Cache/Admin/b20911971e8a6ff33d84a3671935cc0a.php 第 144 行.
NOTIC: [8] Use of undefined constant url - assumed 'url' /private/var/www/html/hospital/Runtime/Cache/Admin/b20911971e8a6ff33d84a3671935cc0a.php 第 144 行.
NOTIC: [8] Use of undefined constant url - assumed 'url' /private/var/www/html/hospital/Runtime/Cache/Admin/b20911971e8a6ff33d84a3671935cc0a.php 第 144 行.
NOTIC: [8] Use of undefined constant url - assumed 'url' /private/var/www/html/hospital/Runtime/Cache/Admin/b20911971e8a6ff33d84a3671935cc0a.php 第 144 行.
INFO: Run Behavior\ParseTemplateBehavior [ RunTime:0.028378s ]
INFO: [ view_parse ] --END-- [ RunTime:0.028408s ]
INFO: [ view_filter ] --START--
INFO: Run Behavior\WriteHtmlCacheBehavior [ RunTime:0.000135s ]
INFO: [ view_filter ] --END-- [ RunTime:0.000156s ]
INFO: [ app_end ] --START--
INFO: Run Behavior\ShowPageTraceBehavior [ RunTime:0.000419s ]
INFO: [ app_end ] --END-- [ RunTime:0.000461s ]

