[ 2017-03-17T10:50:51+08:00 ] ::1 /hospital/Admin/User/login
INFO: [ app_init ] --START--
INFO: Run Behavior\BuildLiteBehavior [ RunTime:0.000015s ]
INFO: [ app_init ] --END-- [ RunTime:0.000967s ]
INFO: [ app_begin ] --START--
INFO: Run Behavior\ReadHtmlCacheBehavior [ RunTime:0.000592s ]
INFO: [ app_begin ] --END-- [ RunTime:0.000643s ]
ERR: 无法加载控制器:User

[ 2017-03-17T10:50:58+08:00 ] ::1 /hospital/Admin/Login/index.html
INFO: [ app_init ] --START--
INFO: Run Behavior\BuildLiteBehavior [ RunTime:0.000007s ]
INFO: [ app_init ] --END-- [ RunTime:0.000165s ]
INFO: [ app_begin ] --START--
INFO: Run Behavior\ReadHtmlCacheBehavior [ RunTime:0.000216s ]
INFO: [ app_begin ] --END-- [ RunTime:0.000246s ]
SQL: SHOW COLUMNS FROM `hs_ucenter_member` [ RunTime:0.0292s ]
NOTIC: [8] Undefined index: default- /private/var/www/html/hospital/ThinkPHP/Library/Think/Db/Driver/Mysql.class.php 第 67 行.
NOTIC: [8] Undefined index: default- /private/var/www/html/hospital/ThinkPHP/Library/Think/Db/Driver/Mysql.class.php 第 67 行.
NOTIC: [8] Undefined index: default- /private/var/www/html/hospital/ThinkPHP/Library/Think/Db/Driver/Mysql.class.php 第 67 行.
NOTIC: [8] Undefined index: default- /private/var/www/html/hospital/ThinkPHP/Library/Think/Db/Driver/Mysql.class.php 第 67 行.
NOTIC: [8] Undefined index: default- /private/var/www/html/hospital/ThinkPHP/Library/Think/Db/Driver/Mysql.class.php 第 67 行.
NOTIC: [8] Undefined index: default- /private/var/www/html/hospital/ThinkPHP/Library/Think/Db/Driver/Mysql.class.php 第 67 行.
NOTIC: [8] Undefined index: default- /private/var/www/html/hospital/ThinkPHP/Library/Think/Db/Driver/Mysql.class.php 第 67 行.
NOTIC: [8] Undefined index: default- /private/var/www/html/hospital/ThinkPHP/Library/Think/Db/Driver/Mysql.class.php 第 67 行.
NOTIC: [8] Undefined index: default- /private/var/www/html/hospital/ThinkPHP/Library/Think/Db/Driver/Mysql.class.php 第 67 行.
NOTIC: [8] Undefined index: default- /private/var/www/html/hospital/ThinkPHP/Library/Think/Db/Driver/Mysql.class.php 第 67 行.
NOTIC: [8] Undefined index: default- /private/var/www/html/hospital/ThinkPHP/Library/Think/Db/Driver/Mysql.class.php 第 67 行.
NOTIC: [8] Undefined index: default- /private/var/www/html/hospital/ThinkPHP/Library/Think/Db/Driver/Mysql.class.php 第 67 行.
INFO: [ view_parse ] --START--
INFO: [ template_filter ] --START--
INFO: Run Behavior\ContentReplaceBehavior [ RunTime:0.000268s ]
INFO: [ template_filter ] --END-- [ RunTime:0.000310s ]
INFO: Run Behavior\ParseTemplateBehavior [ RunTime:0.028850s ]
INFO: [ view_parse ] --END-- [ RunTime:0.028908s ]
INFO: [ view_filter ] --START--
INFO: Run Behavior\WriteHtmlCacheBehavior [ RunTime:0.000311s ]
INFO: [ view_filter ] --END-- [ RunTime:0.000333s ]
INFO: [ app_end ] --START--
INFO: Run Behavior\ShowPageTraceBehavior [ RunTime:0.000671s ]
INFO: [ app_end ] --END-- [ RunTime:0.000732s ]

[ 2017-03-17T10:51:04+08:00 ] ::1 /hospital/index.php/Admin/Login/trylogin.html
INFO: [ app_init ] --START--
INFO: Run Behavior\BuildLiteBehavior [ RunTime:0.000021s ]
INFO: [ app_init ] --END-- [ RunTime:0.000464s ]
INFO: [ app_begin ] --START--
INFO: Run Behavior\ReadHtmlCacheBehavior [ RunTime:0.000665s ]
INFO: [ app_begin ] --END-- [ RunTime:0.000792s ]
SQL: SHOW COLUMNS FROM `hs_ucenter_member` [ RunTime:0.0006s ]
NOTIC: [8] Undefined index: default- /private/var/www/html/hospital/ThinkPHP/Library/Think/Db/Driver/Mysql.class.php 第 67 行.
NOTIC: [8] Undefined index: default- /private/var/www/html/hospital/ThinkPHP/Library/Think/Db/Driver/Mysql.class.php 第 67 行.
NOTIC: [8] Undefined index: default- /private/var/www/html/hospital/ThinkPHP/Library/Think/Db/Driver/Mysql.class.php 第 67 行.
NOTIC: [8] Undefined index: default- /private/var/www/html/hospital/ThinkPHP/Library/Think/Db/Driver/Mysql.class.php 第 67 行.
NOTIC: [8] Undefined index: default- /private/var/www/html/hospital/ThinkPHP/Library/Think/Db/Driver/Mysql.class.php 第 67 行.
NOTIC: [8] Undefined index: default- /private/var/www/html/hospital/ThinkPHP/Library/Think/Db/Driver/Mysql.class.php 第 67 行.
NOTIC: [8] Undefined index: default- /private/var/www/html/hospital/ThinkPHP/Library/Think/Db/Driver/Mysql.class.php 第 67 行.
NOTIC: [8] Undefined index: default- /private/var/www/html/hospital/ThinkPHP/Library/Think/Db/Driver/Mysql.class.php 第 67 行.
NOTIC: [8] Undefined index: default- /private/var/www/html/hospital/ThinkPHP/Library/Think/Db/Driver/Mysql.class.php 第 67 行.
NOTIC: [8] Undefined index: default- /private/var/www/html/hospital/ThinkPHP/Library/Think/Db/Driver/Mysql.class.php 第 67 行.
NOTIC: [8] Undefined index: default- /private/var/www/html/hospital/ThinkPHP/Library/Think/Db/Driver/Mysql.class.php 第 67 行.
NOTIC: [8] Undefined index: default- /private/var/www/html/hospital/ThinkPHP/Library/Think/Db/Driver/Mysql.class.php 第 67 行.
SQL: SELECT * FROM `hs_ucenter_member` WHERE `username` = 'admin' LIMIT 1   [ RunTime:0.0041s ]
SQL: UPDATE `hs_ucenter_member` SET `last_login_time`='1489719064',`last_login_ip`='0' WHERE `id` = 1 [ RunTime:0.0190s ]
SQL: SELECT `shop_id` FROM `hs_ucenter_member` WHERE `id` = 1 LIMIT 1   [ RunTime:0.0003s ]
INFO: [ app_end ] --START--
INFO: Run Behavior\ShowPageTraceBehavior [ RunTime:0.000375s ]
INFO: [ app_end ] --END-- [ RunTime:0.000403s ]

[ 2017-03-17T10:51:04+08:00 ] ::1 /hospital/index.php/Admin/Index/index.html
INFO: [ app_init ] --START--
INFO: Run Behavior\BuildLiteBehavior [ RunTime:0.000009s ]
INFO: [ app_init ] --END-- [ RunTime:0.000224s ]
INFO: [ app_begin ] --START--
INFO: Run Behavior\ReadHtmlCacheBehavior [ RunTime:0.000250s ]
INFO: [ app_begin ] --END-- [ RunTime:0.000281s ]
SQL: SHOW COLUMNS FROM `hs_auth_group_access` [ RunTime:0.0016s ]
NOTIC: [8] Undefined index: default- /private/var/www/html/hospital/ThinkPHP/Library/Think/Db/Driver/Mysql.class.php 第 67 行.
NOTIC: [8] Undefined index: default- /private/var/www/html/hospital/ThinkPHP/Library/Think/Db/Driver/Mysql.class.php 第 67 行.
SQL: SELECT `uid`,`group_id`,`title`,`rules` FROM hs_auth_group_access a INNER JOIN hs_auth_group g on a.group_id=g.id  WHERE ( a.uid='0' and g.status='1' )  [ RunTime:0.0025s ]
SQL: SHOW COLUMNS FROM `hs_auth_rule` [ RunTime:0.0019s ]
NOTIC: [8] Undefined index: default- /private/var/www/html/hospital/ThinkPHP/Library/Think/Db/Driver/Mysql.class.php 第 67 行.
NOTIC: [8] Undefined index: default- /private/var/www/html/hospital/ThinkPHP/Library/Think/Db/Driver/Mysql.class.php 第 67 行.
NOTIC: [8] Undefined index: default- /private/var/www/html/hospital/ThinkPHP/Library/Think/Db/Driver/Mysql.class.php 第 67 行.
NOTIC: [8] Undefined index: default- /private/var/www/html/hospital/ThinkPHP/Library/Think/Db/Driver/Mysql.class.php 第 67 行.
NOTIC: [8] Undefined index: default- /private/var/www/html/hospital/ThinkPHP/Library/Think/Db/Driver/Mysql.class.php 第 67 行.
NOTIC: [8] Undefined index: default- /private/var/www/html/hospital/ThinkPHP/Library/Think/Db/Driver/Mysql.class.php 第 67 行.
NOTIC: [8] Undefined index: default- /private/var/www/html/hospital/ThinkPHP/Library/Think/Db/Driver/Mysql.class.php 第 67 行.
SQL: SELECT `condition`,`name` FROM `hs_auth_rule` WHERE `id` IN ('2','21','22','3','19','20','32','33','35') AND `type` = 1 AND `status` = 1  [ RunTime:0.0007s ]
INFO: [ view_parse ] --START--
INFO: [ template_filter ] --START--
INFO: Run Behavior\ContentReplaceBehavior [ RunTime:0.000075s ]
INFO: [ template_filter ] --END-- [ RunTime:0.000115s ]
NOTIC: [8] Undefined index: member /private/var/www/html/hospital/Application/Common/Common/function.php 第 1014 行.
SQL: SHOW COLUMNS FROM `hs_order` [ RunTime:0.0031s ]
NOTIC: [8] Undefined index: default- /private/var/www/html/hospital/ThinkPHP/Library/Think/Db/Driver/Mysql.class.php 第 67 行.
NOTIC: [8] Undefined index: default- /private/var/www/html/hospital/ThinkPHP/Library/Think/Db/Driver/Mysql.class.php 第 67 行.
NOTIC: [8] Undefined index: default- /private/var/www/html/hospital/ThinkPHP/Library/Think/Db/Driver/Mysql.class.php 第 67 行.
NOTIC: [8] Undefined index: default- /private/var/www/html/hospital/ThinkPHP/Library/Think/Db/Driver/Mysql.class.php 第 67 行.
NOTIC: [8] Undefined index: default- /private/var/www/html/hospital/ThinkPHP/Library/Think/Db/Driver/Mysql.class.php 第 67 行.
NOTIC: [8] Undefined index: default- /private/var/www/html/hospital/ThinkPHP/Library/Think/Db/Driver/Mysql.class.php 第 67 行.
NOTIC: [8] Undefined index: default- /private/var/www/html/hospital/ThinkPHP/Library/Think/Db/Driver/Mysql.class.php 第 67 行.
NOTIC: [8] Undefined index: default- /private/var/www/html/hospital/ThinkPHP/Library/Think/Db/Driver/Mysql.class.php 第 67 行.
NOTIC: [8] Undefined index: default- /private/var/www/html/hospital/ThinkPHP/Library/Think/Db/Driver/Mysql.class.php 第 67 行.
SQL: SELECT COUNT(*) AS tp_count FROM `hs_order` WHERE `status` = 1 LIMIT 1   [ RunTime:0.0017s ]
NOTIC: [8] Undefined index: member /private/var/www/html/hospital/Application/Common/Common/function.php 第 1014 行.
SQL: SELECT COUNT(*) AS tp_count FROM `hs_order` WHERE `status` = 6 LIMIT 1   [ RunTime:0.0003s ]
NOTIC: [8] Undefined index: member /private/var/www/html/hospital/Application/Common/Common/function.php 第 1014 行.
SQL: SHOW COLUMNS FROM `hs_order` [ RunTime:0.0004s ]
NOTIC: [8] Undefined index: default- /private/var/www/html/hospital/ThinkPHP/Library/Think/Db/Driver/Mysql.class.php 第 67 行.
NOTIC: [8] Undefined index: default- /private/var/www/html/hospital/ThinkPHP/Library/Think/Db/Driver/Mysql.class.php 第 67 行.
NOTIC: [8] Undefined index: default- /private/var/www/html/hospital/ThinkPHP/Library/Think/Db/Driver/Mysql.class.php 第 67 行.
NOTIC: [8] Undefined index: default- /private/var/www/html/hospital/ThinkPHP/Library/Think/Db/Driver/Mysql.class.php 第 67 行.
NOTIC: [8] Undefined index: default- /private/var/www/html/hospital/ThinkPHP/Library/Think/Db/Driver/Mysql.class.php 第 67 行.
NOTIC: [8] Undefined index: default- /private/var/www/html/hospital/ThinkPHP/Library/Think/Db/Driver/Mysql.class.php 第 67 行.
NOTIC: [8] Undefined index: default- /private/var/www/html/hospital/ThinkPHP/Library/Think/Db/Driver/Mysql.class.php 第 67 行.
NOTIC: [8] Undefined index: default- /private/var/www/html/hospital/ThinkPHP/Library/Think/Db/Driver/Mysql.class.php 第 67 行.
NOTIC: [8] Undefined index: default- /private/var/www/html/hospital/ThinkPHP/Library/Think/Db/Driver/Mysql.class.php 第 67 行.
SQL: SELECT COUNT(*) AS tp_count FROM `hs_order` WHERE `status` = 1 LIMIT 1   [ RunTime:0.0002s ]
NOTIC: [8] Undefined index: member /private/var/www/html/hospital/Application/Common/Common/function.php 第 1014 行.
SQL: SELECT COUNT(*) AS tp_count FROM `hs_order` WHERE `status` = 6 LIMIT 1   [ RunTime:0.0002s ]
NOTIC: [2048] Declaration of Admin\Model\NavModel::getTreeData() should be compatible with Admin\Model\BaseModel::getTreeData($type = 'tree', $order = '', $name = 'name', $child = 'id', $parent = 'pid') /private/var/www/html/hospital/Application/Admin/Model/NavModel.class.php 第 8 行.
SQL: SHOW COLUMNS FROM `hs_nav` [ RunTime:0.0021s ]
NOTIC: [8] Undefined index: default- /private/var/www/html/hospital/ThinkPHP/Library/Think/Db/Driver/Mysql.class.php 第 67 行.
NOTIC: [8] Undefined index: default- /private/var/www/html/hospital/ThinkPHP/Library/Think/Db/Driver/Mysql.class.php 第 67 行.
NOTIC: [8] Undefined index: default- /private/var/www/html/hospital/ThinkPHP/Library/Think/Db/Driver/Mysql.class.php 第 67 行.
NOTIC: [8] Undefined index: default- /private/var/www/html/hospital/ThinkPHP/Library/Think/Db/Driver/Mysql.class.php 第 67 行.
NOTIC: [8] Undefined index: default- /private/var/www/html/hospital/ThinkPHP/Library/Think/Db/Driver/Mysql.class.php 第 67 行.
NOTIC: [8] Undefined index: default- /private/var/www/html/hospital/ThinkPHP/Library/Think/Db/Driver/Mysql.class.php 第 67 行.
SQL: SELECT * FROM `hs_nav` ORDER BY order_number is null,order_number,id  [ RunTime:0.0014s ]
SQL: SHOW COLUMNS FROM `hs_auth_group_access` [ RunTime:0.0007s ]
NOTIC: [8] Undefined index: default- /private/var/www/html/hospital/ThinkPHP/Library/Think/Db/Driver/Mysql.class.php 第 67 行.
NOTIC: [8] Undefined index: default- /private/var/www/html/hospital/ThinkPHP/Library/Think/Db/Driver/Mysql.class.php 第 67 行.
SQL: SELECT `uid`,`group_id`,`title`,`rules` FROM hs_auth_group_access a INNER JOIN hs_auth_group g on a.group_id=g.id  WHERE ( a.uid='1' and g.status='1' )  [ RunTime:0.0005s ]
SQL: SHOW COLUMNS FROM `hs_auth_rule` [ RunTime:0.0007s ]
NOTIC: [8] Undefined index: default- /private/var/www/html/hospital/ThinkPHP/Library/Think/Db/Driver/Mysql.class.php 第 67 行.
NOTIC: [8] Undefined index: default- /private/var/www/html/hospital/ThinkPHP/Library/Think/Db/Driver/Mysql.class.php 第 67 行.
NOTIC: [8] Undefined index: default- /private/var/www/html/hospital/ThinkPHP/Library/Think/Db/Driver/Mysql.class.php 第 67 行.
NOTIC: [8] Undefined index: default- /private/var/www/html/hospital/ThinkPHP/Library/Think/Db/Driver/Mysql.class.php 第 67 行.
NOTIC: [8] Undefined index: default- /private/var/www/html/hospital/ThinkPHP/Library/Think/Db/Driver/Mysql.class.php 第 67 行.
NOTIC: [8] Undefined index: default- /private/var/www/html/hospital/ThinkPHP/Library/Think/Db/Driver/Mysql.class.php 第 67 行.
NOTIC: [8] Undefined index: default- /private/var/www/html/hospital/ThinkPHP/Library/Think/Db/Driver/Mysql.class.php 第 67 行.
SQL: SELECT `condition`,`name` FROM `hs_auth_rule` WHERE `id` IN ('1','2','3','4','5','6','7','8','9','10','11','12','13','14','15','16','17','18','19','20','77','78','79') AND `type` = 1 AND `status` = 1  [ RunTime:0.0005s ]
NOTIC: [8] Use of undefined constant url - assumed 'url' /private/var/www/html/hospital/Runtime/Cache/Admin/b595b808c2ebeeeb0478ffc30bb4e87a.php 第 144 行.
NOTIC: [8] Use of undefined constant url - assumed 'url' /private/var/www/html/hospital/Runtime/Cache/Admin/b595b808c2ebeeeb0478ffc30bb4e87a.php 第 144 行.
NOTIC: [8] Use of undefined constant url - assumed 'url' /private/var/www/html/hospital/Runtime/Cache/Admin/b595b808c2ebeeeb0478ffc30bb4e87a.php 第 144 行.
NOTIC: [8] Use of undefined constant url - assumed 'url' /private/var/www/html/hospital/Runtime/Cache/Admin/b595b808c2ebeeeb0478ffc30bb4e87a.php 第 144 行.
NOTIC: [8] Use of undefined constant url - assumed 'url' /private/var/www/html/hospital/Runtime/Cache/Admin/b595b808c2ebeeeb0478ffc30bb4e87a.php 第 144 行.
NOTIC: [8] Use of undefined constant url - assumed 'url' /private/var/www/html/hospital/Runtime/Cache/Admin/b595b808c2ebeeeb0478ffc30bb4e87a.php 第 144 行.
NOTIC: [8] Use of undefined constant url - assumed 'url' /private/var/www/html/hospital/Runtime/Cache/Admin/b595b808c2ebeeeb0478ffc30bb4e87a.php 第 144 行.
NOTIC: [8] Use of undefined constant url - assumed 'url' /private/var/www/html/hospital/Runtime/Cache/Admin/b595b808c2ebeeeb0478ffc30bb4e87a.php 第 144 行.
INFO: Run Behavior\ParseTemplateBehavior [ RunTime:0.061728s ]
INFO: [ view_parse ] --END-- [ RunTime:0.061771s ]
INFO: [ view_filter ] --START--
INFO: Run Behavior\WriteHtmlCacheBehavior [ RunTime:0.000158s ]
INFO: [ view_filter ] --END-- [ RunTime:0.000182s ]
INFO: [ app_end ] --START--
INFO: Run Behavior\ShowPageTraceBehavior [ RunTime:0.000428s ]
INFO: [ app_end ] --END-- [ RunTime:0.000474s ]

[ 2017-03-17T10:51:07+08:00 ] ::1 /hospital/index.php/Admin/Dealer/index.html
INFO: [ app_init ] --START--
INFO: Run Behavior\BuildLiteBehavior [ RunTime:0.000021s ]
INFO: [ app_init ] --END-- [ RunTime:0.000568s ]
INFO: [ app_begin ] --START--
INFO: Run Behavior\ReadHtmlCacheBehavior [ RunTime:0.000292s ]
INFO: [ app_begin ] --END-- [ RunTime:0.000331s ]
SQL: SHOW COLUMNS FROM `hs_auth_group_access` [ RunTime:0.0005s ]
NOTIC: [8] Undefined index: default- /private/var/www/html/hospital/ThinkPHP/Library/Think/Db/Driver/Mysql.class.php 第 67 行.
NOTIC: [8] Undefined index: default- /private/var/www/html/hospital/ThinkPHP/Library/Think/Db/Driver/Mysql.class.php 第 67 行.
SQL: SELECT `uid`,`group_id`,`title`,`rules` FROM hs_auth_group_access a INNER JOIN hs_auth_group g on a.group_id=g.id  WHERE ( a.uid='0' and g.status='1' )  [ RunTime:0.0004s ]
SQL: SHOW COLUMNS FROM `hs_auth_rule` [ RunTime:0.0005s ]
NOTIC: [8] Undefined index: default- /private/var/www/html/hospital/ThinkPHP/Library/Think/Db/Driver/Mysql.class.php 第 67 行.
NOTIC: [8] Undefined index: default- /private/var/www/html/hospital/ThinkPHP/Library/Think/Db/Driver/Mysql.class.php 第 67 行.
NOTIC: [8] Undefined index: default- /private/var/www/html/hospital/ThinkPHP/Library/Think/Db/Driver/Mysql.class.php 第 67 行.
NOTIC: [8] Undefined index: default- /private/var/www/html/hospital/ThinkPHP/Library/Think/Db/Driver/Mysql.class.php 第 67 行.
NOTIC: [8] Undefined index: default- /private/var/www/html/hospital/ThinkPHP/Library/Think/Db/Driver/Mysql.class.php 第 67 行.
NOTIC: [8] Undefined index: default- /private/var/www/html/hospital/ThinkPHP/Library/Think/Db/Driver/Mysql.class.php 第 67 行.
NOTIC: [8] Undefined index: default- /private/var/www/html/hospital/ThinkPHP/Library/Think/Db/Driver/Mysql.class.php 第 67 行.
SQL: SELECT `condition`,`name` FROM `hs_auth_rule` WHERE `id` IN ('2','21','22','3','19','20','32','33','35') AND `type` = 1 AND `status` = 1  [ RunTime:0.0003s ]
SQL: SHOW COLUMNS FROM `hs_dealer` [ RunTime:0.0021s ]
NOTIC: [8] Undefined index: default- /private/var/www/html/hospital/ThinkPHP/Library/Think/Db/Driver/Mysql.class.php 第 67 行.
NOTIC: [8] Undefined index: default- /private/var/www/html/hospital/ThinkPHP/Library/Think/Db/Driver/Mysql.class.php 第 67 行.
NOTIC: [8] Undefined index: default- /private/var/www/html/hospital/ThinkPHP/Library/Think/Db/Driver/Mysql.class.php 第 67 行.
NOTIC: [8] Undefined index: default- /private/var/www/html/hospital/ThinkPHP/Library/Think/Db/Driver/Mysql.class.php 第 67 行.
NOTIC: [8] Undefined index: default- /private/var/www/html/hospital/ThinkPHP/Library/Think/Db/Driver/Mysql.class.php 第 67 行.
NOTIC: [8] Undefined index: default- /private/var/www/html/hospital/ThinkPHP/Library/Think/Db/Driver/Mysql.class.php 第 67 行.
NOTIC: [8] Undefined index: default- /private/var/www/html/hospital/ThinkPHP/Library/Think/Db/Driver/Mysql.class.php 第 67 行.
NOTIC: [8] Undefined index: default- /private/var/www/html/hospital/ThinkPHP/Library/Think/Db/Driver/Mysql.class.php 第 67 行.
NOTIC: [8] Undefined index: default- /private/var/www/html/hospital/ThinkPHP/Library/Think/Db/Driver/Mysql.class.php 第 67 行.
NOTIC: [8] Undefined index: default- /private/var/www/html/hospital/ThinkPHP/Library/Think/Db/Driver/Mysql.class.php 第 67 行.
NOTIC: [8] Undefined index: default- /private/var/www/html/hospital/ThinkPHP/Library/Think/Db/Driver/Mysql.class.php 第 67 行.
SQL: SELECT COUNT(*) AS tp_count FROM `hs_dealer` LIMIT 1   [ RunTime:0.0002s ]
SQL: SELECT * FROM `hs_dealer` LIMIT 0,10   [ RunTime:0.0007s ]
NOTIC: [8] Undefined variable: the_first /private/var/www/html/hospital/ThinkPHP/Library/Org/Nx/Page.class.php 第 127 行.
NOTIC: [8] Undefined variable: the_end /private/var/www/html/hospital/ThinkPHP/Library/Org/Nx/Page.class.php 第 127 行.
NOTIC: [8] Undefined variable: the_first /private/var/www/html/hospital/ThinkPHP/Library/Org/Nx/Page.class.php 第 131 行.
NOTIC: [8] Undefined variable: the_end /private/var/www/html/hospital/ThinkPHP/Library/Org/Nx/Page.class.php 第 131 行.
INFO: [ view_parse ] --START--
INFO: [ template_filter ] --START--
INFO: Run Behavior\ContentReplaceBehavior [ RunTime:0.000086s ]
INFO: [ template_filter ] --END-- [ RunTime:0.000125s ]
NOTIC: [8] Undefined index: member /private/var/www/html/hospital/Application/Common/Common/function.php 第 1014 行.
SQL: SHOW COLUMNS FROM `hs_order` [ RunTime:0.0005s ]
NOTIC: [8] Undefined index: default- /private/var/www/html/hospital/ThinkPHP/Library/Think/Db/Driver/Mysql.class.php 第 67 行.
NOTIC: [8] Undefined index: default- /private/var/www/html/hospital/ThinkPHP/Library/Think/Db/Driver/Mysql.class.php 第 67 行.
NOTIC: [8] Undefined index: default- /private/var/www/html/hospital/ThinkPHP/Library/Think/Db/Driver/Mysql.class.php 第 67 行.
NOTIC: [8] Undefined index: default- /private/var/www/html/hospital/ThinkPHP/Library/Think/Db/Driver/Mysql.class.php 第 67 行.
NOTIC: [8] Undefined index: default- /private/var/www/html/hospital/ThinkPHP/Library/Think/Db/Driver/Mysql.class.php 第 67 行.
NOTIC: [8] Undefined index: default- /private/var/www/html/hospital/ThinkPHP/Library/Think/Db/Driver/Mysql.class.php 第 67 行.
NOTIC: [8] Undefined index: default- /private/var/www/html/hospital/ThinkPHP/Library/Think/Db/Driver/Mysql.class.php 第 67 行.
NOTIC: [8] Undefined index: default- /private/var/www/html/hospital/ThinkPHP/Library/Think/Db/Driver/Mysql.class.php 第 67 行.
NOTIC: [8] Undefined index: default- /private/var/www/html/hospital/ThinkPHP/Library/Think/Db/Driver/Mysql.class.php 第 67 行.
SQL: SELECT COUNT(*) AS tp_count FROM `hs_order` WHERE `status` = 1 LIMIT 1   [ RunTime:0.0002s ]
NOTIC: [8] Undefined index: member /private/var/www/html/hospital/Application/Common/Common/function.php 第 1014 行.
SQL: SELECT COUNT(*) AS tp_count FROM `hs_order` WHERE `status` = 6 LIMIT 1   [ RunTime:0.0002s ]
NOTIC: [8] Undefined index: member /private/var/www/html/hospital/Application/Common/Common/function.php 第 1014 行.
SQL: SHOW COLUMNS FROM `hs_order` [ RunTime:0.0004s ]
NOTIC: [8] Undefined index: default- /private/var/www/html/hospital/ThinkPHP/Library/Think/Db/Driver/Mysql.class.php 第 67 行.
NOTIC: [8] Undefined index: default- /private/var/www/html/hospital/ThinkPHP/Library/Think/Db/Driver/Mysql.class.php 第 67 行.
NOTIC: [8] Undefined index: default- /private/var/www/html/hospital/ThinkPHP/Library/Think/Db/Driver/Mysql.class.php 第 67 行.
NOTIC: [8] Undefined index: default- /private/var/www/html/hospital/ThinkPHP/Library/Think/Db/Driver/Mysql.class.php 第 67 行.
NOTIC: [8] Undefined index: default- /private/var/www/html/hospital/ThinkPHP/Library/Think/Db/Driver/Mysql.class.php 第 67 行.
NOTIC: [8] Undefined index: default- /private/var/www/html/hospital/ThinkPHP/Library/Think/Db/Driver/Mysql.class.php 第 67 行.
NOTIC: [8] Undefined index: default- /private/var/www/html/hospital/ThinkPHP/Library/Think/Db/Driver/Mysql.class.php 第 67 行.
NOTIC: [8] Undefined index: default- /private/var/www/html/hospital/ThinkPHP/Library/Think/Db/Driver/Mysql.class.php 第 67 行.
NOTIC: [8] Undefined index: default- /private/var/www/html/hospital/ThinkPHP/Library/Think/Db/Driver/Mysql.class.php 第 67 行.
SQL: SELECT COUNT(*) AS tp_count FROM `hs_order` WHERE `status` = 1 LIMIT 1   [ RunTime:0.0002s ]
NOTIC: [8] Undefined index: member /private/var/www/html/hospital/Application/Common/Common/function.php 第 1014 行.
SQL: SELECT COUNT(*) AS tp_count FROM `hs_order` WHERE `status` = 6 LIMIT 1   [ RunTime:0.0002s ]
NOTIC: [2048] Declaration of Admin\Model\NavModel::getTreeData() should be compatible with Admin\Model\BaseModel::getTreeData($type = 'tree', $order = '', $name = 'name', $child = 'id', $parent = 'pid') /private/var/www/html/hospital/Application/Admin/Model/NavModel.class.php 第 69 行.
SQL: SHOW COLUMNS FROM `hs_nav` [ RunTime:0.0005s ]
NOTIC: [8] Undefined index: default- /private/var/www/html/hospital/ThinkPHP/Library/Think/Db/Driver/Mysql.class.php 第 67 行.
NOTIC: [8] Undefined index: default- /private/var/www/html/hospital/ThinkPHP/Library/Think/Db/Driver/Mysql.class.php 第 67 行.
NOTIC: [8] Undefined index: default- /private/var/www/html/hospital/ThinkPHP/Library/Think/Db/Driver/Mysql.class.php 第 67 行.
NOTIC: [8] Undefined index: default- /private/var/www/html/hospital/ThinkPHP/Library/Think/Db/Driver/Mysql.class.php 第 67 行.
NOTIC: [8] Undefined index: default- /private/var/www/html/hospital/ThinkPHP/Library/Think/Db/Driver/Mysql.class.php 第 67 行.
NOTIC: [8] Undefined index: default- /private/var/www/html/hospital/ThinkPHP/Library/Think/Db/Driver/Mysql.class.php 第 67 行.
SQL: SELECT * FROM `hs_nav` ORDER BY order_number is null,order_number,id  [ RunTime:0.0003s ]
SQL: SHOW COLUMNS FROM `hs_auth_group_access` [ RunTime:0.0004s ]
NOTIC: [8] Undefined index: default- /private/var/www/html/hospital/ThinkPHP/Library/Think/Db/Driver/Mysql.class.php 第 67 行.
NOTIC: [8] Undefined index: default- /private/var/www/html/hospital/ThinkPHP/Library/Think/Db/Driver/Mysql.class.php 第 67 行.
SQL: SELECT `uid`,`group_id`,`title`,`rules` FROM hs_auth_group_access a INNER JOIN hs_auth_group g on a.group_id=g.id  WHERE ( a.uid='1' and g.status='1' )  [ RunTime:0.0003s ]
SQL: SHOW COLUMNS FROM `hs_auth_rule` [ RunTime:0.0004s ]
NOTIC: [8] Undefined index: default- /private/var/www/html/hospital/ThinkPHP/Library/Think/Db/Driver/Mysql.class.php 第 67 行.
NOTIC: [8] Undefined index: default- /private/var/www/html/hospital/ThinkPHP/Library/Think/Db/Driver/Mysql.class.php 第 67 行.
NOTIC: [8] Undefined index: default- /private/var/www/html/hospital/ThinkPHP/Library/Think/Db/Driver/Mysql.class.php 第 67 行.
NOTIC: [8] Undefined index: default- /private/var/www/html/hospital/ThinkPHP/Library/Think/Db/Driver/Mysql.class.php 第 67 行.
NOTIC: [8] Undefined index: default- /private/var/www/html/hospital/ThinkPHP/Library/Think/Db/Driver/Mysql.class.php 第 67 行.
NOTIC: [8] Undefined index: default- /private/var/www/html/hospital/ThinkPHP/Library/Think/Db/Driver/Mysql.class.php 第 67 行.
NOTIC: [8] Undefined index: default- /private/var/www/html/hospital/ThinkPHP/Library/Think/Db/Driver/Mysql.class.php 第 67 行.
SQL: SELECT `condition`,`name` FROM `hs_auth_rule` WHERE `id` IN ('1','2','3','4','5','6','7','8','9','10','11','12','13','14','15','16','17','18','19','20','77','78','79') AND `type` = 1 AND `status` = 1  [ RunTime:0.0003s ]
NOTIC: [8] Use of undefined constant url - assumed 'url' /private/var/www/html/hospital/Runtime/Cache/Admin/d60922d909bd7450a1bfd723b63158fd.php 第 142 行.
NOTIC: [8] Use of undefined constant url - assumed 'url' /private/var/www/html/hospital/Runtime/Cache/Admin/d60922d909bd7450a1bfd723b63158fd.php 第 142 行.
NOTIC: [8] Use of undefined constant url - assumed 'url' /private/var/www/html/hospital/Runtime/Cache/Admin/d60922d909bd7450a1bfd723b63158fd.php 第 142 行.
NOTIC: [8] Use of undefined constant url - assumed 'url' /private/var/www/html/hospital/Runtime/Cache/Admin/d60922d909bd7450a1bfd723b63158fd.php 第 142 行.
NOTIC: [8] Use of undefined constant url - assumed 'url' /private/var/www/html/hospital/Runtime/Cache/Admin/d60922d909bd7450a1bfd723b63158fd.php 第 142 行.
NOTIC: [8] Use of undefined constant url - assumed 'url' /private/var/www/html/hospital/Runtime/Cache/Admin/d60922d909bd7450a1bfd723b63158fd.php 第 142 行.
NOTIC: [8] Use of undefined constant url - assumed 'url' /private/var/www/html/hospital/Runtime/Cache/Admin/d60922d909bd7450a1bfd723b63158fd.php 第 142 行.
NOTIC: [8] Use of undefined constant url - assumed 'url' /private/var/www/html/hospital/Runtime/Cache/Admin/d60922d909bd7450a1bfd723b63158fd.php 第 142 行.
INFO: Run Behavior\ParseTemplateBehavior [ RunTime:0.025146s ]
INFO: [ view_parse ] --END-- [ RunTime:0.025187s ]
INFO: [ view_filter ] --START--
INFO: Run Behavior\WriteHtmlCacheBehavior [ RunTime:0.000150s ]
INFO: [ view_filter ] --END-- [ RunTime:0.000172s ]
INFO: [ app_end ] --START--
INFO: Run Behavior\ShowPageTraceBehavior [ RunTime:0.000484s ]
INFO: [ app_end ] --END-- [ RunTime:0.000518s ]

[ 2017-03-17T10:51:09+08:00 ] ::1 /hospital/index.php/Admin/Dealer/add.html
INFO: [ app_init ] --START--
INFO: Run Behavior\BuildLiteBehavior [ RunTime:0.000023s ]
INFO: [ app_init ] --END-- [ RunTime:0.000360s ]
INFO: [ app_begin ] --START--
INFO: Run Behavior\ReadHtmlCacheBehavior [ RunTime:0.000329s ]
INFO: [ app_begin ] --END-- [ RunTime:0.000427s ]
SQL: SHOW COLUMNS FROM `hs_auth_group_access` [ RunTime:0.0005s ]
NOTIC: [8] Undefined index: default- /private/var/www/html/hospital/ThinkPHP/Library/Think/Db/Driver/Mysql.class.php 第 67 行.
NOTIC: [8] Undefined index: default- /private/var/www/html/hospital/ThinkPHP/Library/Think/Db/Driver/Mysql.class.php 第 67 行.
SQL: SELECT `uid`,`group_id`,`title`,`rules` FROM hs_auth_group_access a INNER JOIN hs_auth_group g on a.group_id=g.id  WHERE ( a.uid='0' and g.status='1' )  [ RunTime:0.0003s ]
SQL: SHOW COLUMNS FROM `hs_auth_rule` [ RunTime:0.0005s ]
NOTIC: [8] Undefined index: default- /private/var/www/html/hospital/ThinkPHP/Library/Think/Db/Driver/Mysql.class.php 第 67 行.
NOTIC: [8] Undefined index: default- /private/var/www/html/hospital/ThinkPHP/Library/Think/Db/Driver/Mysql.class.php 第 67 行.
NOTIC: [8] Undefined index: default- /private/var/www/html/hospital/ThinkPHP/Library/Think/Db/Driver/Mysql.class.php 第 67 行.
NOTIC: [8] Undefined index: default- /private/var/www/html/hospital/ThinkPHP/Library/Think/Db/Driver/Mysql.class.php 第 67 行.
NOTIC: [8] Undefined index: default- /private/var/www/html/hospital/ThinkPHP/Library/Think/Db/Driver/Mysql.class.php 第 67 行.
NOTIC: [8] Undefined index: default- /private/var/www/html/hospital/ThinkPHP/Library/Think/Db/Driver/Mysql.class.php 第 67 行.
NOTIC: [8] Undefined index: default- /private/var/www/html/hospital/ThinkPHP/Library/Think/Db/Driver/Mysql.class.php 第 67 行.
SQL: SELECT `condition`,`name` FROM `hs_auth_rule` WHERE `id` IN ('2','21','22','3','19','20','32','33','35') AND `type` = 1 AND `status` = 1  [ RunTime:0.0002s ]
INFO: [ view_parse ] --START--
INFO: [ template_filter ] --START--
INFO: Run Behavior\ContentReplaceBehavior [ RunTime:0.000048s ]
INFO: [ template_filter ] --END-- [ RunTime:0.000085s ]
NOTIC: [8] Undefined index: member /private/var/www/html/hospital/Application/Common/Common/function.php 第 1014 行.
SQL: SHOW COLUMNS FROM `hs_order` [ RunTime:0.0005s ]
NOTIC: [8] Undefined index: default- /private/var/www/html/hospital/ThinkPHP/Library/Think/Db/Driver/Mysql.class.php 第 67 行.
NOTIC: [8] Undefined index: default- /private/var/www/html/hospital/ThinkPHP/Library/Think/Db/Driver/Mysql.class.php 第 67 行.
NOTIC: [8] Undefined index: default- /private/var/www/html/hospital/ThinkPHP/Library/Think/Db/Driver/Mysql.class.php 第 67 行.
NOTIC: [8] Undefined index: default- /private/var/www/html/hospital/ThinkPHP/Library/Think/Db/Driver/Mysql.class.php 第 67 行.
NOTIC: [8] Undefined index: default- /private/var/www/html/hospital/ThinkPHP/Library/Think/Db/Driver/Mysql.class.php 第 67 行.
NOTIC: [8] Undefined index: default- /private/var/www/html/hospital/ThinkPHP/Library/Think/Db/Driver/Mysql.class.php 第 67 行.
NOTIC: [8] Undefined index: default- /private/var/www/html/hospital/ThinkPHP/Library/Think/Db/Driver/Mysql.class.php 第 67 行.
NOTIC: [8] Undefined index: default- /private/var/www/html/hospital/ThinkPHP/Library/Think/Db/Driver/Mysql.class.php 第 67 行.
NOTIC: [8] Undefined index: default- /private/var/www/html/hospital/ThinkPHP/Library/Think/Db/Driver/Mysql.class.php 第 67 行.
SQL: SELECT COUNT(*) AS tp_count FROM `hs_order` WHERE `status` = 1 LIMIT 1   [ RunTime:0.0002s ]
NOTIC: [8] Undefined index: member /private/var/www/html/hospital/Application/Common/Common/function.php 第 1014 行.
SQL: SELECT COUNT(*) AS tp_count FROM `hs_order` WHERE `status` = 6 LIMIT 1   [ RunTime:0.0002s ]
NOTIC: [8] Undefined index: member /private/var/www/html/hospital/Application/Common/Common/function.php 第 1014 行.
SQL: SHOW COLUMNS FROM `hs_order` [ RunTime:0.0004s ]
NOTIC: [8] Undefined index: default- /private/var/www/html/hospital/ThinkPHP/Library/Think/Db/Driver/Mysql.class.php 第 67 行.
NOTIC: [8] Undefined index: default- /private/var/www/html/hospital/ThinkPHP/Library/Think/Db/Driver/Mysql.class.php 第 67 行.
NOTIC: [8] Undefined index: default- /private/var/www/html/hospital/ThinkPHP/Library/Think/Db/Driver/Mysql.class.php 第 67 行.
NOTIC: [8] Undefined index: default- /private/var/www/html/hospital/ThinkPHP/Library/Think/Db/Driver/Mysql.class.php 第 67 行.
NOTIC: [8] Undefined index: default- /private/var/www/html/hospital/ThinkPHP/Library/Think/Db/Driver/Mysql.class.php 第 67 行.
NOTIC: [8] Undefined index: default- /private/var/www/html/hospital/ThinkPHP/Library/Think/Db/Driver/Mysql.class.php 第 67 行.
NOTIC: [8] Undefined index: default- /private/var/www/html/hospital/ThinkPHP/Library/Think/Db/Driver/Mysql.class.php 第 67 行.
NOTIC: [8] Undefined index: default- /private/var/www/html/hospital/ThinkPHP/Library/Think/Db/Driver/Mysql.class.php 第 67 行.
NOTIC: [8] Undefined index: default- /private/var/www/html/hospital/ThinkPHP/Library/Think/Db/Driver/Mysql.class.php 第 67 行.
SQL: SELECT COUNT(*) AS tp_count FROM `hs_order` WHERE `status` = 1 LIMIT 1   [ RunTime:0.0002s ]
NOTIC: [8] Undefined index: member /private/var/www/html/hospital/Application/Common/Common/function.php 第 1014 行.
SQL: SELECT COUNT(*) AS tp_count FROM `hs_order` WHERE `status` = 6 LIMIT 1   [ RunTime:0.0002s ]
NOTIC: [2048] Declaration of Admin\Model\NavModel::getTreeData() should be compatible with Admin\Model\BaseModel::getTreeData($type = 'tree', $order = '', $name = 'name', $child = 'id', $parent = 'pid') /private/var/www/html/hospital/Application/Admin/Model/NavModel.class.php 第 8 行.
SQL: SHOW COLUMNS FROM `hs_nav` [ RunTime:0.0006s ]
NOTIC: [8] Undefined index: default- /private/var/www/html/hospital/ThinkPHP/Library/Think/Db/Driver/Mysql.class.php 第 67 行.
NOTIC: [8] Undefined index: default- /private/var/www/html/hospital/ThinkPHP/Library/Think/Db/Driver/Mysql.class.php 第 67 行.
NOTIC: [8] Undefined index: default- /private/var/www/html/hospital/ThinkPHP/Library/Think/Db/Driver/Mysql.class.php 第 67 行.
NOTIC: [8] Undefined index: default- /private/var/www/html/hospital/ThinkPHP/Library/Think/Db/Driver/Mysql.class.php 第 67 行.
NOTIC: [8] Undefined index: default- /private/var/www/html/hospital/ThinkPHP/Library/Think/Db/Driver/Mysql.class.php 第 67 行.
NOTIC: [8] Undefined index: default- /private/var/www/html/hospital/ThinkPHP/Library/Think/Db/Driver/Mysql.class.php 第 67 行.
SQL: SELECT * FROM `hs_nav` ORDER BY order_number is null,order_number,id  [ RunTime:0.0003s ]
SQL: SHOW COLUMNS FROM `hs_auth_group_access` [ RunTime:0.0004s ]
NOTIC: [8] Undefined index: default- /private/var/www/html/hospital/ThinkPHP/Library/Think/Db/Driver/Mysql.class.php 第 67 行.
NOTIC: [8] Undefined index: default- /private/var/www/html/hospital/ThinkPHP/Library/Think/Db/Driver/Mysql.class.php 第 67 行.
SQL: SELECT `uid`,`group_id`,`title`,`rules` FROM hs_auth_group_access a INNER JOIN hs_auth_group g on a.group_id=g.id  WHERE ( a.uid='1' and g.status='1' )  [ RunTime:0.0003s ]
SQL: SHOW COLUMNS FROM `hs_auth_rule` [ RunTime:0.0004s ]
NOTIC: [8] Undefined index: default- /private/var/www/html/hospital/ThinkPHP/Library/Think/Db/Driver/Mysql.class.php 第 67 行.
NOTIC: [8] Undefined index: default- /private/var/www/html/hospital/ThinkPHP/Library/Think/Db/Driver/Mysql.class.php 第 67 行.
NOTIC: [8] Undefined index: default- /private/var/www/html/hospital/ThinkPHP/Library/Think/Db/Driver/Mysql.class.php 第 67 行.
NOTIC: [8] Undefined index: default- /private/var/www/html/hospital/ThinkPHP/Library/Think/Db/Driver/Mysql.class.php 第 67 行.
NOTIC: [8] Undefined index: default- /private/var/www/html/hospital/ThinkPHP/Library/Think/Db/Driver/Mysql.class.php 第 67 行.
NOTIC: [8] Undefined index: default- /private/var/www/html/hospital/ThinkPHP/Library/Think/Db/Driver/Mysql.class.php 第 67 行.
NOTIC: [8] Undefined index: default- /private/var/www/html/hospital/ThinkPHP/Library/Think/Db/Driver/Mysql.class.php 第 67 行.
SQL: SELECT `condition`,`name` FROM `hs_auth_rule` WHERE `id` IN ('1','2','3','4','5','6','7','8','9','10','11','12','13','14','15','16','17','18','19','20','77','78','79') AND `type` = 1 AND `status` = 1  [ RunTime:0.0005s ]
NOTIC: [8] Use of undefined constant url - assumed 'url' /private/var/www/html/hospital/Runtime/Cache/Admin/461eaa7cd87d195e3bd0dbcf3ba5b05a.php 第 135 行.
NOTIC: [8] Use of undefined constant url - assumed 'url' /private/var/www/html/hospital/Runtime/Cache/Admin/461eaa7cd87d195e3bd0dbcf3ba5b05a.php 第 135 行.
NOTIC: [8] Use of undefined constant url - assumed 'url' /private/var/www/html/hospital/Runtime/Cache/Admin/461eaa7cd87d195e3bd0dbcf3ba5b05a.php 第 135 行.
NOTIC: [8] Use of undefined constant url - assumed 'url' /private/var/www/html/hospital/Runtime/Cache/Admin/461eaa7cd87d195e3bd0dbcf3ba5b05a.php 第 135 行.
NOTIC: [8] Use of undefined constant url - assumed 'url' /private/var/www/html/hospital/Runtime/Cache/Admin/461eaa7cd87d195e3bd0dbcf3ba5b05a.php 第 135 行.
NOTIC: [8] Use of undefined constant url - assumed 'url' /private/var/www/html/hospital/Runtime/Cache/Admin/461eaa7cd87d195e3bd0dbcf3ba5b05a.php 第 135 行.
NOTIC: [8] Use of undefined constant url - assumed 'url' /private/var/www/html/hospital/Runtime/Cache/Admin/461eaa7cd87d195e3bd0dbcf3ba5b05a.php 第 135 行.
NOTIC: [8] Use of undefined constant url - assumed 'url' /private/var/www/html/hospital/Runtime/Cache/Admin/461eaa7cd87d195e3bd0dbcf3ba5b05a.php 第 135 行.
NOTIC: [8] Undefined variable: vo /private/var/www/html/hospital/Runtime/Cache/Admin/461eaa7cd87d195e3bd0dbcf3ba5b05a.php 第 157 行.
NOTIC: [8] Undefined variable: vo /private/var/www/html/hospital/Runtime/Cache/Admin/461eaa7cd87d195e3bd0dbcf3ba5b05a.php 第 158 行.
NOTIC: [8] Undefined variable: vo /private/var/www/html/hospital/Runtime/Cache/Admin/461eaa7cd87d195e3bd0dbcf3ba5b05a.php 第 159 行.
NOTIC: [8] Undefined variable: vo /private/var/www/html/hospital/Runtime/Cache/Admin/461eaa7cd87d195e3bd0dbcf3ba5b05a.php 第 160 行.
NOTIC: [8] Undefined variable: vo /private/var/www/html/hospital/Runtime/Cache/Admin/461eaa7cd87d195e3bd0dbcf3ba5b05a.php 第 161 行.
NOTIC: [8] Undefined variable: vo /private/var/www/html/hospital/Runtime/Cache/Admin/461eaa7cd87d195e3bd0dbcf3ba5b05a.php 第 162 行.
NOTIC: [8] Undefined variable: vo /private/var/www/html/hospital/Runtime/Cache/Admin/461eaa7cd87d195e3bd0dbcf3ba5b05a.php 第 163 行.
NOTIC: [8] Undefined variable: data /private/var/www/html/hospital/Runtime/Cache/Admin/461eaa7cd87d195e3bd0dbcf3ba5b05a.php 第 169 行.
NOTIC: [8] Undefined variable: data /private/var/www/html/hospital/Runtime/Cache/Admin/461eaa7cd87d195e3bd0dbcf3ba5b05a.php 第 178 行.
NOTIC: [8] Undefined variable: data /private/var/www/html/hospital/Runtime/Cache/Admin/461eaa7cd87d195e3bd0dbcf3ba5b05a.php 第 187 行.
INFO: Run Behavior\ParseTemplateBehavior [ RunTime:0.021719s ]
INFO: [ view_parse ] --END-- [ RunTime:0.021753s ]
INFO: [ view_filter ] --START--
INFO: Run Behavior\WriteHtmlCacheBehavior [ RunTime:0.000242s ]
INFO: [ view_filter ] --END-- [ RunTime:0.000267s ]
INFO: [ app_end ] --START--
INFO: Run Behavior\ShowPageTraceBehavior [ RunTime:0.000410s ]
INFO: [ app_end ] --END-- [ RunTime:0.000451s ]

[ 2017-03-17T10:55:02+08:00 ] ::1 /hospital/index.php/Admin/Dealer/add.html
INFO: [ app_init ] --START--
INFO: Run Behavior\BuildLiteBehavior [ RunTime:0.000014s ]
INFO: [ app_init ] --END-- [ RunTime:0.000495s ]
INFO: [ app_begin ] --START--
INFO: Run Behavior\ReadHtmlCacheBehavior [ RunTime:0.000522s ]
INFO: [ app_begin ] --END-- [ RunTime:0.000568s ]
SQL: SHOW COLUMNS FROM `hs_auth_group_access` [ RunTime:0.0005s ]
NOTIC: [8] Undefined index: default- /private/var/www/html/hospital/ThinkPHP/Library/Think/Db/Driver/Mysql.class.php 第 67 行.
NOTIC: [8] Undefined index: default- /private/var/www/html/hospital/ThinkPHP/Library/Think/Db/Driver/Mysql.class.php 第 67 行.
SQL: SELECT `uid`,`group_id`,`title`,`rules` FROM hs_auth_group_access a INNER JOIN hs_auth_group g on a.group_id=g.id  WHERE ( a.uid='0' and g.status='1' )  [ RunTime:0.0003s ]
SQL: SHOW COLUMNS FROM `hs_auth_rule` [ RunTime:0.0004s ]
NOTIC: [8] Undefined index: default- /private/var/www/html/hospital/ThinkPHP/Library/Think/Db/Driver/Mysql.class.php 第 67 行.
NOTIC: [8] Undefined index: default- /private/var/www/html/hospital/ThinkPHP/Library/Think/Db/Driver/Mysql.class.php 第 67 行.
NOTIC: [8] Undefined index: default- /private/var/www/html/hospital/ThinkPHP/Library/Think/Db/Driver/Mysql.class.php 第 67 行.
NOTIC: [8] Undefined index: default- /private/var/www/html/hospital/ThinkPHP/Library/Think/Db/Driver/Mysql.class.php 第 67 行.
NOTIC: [8] Undefined index: default- /private/var/www/html/hospital/ThinkPHP/Library/Think/Db/Driver/Mysql.class.php 第 67 行.
NOTIC: [8] Undefined index: default- /private/var/www/html/hospital/ThinkPHP/Library/Think/Db/Driver/Mysql.class.php 第 67 行.
NOTIC: [8] Undefined index: default- /private/var/www/html/hospital/ThinkPHP/Library/Think/Db/Driver/Mysql.class.php 第 67 行.
SQL: SELECT `condition`,`name` FROM `hs_auth_rule` WHERE `id` IN ('2','21','22','3','19','20','32','33','35') AND `type` = 1 AND `status` = 1  [ RunTime:0.0003s ]
INFO: [ view_parse ] --START--
INFO: [ template_filter ] --START--
INFO: Run Behavior\ContentReplaceBehavior [ RunTime:0.000089s ]
INFO: [ template_filter ] --END-- [ RunTime:0.000128s ]
NOTIC: [8] Undefined index: member /private/var/www/html/hospital/Application/Common/Common/function.php 第 1014 行.
SQL: SHOW COLUMNS FROM `hs_order` [ RunTime:0.0005s ]
NOTIC: [8] Undefined index: default- /private/var/www/html/hospital/ThinkPHP/Library/Think/Db/Driver/Mysql.class.php 第 67 行.
NOTIC: [8] Undefined index: default- /private/var/www/html/hospital/ThinkPHP/Library/Think/Db/Driver/Mysql.class.php 第 67 行.
NOTIC: [8] Undefined index: default- /private/var/www/html/hospital/ThinkPHP/Library/Think/Db/Driver/Mysql.class.php 第 67 行.
NOTIC: [8] Undefined index: default- /private/var/www/html/hospital/ThinkPHP/Library/Think/Db/Driver/Mysql.class.php 第 67 行.
NOTIC: [8] Undefined index: default- /private/var/www/html/hospital/ThinkPHP/Library/Think/Db/Driver/Mysql.class.php 第 67 行.
NOTIC: [8] Undefined index: default- /private/var/www/html/hospital/ThinkPHP/Library/Think/Db/Driver/Mysql.class.php 第 67 行.
NOTIC: [8] Undefined index: default- /private/var/www/html/hospital/ThinkPHP/Library/Think/Db/Driver/Mysql.class.php 第 67 行.
NOTIC: [8] Undefined index: default- /private/var/www/html/hospital/ThinkPHP/Library/Think/Db/Driver/Mysql.class.php 第 67 行.
NOTIC: [8] Undefined index: default- /private/var/www/html/hospital/ThinkPHP/Library/Think/Db/Driver/Mysql.class.php 第 67 行.
SQL: SELECT COUNT(*) AS tp_count FROM `hs_order` WHERE `status` = 1 LIMIT 1   [ RunTime:0.0002s ]
NOTIC: [8] Undefined index: member /private/var/www/html/hospital/Application/Common/Common/function.php 第 1014 行.
SQL: SELECT COUNT(*) AS tp_count FROM `hs_order` WHERE `status` = 6 LIMIT 1   [ RunTime:0.0003s ]
NOTIC: [8] Undefined index: member /private/var/www/html/hospital/Application/Common/Common/function.php 第 1014 行.
SQL: SHOW COLUMNS FROM `hs_order` [ RunTime:0.0004s ]
NOTIC: [8] Undefined index: default- /private/var/www/html/hospital/ThinkPHP/Library/Think/Db/Driver/Mysql.class.php 第 67 行.
NOTIC: [8] Undefined index: default- /private/var/www/html/hospital/ThinkPHP/Library/Think/Db/Driver/Mysql.class.php 第 67 行.
NOTIC: [8] Undefined index: default- /private/var/www/html/hospital/ThinkPHP/Library/Think/Db/Driver/Mysql.class.php 第 67 行.
NOTIC: [8] Undefined index: default- /private/var/www/html/hospital/ThinkPHP/Library/Think/Db/Driver/Mysql.class.php 第 67 行.
NOTIC: [8] Undefined index: default- /private/var/www/html/hospital/ThinkPHP/Library/Think/Db/Driver/Mysql.class.php 第 67 行.
NOTIC: [8] Undefined index: default- /private/var/www/html/hospital/ThinkPHP/Library/Think/Db/Driver/Mysql.class.php 第 67 行.
NOTIC: [8] Undefined index: default- /private/var/www/html/hospital/ThinkPHP/Library/Think/Db/Driver/Mysql.class.php 第 67 行.
NOTIC: [8] Undefined index: default- /private/var/www/html/hospital/ThinkPHP/Library/Think/Db/Driver/Mysql.class.php 第 67 行.
NOTIC: [8] Undefined index: default- /private/var/www/html/hospital/ThinkPHP/Library/Think/Db/Driver/Mysql.class.php 第 67 行.
SQL: SELECT COUNT(*) AS tp_count FROM `hs_order` WHERE `status` = 1 LIMIT 1   [ RunTime:0.0003s ]
NOTIC: [8] Undefined index: member /private/var/www/html/hospital/Application/Common/Common/function.php 第 1014 行.
SQL: SELECT COUNT(*) AS tp_count FROM `hs_order` WHERE `status` = 6 LIMIT 1   [ RunTime:0.0002s ]
NOTIC: [2048] Declaration of Admin\Model\NavModel::getTreeData() should be compatible with Admin\Model\BaseModel::getTreeData($type = 'tree', $order = '', $name = 'name', $child = 'id', $parent = 'pid') /private/var/www/html/hospital/Application/Admin/Model/NavModel.class.php 第 8 行.
SQL: SHOW COLUMNS FROM `hs_nav` [ RunTime:0.0006s ]
NOTIC: [8] Undefined index: default- /private/var/www/html/hospital/ThinkPHP/Library/Think/Db/Driver/Mysql.class.php 第 67 行.
NOTIC: [8] Undefined index: default- /private/var/www/html/hospital/ThinkPHP/Library/Think/Db/Driver/Mysql.class.php 第 67 行.
NOTIC: [8] Undefined index: default- /private/var/www/html/hospital/ThinkPHP/Library/Think/Db/Driver/Mysql.class.php 第 67 行.
NOTIC: [8] Undefined index: default- /private/var/www/html/hospital/ThinkPHP/Library/Think/Db/Driver/Mysql.class.php 第 67 行.
NOTIC: [8] Undefined index: default- /private/var/www/html/hospital/ThinkPHP/Library/Think/Db/Driver/Mysql.class.php 第 67 行.
NOTIC: [8] Undefined index: default- /private/var/www/html/hospital/ThinkPHP/Library/Think/Db/Driver/Mysql.class.php 第 67 行.
SQL: SELECT * FROM `hs_nav` ORDER BY order_number is null,order_number,id  [ RunTime:0.0003s ]
SQL: SHOW COLUMNS FROM `hs_auth_group_access` [ RunTime:0.0004s ]
NOTIC: [8] Undefined index: default- /private/var/www/html/hospital/ThinkPHP/Library/Think/Db/Driver/Mysql.class.php 第 67 行.
NOTIC: [8] Undefined index: default- /private/var/www/html/hospital/ThinkPHP/Library/Think/Db/Driver/Mysql.class.php 第 67 行.
SQL: SELECT `uid`,`group_id`,`title`,`rules` FROM hs_auth_group_access a INNER JOIN hs_auth_group g on a.group_id=g.id  WHERE ( a.uid='1' and g.status='1' )  [ RunTime:0.0003s ]
SQL: SHOW COLUMNS FROM `hs_auth_rule` [ RunTime:0.0004s ]
NOTIC: [8] Undefined index: default- /private/var/www/html/hospital/ThinkPHP/Library/Think/Db/Driver/Mysql.class.php 第 67 行.
NOTIC: [8] Undefined index: default- /private/var/www/html/hospital/ThinkPHP/Library/Think/Db/Driver/Mysql.class.php 第 67 行.
NOTIC: [8] Undefined index: default- /private/var/www/html/hospital/ThinkPHP/Library/Think/Db/Driver/Mysql.class.php 第 67 行.
NOTIC: [8] Undefined index: default- /private/var/www/html/hospital/ThinkPHP/Library/Think/Db/Driver/Mysql.class.php 第 67 行.
NOTIC: [8] Undefined index: default- /private/var/www/html/hospital/ThinkPHP/Library/Think/Db/Driver/Mysql.class.php 第 67 行.
NOTIC: [8] Undefined index: default- /private/var/www/html/hospital/ThinkPHP/Library/Think/Db/Driver/Mysql.class.php 第 67 行.
NOTIC: [8] Undefined index: default- /private/var/www/html/hospital/ThinkPHP/Library/Think/Db/Driver/Mysql.class.php 第 67 行.
SQL: SELECT `condition`,`name` FROM `hs_auth_rule` WHERE `id` IN ('1','2','3','4','5','6','7','8','9','10','11','12','13','14','15','16','17','18','19','20','77','78','79') AND `type` = 1 AND `status` = 1  [ RunTime:0.0003s ]
NOTIC: [8] Use of undefined constant url - assumed 'url' /private/var/www/html/hospital/Runtime/Cache/Admin/461eaa7cd87d195e3bd0dbcf3ba5b05a.php 第 135 行.
NOTIC: [8] Use of undefined constant url - assumed 'url' /private/var/www/html/hospital/Runtime/Cache/Admin/461eaa7cd87d195e3bd0dbcf3ba5b05a.php 第 135 行.
NOTIC: [8] Use of undefined constant url - assumed 'url' /private/var/www/html/hospital/Runtime/Cache/Admin/461eaa7cd87d195e3bd0dbcf3ba5b05a.php 第 135 行.
NOTIC: [8] Use of undefined constant url - assumed 'url' /private/var/www/html/hospital/Runtime/Cache/Admin/461eaa7cd87d195e3bd0dbcf3ba5b05a.php 第 135 行.
NOTIC: [8] Use of undefined constant url - assumed 'url' /private/var/www/html/hospital/Runtime/Cache/Admin/461eaa7cd87d195e3bd0dbcf3ba5b05a.php 第 135 行.
NOTIC: [8] Use of undefined constant url - assumed 'url' /private/var/www/html/hospital/Runtime/Cache/Admin/461eaa7cd87d195e3bd0dbcf3ba5b05a.php 第 135 行.
NOTIC: [8] Use of undefined constant url - assumed 'url' /private/var/www/html/hospital/Runtime/Cache/Admin/461eaa7cd87d195e3bd0dbcf3ba5b05a.php 第 135 行.
NOTIC: [8] Use of undefined constant url - assumed 'url' /private/var/www/html/hospital/Runtime/Cache/Admin/461eaa7cd87d195e3bd0dbcf3ba5b05a.php 第 135 行.
NOTIC: [8] Undefined variable: vo /private/var/www/html/hospital/Runtime/Cache/Admin/461eaa7cd87d195e3bd0dbcf3ba5b05a.php 第 157 行.
NOTIC: [8] Undefined variable: vo /private/var/www/html/hospital/Runtime/Cache/Admin/461eaa7cd87d195e3bd0dbcf3ba5b05a.php 第 158 行.
NOTIC: [8] Undefined variable: vo /private/var/www/html/hospital/Runtime/Cache/Admin/461eaa7cd87d195e3bd0dbcf3ba5b05a.php 第 159 行.
NOTIC: [8] Undefined variable: vo /private/var/www/html/hospital/Runtime/Cache/Admin/461eaa7cd87d195e3bd0dbcf3ba5b05a.php 第 160 行.
NOTIC: [8] Undefined variable: vo /private/var/www/html/hospital/Runtime/Cache/Admin/461eaa7cd87d195e3bd0dbcf3ba5b05a.php 第 161 行.
NOTIC: [8] Undefined variable: vo /private/var/www/html/hospital/Runtime/Cache/Admin/461eaa7cd87d195e3bd0dbcf3ba5b05a.php 第 162 行.
NOTIC: [8] Undefined variable: vo /private/var/www/html/hospital/Runtime/Cache/Admin/461eaa7cd87d195e3bd0dbcf3ba5b05a.php 第 163 行.
NOTIC: [8] Undefined variable: data /private/var/www/html/hospital/Runtime/Cache/Admin/461eaa7cd87d195e3bd0dbcf3ba5b05a.php 第 169 行.
NOTIC: [8] Undefined variable: data /private/var/www/html/hospital/Runtime/Cache/Admin/461eaa7cd87d195e3bd0dbcf3ba5b05a.php 第 178 行.
NOTIC: [8] Undefined variable: data /private/var/www/html/hospital/Runtime/Cache/Admin/461eaa7cd87d195e3bd0dbcf3ba5b05a.php 第 187 行.
NOTIC: [8] Undefined variable: data /private/var/www/html/hospital/Runtime/Cache/Admin/461eaa7cd87d195e3bd0dbcf3ba5b05a.php 第 196 行.
NOTIC: [8] Undefined variable: data /private/var/www/html/hospital/Runtime/Cache/Admin/461eaa7cd87d195e3bd0dbcf3ba5b05a.php 第 205 行.
NOTIC: [8] Undefined variable: data /private/var/www/html/hospital/Runtime/Cache/Admin/461eaa7cd87d195e3bd0dbcf3ba5b05a.php 第 215 行.
NOTIC: [8] Undefined variable: data /private/var/www/html/hospital/Runtime/Cache/Admin/461eaa7cd87d195e3bd0dbcf3ba5b05a.php 第 224 行.
INFO: Run Behavior\ParseTemplateBehavior [ RunTime:0.018974s ]
INFO: [ view_parse ] --END-- [ RunTime:0.019010s ]
INFO: [ view_filter ] --START--
INFO: Run Behavior\WriteHtmlCacheBehavior [ RunTime:0.000415s ]
INFO: [ view_filter ] --END-- [ RunTime:0.000449s ]
INFO: [ app_end ] --START--
INFO: Run Behavior\ShowPageTraceBehavior [ RunTime:0.000756s ]
INFO: [ app_end ] --END-- [ RunTime:0.000818s ]

[ 2017-03-17T10:55:18+08:00 ] ::1 /hospital/index.php/Admin/Dealer/add.html
INFO: [ app_init ] --START--
INFO: Run Behavior\BuildLiteBehavior [ RunTime:0.000011s ]
INFO: [ app_init ] --END-- [ RunTime:0.000238s ]
INFO: [ app_begin ] --START--
INFO: Run Behavior\ReadHtmlCacheBehavior [ RunTime:0.000264s ]
INFO: [ app_begin ] --END-- [ RunTime:0.000302s ]
SQL: SHOW COLUMNS FROM `hs_auth_group_access` [ RunTime:0.0005s ]
NOTIC: [8] Undefined index: default- /private/var/www/html/hospital/ThinkPHP/Library/Think/Db/Driver/Mysql.class.php 第 67 行.
NOTIC: [8] Undefined index: default- /private/var/www/html/hospital/ThinkPHP/Library/Think/Db/Driver/Mysql.class.php 第 67 行.
SQL: SELECT `uid`,`group_id`,`title`,`rules` FROM hs_auth_group_access a INNER JOIN hs_auth_group g on a.group_id=g.id  WHERE ( a.uid='0' and g.status='1' )  [ RunTime:0.0004s ]
SQL: SHOW COLUMNS FROM `hs_auth_rule` [ RunTime:0.0004s ]
NOTIC: [8] Undefined index: default- /private/var/www/html/hospital/ThinkPHP/Library/Think/Db/Driver/Mysql.class.php 第 67 行.
NOTIC: [8] Undefined index: default- /private/var/www/html/hospital/ThinkPHP/Library/Think/Db/Driver/Mysql.class.php 第 67 行.
NOTIC: [8] Undefined index: default- /private/var/www/html/hospital/ThinkPHP/Library/Think/Db/Driver/Mysql.class.php 第 67 行.
NOTIC: [8] Undefined index: default- /private/var/www/html/hospital/ThinkPHP/Library/Think/Db/Driver/Mysql.class.php 第 67 行.
NOTIC: [8] Undefined index: default- /private/var/www/html/hospital/ThinkPHP/Library/Think/Db/Driver/Mysql.class.php 第 67 行.
NOTIC: [8] Undefined index: default- /private/var/www/html/hospital/ThinkPHP/Library/Think/Db/Driver/Mysql.class.php 第 67 行.
NOTIC: [8] Undefined index: default- /private/var/www/html/hospital/ThinkPHP/Library/Think/Db/Driver/Mysql.class.php 第 67 行.
SQL: SELECT `condition`,`name` FROM `hs_auth_rule` WHERE `id` IN ('2','21','22','3','19','20','32','33','35') AND `type` = 1 AND `status` = 1  [ RunTime:0.0003s ]
INFO: [ view_parse ] --START--
INFO: [ template_filter ] --START--
INFO: Run Behavior\ContentReplaceBehavior [ RunTime:0.000096s ]
INFO: [ template_filter ] --END-- [ RunTime:0.000151s ]
NOTIC: [8] Undefined index: member /private/var/www/html/hospital/Application/Common/Common/function.php 第 1014 行.
SQL: SHOW COLUMNS FROM `hs_order` [ RunTime:0.0006s ]
NOTIC: [8] Undefined index: default- /private/var/www/html/hospital/ThinkPHP/Library/Think/Db/Driver/Mysql.class.php 第 67 行.
NOTIC: [8] Undefined index: default- /private/var/www/html/hospital/ThinkPHP/Library/Think/Db/Driver/Mysql.class.php 第 67 行.
NOTIC: [8] Undefined index: default- /private/var/www/html/hospital/ThinkPHP/Library/Think/Db/Driver/Mysql.class.php 第 67 行.
NOTIC: [8] Undefined index: default- /private/var/www/html/hospital/ThinkPHP/Library/Think/Db/Driver/Mysql.class.php 第 67 行.
NOTIC: [8] Undefined index: default- /private/var/www/html/hospital/ThinkPHP/Library/Think/Db/Driver/Mysql.class.php 第 67 行.
NOTIC: [8] Undefined index: default- /private/var/www/html/hospital/ThinkPHP/Library/Think/Db/Driver/Mysql.class.php 第 67 行.
NOTIC: [8] Undefined index: default- /private/var/www/html/hospital/ThinkPHP/Library/Think/Db/Driver/Mysql.class.php 第 67 行.
NOTIC: [8] Undefined index: default- /private/var/www/html/hospital/ThinkPHP/Library/Think/Db/Driver/Mysql.class.php 第 67 行.
NOTIC: [8] Undefined index: default- /private/var/www/html/hospital/ThinkPHP/Library/Think/Db/Driver/Mysql.class.php 第 67 行.
SQL: SELECT COUNT(*) AS tp_count FROM `hs_order` WHERE `status` = 1 LIMIT 1   [ RunTime:0.0003s ]
NOTIC: [8] Undefined index: member /private/var/www/html/hospital/Application/Common/Common/function.php 第 1014 行.
SQL: SELECT COUNT(*) AS tp_count FROM `hs_order` WHERE `status` = 6 LIMIT 1   [ RunTime:0.0002s ]
NOTIC: [8] Undefined index: member /private/var/www/html/hospital/Application/Common/Common/function.php 第 1014 行.
SQL: SHOW COLUMNS FROM `hs_order` [ RunTime:0.0005s ]
NOTIC: [8] Undefined index: default- /private/var/www/html/hospital/ThinkPHP/Library/Think/Db/Driver/Mysql.class.php 第 67 行.
NOTIC: [8] Undefined index: default- /private/var/www/html/hospital/ThinkPHP/Library/Think/Db/Driver/Mysql.class.php 第 67 行.
NOTIC: [8] Undefined index: default- /private/var/www/html/hospital/ThinkPHP/Library/Think/Db/Driver/Mysql.class.php 第 67 行.
NOTIC: [8] Undefined index: default- /private/var/www/html/hospital/ThinkPHP/Library/Think/Db/Driver/Mysql.class.php 第 67 行.
NOTIC: [8] Undefined index: default- /private/var/www/html/hospital/ThinkPHP/Library/Think/Db/Driver/Mysql.class.php 第 67 行.
NOTIC: [8] Undefined index: default- /private/var/www/html/hospital/ThinkPHP/Library/Think/Db/Driver/Mysql.class.php 第 67 行.
NOTIC: [8] Undefined index: default- /private/var/www/html/hospital/ThinkPHP/Library/Think/Db/Driver/Mysql.class.php 第 67 行.
NOTIC: [8] Undefined index: default- /private/var/www/html/hospital/ThinkPHP/Library/Think/Db/Driver/Mysql.class.php 第 67 行.
NOTIC: [8] Undefined index: default- /private/var/www/html/hospital/ThinkPHP/Library/Think/Db/Driver/Mysql.class.php 第 67 行.
SQL: SELECT COUNT(*) AS tp_count FROM `hs_order` WHERE `status` = 1 LIMIT 1   [ RunTime:0.0003s ]
NOTIC: [8] Undefined index: member /private/var/www/html/hospital/Application/Common/Common/function.php 第 1014 行.
SQL: SELECT COUNT(*) AS tp_count FROM `hs_order` WHERE `status` = 6 LIMIT 1   [ RunTime:0.0002s ]
NOTIC: [2048] Declaration of Admin\Model\NavModel::getTreeData() should be compatible with Admin\Model\BaseModel::getTreeData($type = 'tree', $order = '', $name = 'name', $child = 'id', $parent = 'pid') /private/var/www/html/hospital/Application/Admin/Model/NavModel.class.php 第 8 行.
SQL: SHOW COLUMNS FROM `hs_nav` [ RunTime:0.0007s ]
NOTIC: [8] Undefined index: default- /private/var/www/html/hospital/ThinkPHP/Library/Think/Db/Driver/Mysql.class.php 第 67 行.
NOTIC: [8] Undefined index: default- /private/var/www/html/hospital/ThinkPHP/Library/Think/Db/Driver/Mysql.class.php 第 67 行.
NOTIC: [8] Undefined index: default- /private/var/www/html/hospital/ThinkPHP/Library/Think/Db/Driver/Mysql.class.php 第 67 行.
NOTIC: [8] Undefined index: default- /private/var/www/html/hospital/ThinkPHP/Library/Think/Db/Driver/Mysql.class.php 第 67 行.
NOTIC: [8] Undefined index: default- /private/var/www/html/hospital/ThinkPHP/Library/Think/Db/Driver/Mysql.class.php 第 67 行.
NOTIC: [8] Undefined index: default- /private/var/www/html/hospital/ThinkPHP/Library/Think/Db/Driver/Mysql.class.php 第 67 行.
SQL: SELECT * FROM `hs_nav` ORDER BY order_number is null,order_number,id  [ RunTime:0.0003s ]
SQL: SHOW COLUMNS FROM `hs_auth_group_access` [ RunTime:0.0005s ]
NOTIC: [8] Undefined index: default- /private/var/www/html/hospital/ThinkPHP/Library/Think/Db/Driver/Mysql.class.php 第 67 行.
NOTIC: [8] Undefined index: default- /private/var/www/html/hospital/ThinkPHP/Library/Think/Db/Driver/Mysql.class.php 第 67 行.
SQL: SELECT `uid`,`group_id`,`title`,`rules` FROM hs_auth_group_access a INNER JOIN hs_auth_group g on a.group_id=g.id  WHERE ( a.uid='1' and g.status='1' )  [ RunTime:0.0003s ]
SQL: SHOW COLUMNS FROM `hs_auth_rule` [ RunTime:0.0005s ]
NOTIC: [8] Undefined index: default- /private/var/www/html/hospital/ThinkPHP/Library/Think/Db/Driver/Mysql.class.php 第 67 行.
NOTIC: [8] Undefined index: default- /private/var/www/html/hospital/ThinkPHP/Library/Think/Db/Driver/Mysql.class.php 第 67 行.
NOTIC: [8] Undefined index: default- /private/var/www/html/hospital/ThinkPHP/Library/Think/Db/Driver/Mysql.class.php 第 67 行.
NOTIC: [8] Undefined index: default- /private/var/www/html/hospital/ThinkPHP/Library/Think/Db/Driver/Mysql.class.php 第 67 行.
NOTIC: [8] Undefined index: default- /private/var/www/html/hospital/ThinkPHP/Library/Think/Db/Driver/Mysql.class.php 第 67 行.
NOTIC: [8] Undefined index: default- /private/var/www/html/hospital/ThinkPHP/Library/Think/Db/Driver/Mysql.class.php 第 67 行.
NOTIC: [8] Undefined index: default- /private/var/www/html/hospital/ThinkPHP/Library/Think/Db/Driver/Mysql.class.php 第 67 行.
SQL: SELECT `condition`,`name` FROM `hs_auth_rule` WHERE `id` IN ('1','2','3','4','5','6','7','8','9','10','11','12','13','14','15','16','17','18','19','20','77','78','79') AND `type` = 1 AND `status` = 1  [ RunTime:0.0003s ]
NOTIC: [8] Use of undefined constant url - assumed 'url' /private/var/www/html/hospital/Runtime/Cache/Admin/461eaa7cd87d195e3bd0dbcf3ba5b05a.php 第 135 行.
NOTIC: [8] Use of undefined constant url - assumed 'url' /private/var/www/html/hospital/Runtime/Cache/Admin/461eaa7cd87d195e3bd0dbcf3ba5b05a.php 第 135 行.
NOTIC: [8] Use of undefined constant url - assumed 'url' /private/var/www/html/hospital/Runtime/Cache/Admin/461eaa7cd87d195e3bd0dbcf3ba5b05a.php 第 135 行.
NOTIC: [8] Use of undefined constant url - assumed 'url' /private/var/www/html/hospital/Runtime/Cache/Admin/461eaa7cd87d195e3bd0dbcf3ba5b05a.php 第 135 行.
NOTIC: [8] Use of undefined constant url - assumed 'url' /private/var/www/html/hospital/Runtime/Cache/Admin/461eaa7cd87d195e3bd0dbcf3ba5b05a.php 第 135 行.
NOTIC: [8] Use of undefined constant url - assumed 'url' /private/var/www/html/hospital/Runtime/Cache/Admin/461eaa7cd87d195e3bd0dbcf3ba5b05a.php 第 135 行.
NOTIC: [8] Use of undefined constant url - assumed 'url' /private/var/www/html/hospital/Runtime/Cache/Admin/461eaa7cd87d195e3bd0dbcf3ba5b05a.php 第 135 行.
NOTIC: [8] Use of undefined constant url - assumed 'url' /private/var/www/html/hospital/Runtime/Cache/Admin/461eaa7cd87d195e3bd0dbcf3ba5b05a.php 第 135 行.
NOTIC: [8] Undefined variable: vo /private/var/www/html/hospital/Runtime/Cache/Admin/461eaa7cd87d195e3bd0dbcf3ba5b05a.php 第 157 行.
NOTIC: [8] Undefined variable: vo /private/var/www/html/hospital/Runtime/Cache/Admin/461eaa7cd87d195e3bd0dbcf3ba5b05a.php 第 158 行.
NOTIC: [8] Undefined variable: vo /private/var/www/html/hospital/Runtime/Cache/Admin/461eaa7cd87d195e3bd0dbcf3ba5b05a.php 第 159 行.
NOTIC: [8] Undefined variable: vo /private/var/www/html/hospital/Runtime/Cache/Admin/461eaa7cd87d195e3bd0dbcf3ba5b05a.php 第 160 行.
NOTIC: [8] Undefined variable: vo /private/var/www/html/hospital/Runtime/Cache/Admin/461eaa7cd87d195e3bd0dbcf3ba5b05a.php 第 161 行.
NOTIC: [8] Undefined variable: vo /private/var/www/html/hospital/Runtime/Cache/Admin/461eaa7cd87d195e3bd0dbcf3ba5b05a.php 第 162 行.
NOTIC: [8] Undefined variable: vo /private/var/www/html/hospital/Runtime/Cache/Admin/461eaa7cd87d195e3bd0dbcf3ba5b05a.php 第 163 行.
NOTIC: [8] Undefined variable: data /private/var/www/html/hospital/Runtime/Cache/Admin/461eaa7cd87d195e3bd0dbcf3ba5b05a.php 第 169 行.
NOTIC: [8] Undefined variable: data /private/var/www/html/hospital/Runtime/Cache/Admin/461eaa7cd87d195e3bd0dbcf3ba5b05a.php 第 178 行.
NOTIC: [8] Undefined variable: data /private/var/www/html/hospital/Runtime/Cache/Admin/461eaa7cd87d195e3bd0dbcf3ba5b05a.php 第 187 行.
NOTIC: [8] Undefined variable: data /private/var/www/html/hospital/Runtime/Cache/Admin/461eaa7cd87d195e3bd0dbcf3ba5b05a.php 第 196 行.
NOTIC: [8] Undefined variable: data /private/var/www/html/hospital/Runtime/Cache/Admin/461eaa7cd87d195e3bd0dbcf3ba5b05a.php 第 205 行.
NOTIC: [8] Undefined variable: data /private/var/www/html/hospital/Runtime/Cache/Admin/461eaa7cd87d195e3bd0dbcf3ba5b05a.php 第 215 行.
NOTIC: [8] Undefined variable: data /private/var/www/html/hospital/Runtime/Cache/Admin/461eaa7cd87d195e3bd0dbcf3ba5b05a.php 第 224 行.
INFO: Run Behavior\ParseTemplateBehavior [ RunTime:0.016642s ]
INFO: [ view_parse ] --END-- [ RunTime:0.016672s ]
INFO: [ view_filter ] --START--
INFO: Run Behavior\WriteHtmlCacheBehavior [ RunTime:0.000145s ]
INFO: [ view_filter ] --END-- [ RunTime:0.000166s ]
INFO: [ app_end ] --START--
INFO: Run Behavior\ShowPageTraceBehavior [ RunTime:0.000462s ]
INFO: [ app_end ] --END-- [ RunTime:0.000526s ]

