[ 2017-03-18T16:02:07+08:00 ] ::1 /hospital/index.php/Admin/Dealer/edit/id/17.html
INFO: [ app_init ] --START--
INFO: Run Behavior\BuildLiteBehavior [ RunTime:0.000009s ]
INFO: [ app_init ] --END-- [ RunTime:0.000224s ]
INFO: [ app_begin ] --START--
INFO: Run Behavior\ReadHtmlCacheBehavior [ RunTime:0.000226s ]
INFO: [ app_begin ] --END-- [ RunTime:0.000253s ]
SQL: SHOW COLUMNS FROM `hs_auth_group_access` [ RunTime:0.0004s ]
NOTIC: [8] Undefined index: default- /private/var/www/html/hospital/ThinkPHP/Library/Think/Db/Driver/Mysql.class.php 第 67 行.
NOTIC: [8] Undefined index: default- /private/var/www/html/hospital/ThinkPHP/Library/Think/Db/Driver/Mysql.class.php 第 67 行.
SQL: SELECT `uid`,`group_id`,`title`,`rules` FROM hs_auth_group_access a INNER JOIN hs_auth_group g on a.group_id=g.id  WHERE ( a.uid='0' and g.status='1' )  [ RunTime:0.0003s ]
SQL: SHOW COLUMNS FROM `hs_auth_rule` [ RunTime:0.0004s ]
NOTIC: [8] Undefined index: default- /private/var/www/html/hospital/ThinkPHP/Library/Think/Db/Driver/Mysql.class.php 第 67 行.
NOTIC: [8] Undefined index: default- /private/var/www/html/hospital/ThinkPHP/Library/Think/Db/Driver/Mysql.class.php 第 67 行.
NOTIC: [8] Undefined index: default- /private/var/www/html/hospital/ThinkPHP/Library/Think/Db/Driver/Mysql.class.php 第 67 行.
NOTIC: [8] Undefined index: default- /private/var/www/html/hospital/ThinkPHP/Library/Think/Db/Driver/Mysql.class.php 第 67 行.
NOTIC: [8] Undefined index: default- /private/var/www/html/hospital/ThinkPHP/Library/Think/Db/Driver/Mysql.class.php 第 67 行.
NOTIC: [8] Undefined index: default- /private/var/www/html/hospital/ThinkPHP/Library/Think/Db/Driver/Mysql.class.php 第 67 行.
NOTIC: [8] Undefined index: default- /private/var/www/html/hospital/ThinkPHP/Library/Think/Db/Driver/Mysql.class.php 第 67 行.
SQL: SELECT `condition`,`name` FROM `hs_auth_rule` WHERE `id` IN ('2','21','22','3','19','20','32','33','35') AND `type` = 1 AND `status` = 1  [ RunTime:0.0003s ]
SQL: SHOW COLUMNS FROM `hs_dealer` [ RunTime:0.0004s ]
NOTIC: [8] Undefined index: default- /private/var/www/html/hospital/ThinkPHP/Library/Think/Db/Driver/Mysql.class.php 第 67 行.
NOTIC: [8] Undefined index: default- /private/var/www/html/hospital/ThinkPHP/Library/Think/Db/Driver/Mysql.class.php 第 67 行.
NOTIC: [8] Undefined index: default- /private/var/www/html/hospital/ThinkPHP/Library/Think/Db/Driver/Mysql.class.php 第 67 行.
NOTIC: [8] Undefined index: default- /private/var/www/html/hospital/ThinkPHP/Library/Think/Db/Driver/Mysql.class.php 第 67 行.
NOTIC: [8] Undefined index: default- /private/var/www/html/hospital/ThinkPHP/Library/Think/Db/Driver/Mysql.class.php 第 67 行.
NOTIC: [8] Undefined index: default- /private/var/www/html/hospital/ThinkPHP/Library/Think/Db/Driver/Mysql.class.php 第 67 行.
NOTIC: [8] Undefined index: default- /private/var/www/html/hospital/ThinkPHP/Library/Think/Db/Driver/Mysql.class.php 第 67 行.
NOTIC: [8] Undefined index: default- /private/var/www/html/hospital/ThinkPHP/Library/Think/Db/Driver/Mysql.class.php 第 67 行.
NOTIC: [8] Undefined index: default- /private/var/www/html/hospital/ThinkPHP/Library/Think/Db/Driver/Mysql.class.php 第 67 行.
NOTIC: [8] Undefined index: default- /private/var/www/html/hospital/ThinkPHP/Library/Think/Db/Driver/Mysql.class.php 第 67 行.
NOTIC: [8] Undefined index: default- /private/var/www/html/hospital/ThinkPHP/Library/Think/Db/Driver/Mysql.class.php 第 67 行.
NOTIC: [8] Undefined index: default- /private/var/www/html/hospital/ThinkPHP/Library/Think/Db/Driver/Mysql.class.php 第 67 行.
SQL: SELECT * FROM `hs_dealer` WHERE `id` = 17 LIMIT 1   [ RunTime:0.0003s ]
INFO: [ view_parse ] --START--
INFO: [ template_filter ] --START--
INFO: Run Behavior\ContentReplaceBehavior [ RunTime:0.000069s ]
INFO: [ template_filter ] --END-- [ RunTime:0.000105s ]
NOTIC: [8] Undefined index: member /private/var/www/html/hospital/Application/Common/Common/function.php 第 1014 行.
SQL: SHOW COLUMNS FROM `hs_order` [ RunTime:0.0006s ]
NOTIC: [8] Undefined index: default- /private/var/www/html/hospital/ThinkPHP/Library/Think/Db/Driver/Mysql.class.php 第 67 行.
NOTIC: [8] Undefined index: default- /private/var/www/html/hospital/ThinkPHP/Library/Think/Db/Driver/Mysql.class.php 第 67 行.
NOTIC: [8] Undefined index: default- /private/var/www/html/hospital/ThinkPHP/Library/Think/Db/Driver/Mysql.class.php 第 67 行.
NOTIC: [8] Undefined index: default- /private/var/www/html/hospital/ThinkPHP/Library/Think/Db/Driver/Mysql.class.php 第 67 行.
NOTIC: [8] Undefined index: default- /private/var/www/html/hospital/ThinkPHP/Library/Think/Db/Driver/Mysql.class.php 第 67 行.
NOTIC: [8] Undefined index: default- /private/var/www/html/hospital/ThinkPHP/Library/Think/Db/Driver/Mysql.class.php 第 67 行.
NOTIC: [8] Undefined index: default- /private/var/www/html/hospital/ThinkPHP/Library/Think/Db/Driver/Mysql.class.php 第 67 行.
NOTIC: [8] Undefined index: default- /private/var/www/html/hospital/ThinkPHP/Library/Think/Db/Driver/Mysql.class.php 第 67 行.
NOTIC: [8] Undefined index: default- /private/var/www/html/hospital/ThinkPHP/Library/Think/Db/Driver/Mysql.class.php 第 67 行.
SQL: SELECT COUNT(*) AS tp_count FROM `hs_order` WHERE `status` = 1 LIMIT 1   [ RunTime:0.0003s ]
NOTIC: [8] Undefined index: member /private/var/www/html/hospital/Application/Common/Common/function.php 第 1014 行.
SQL: SELECT COUNT(*) AS tp_count FROM `hs_order` WHERE `status` = 6 LIMIT 1   [ RunTime:0.0002s ]
NOTIC: [8] Undefined index: member /private/var/www/html/hospital/Application/Common/Common/function.php 第 1014 行.
SQL: SHOW COLUMNS FROM `hs_order` [ RunTime:0.0004s ]
NOTIC: [8] Undefined index: default- /private/var/www/html/hospital/ThinkPHP/Library/Think/Db/Driver/Mysql.class.php 第 67 行.
NOTIC: [8] Undefined index: default- /private/var/www/html/hospital/ThinkPHP/Library/Think/Db/Driver/Mysql.class.php 第 67 行.
NOTIC: [8] Undefined index: default- /private/var/www/html/hospital/ThinkPHP/Library/Think/Db/Driver/Mysql.class.php 第 67 行.
NOTIC: [8] Undefined index: default- /private/var/www/html/hospital/ThinkPHP/Library/Think/Db/Driver/Mysql.class.php 第 67 行.
NOTIC: [8] Undefined index: default- /private/var/www/html/hospital/ThinkPHP/Library/Think/Db/Driver/Mysql.class.php 第 67 行.
NOTIC: [8] Undefined index: default- /private/var/www/html/hospital/ThinkPHP/Library/Think/Db/Driver/Mysql.class.php 第 67 行.
NOTIC: [8] Undefined index: default- /private/var/www/html/hospital/ThinkPHP/Library/Think/Db/Driver/Mysql.class.php 第 67 行.
NOTIC: [8] Undefined index: default- /private/var/www/html/hospital/ThinkPHP/Library/Think/Db/Driver/Mysql.class.php 第 67 行.
NOTIC: [8] Undefined index: default- /private/var/www/html/hospital/ThinkPHP/Library/Think/Db/Driver/Mysql.class.php 第 67 行.
SQL: SELECT COUNT(*) AS tp_count FROM `hs_order` WHERE `status` = 1 LIMIT 1   [ RunTime:0.0002s ]
NOTIC: [8] Undefined index: member /private/var/www/html/hospital/Application/Common/Common/function.php 第 1014 行.
SQL: SELECT COUNT(*) AS tp_count FROM `hs_order` WHERE `status` = 6 LIMIT 1   [ RunTime:0.0002s ]
NOTIC: [2048] Declaration of Admin\Model\NavModel::getTreeData() should be compatible with Admin\Model\BaseModel::getTreeData($type = 'tree', $order = '', $name = 'name', $child = 'id', $parent = 'pid') /private/var/www/html/hospital/Application/Admin/Model/NavModel.class.php 第 8 行.
SQL: SHOW COLUMNS FROM `hs_nav` [ RunTime:0.0005s ]
NOTIC: [8] Undefined index: default- /private/var/www/html/hospital/ThinkPHP/Library/Think/Db/Driver/Mysql.class.php 第 67 行.
NOTIC: [8] Undefined index: default- /private/var/www/html/hospital/ThinkPHP/Library/Think/Db/Driver/Mysql.class.php 第 67 行.
NOTIC: [8] Undefined index: default- /private/var/www/html/hospital/ThinkPHP/Library/Think/Db/Driver/Mysql.class.php 第 67 行.
NOTIC: [8] Undefined index: default- /private/var/www/html/hospital/ThinkPHP/Library/Think/Db/Driver/Mysql.class.php 第 67 行.
NOTIC: [8] Undefined index: default- /private/var/www/html/hospital/ThinkPHP/Library/Think/Db/Driver/Mysql.class.php 第 67 行.
NOTIC: [8] Undefined index: default- /private/var/www/html/hospital/ThinkPHP/Library/Think/Db/Driver/Mysql.class.php 第 67 行.
SQL: SELECT * FROM `hs_nav` ORDER BY order_number is null,order_number,id  [ RunTime:0.0003s ]
SQL: SHOW COLUMNS FROM `hs_auth_group_access` [ RunTime:0.0004s ]
NOTIC: [8] Undefined index: default- /private/var/www/html/hospital/ThinkPHP/Library/Think/Db/Driver/Mysql.class.php 第 67 行.
NOTIC: [8] Undefined index: default- /private/var/www/html/hospital/ThinkPHP/Library/Think/Db/Driver/Mysql.class.php 第 67 行.
SQL: SELECT `uid`,`group_id`,`title`,`rules` FROM hs_auth_group_access a INNER JOIN hs_auth_group g on a.group_id=g.id  WHERE ( a.uid='1' and g.status='1' )  [ RunTime:0.0003s ]
SQL: SHOW COLUMNS FROM `hs_auth_rule` [ RunTime:0.0004s ]
NOTIC: [8] Undefined index: default- /private/var/www/html/hospital/ThinkPHP/Library/Think/Db/Driver/Mysql.class.php 第 67 行.
NOTIC: [8] Undefined index: default- /private/var/www/html/hospital/ThinkPHP/Library/Think/Db/Driver/Mysql.class.php 第 67 行.
NOTIC: [8] Undefined index: default- /private/var/www/html/hospital/ThinkPHP/Library/Think/Db/Driver/Mysql.class.php 第 67 行.
NOTIC: [8] Undefined index: default- /private/var/www/html/hospital/ThinkPHP/Library/Think/Db/Driver/Mysql.class.php 第 67 行.
NOTIC: [8] Undefined index: default- /private/var/www/html/hospital/ThinkPHP/Library/Think/Db/Driver/Mysql.class.php 第 67 行.
NOTIC: [8] Undefined index: default- /private/var/www/html/hospital/ThinkPHP/Library/Think/Db/Driver/Mysql.class.php 第 67 行.
NOTIC: [8] Undefined index: default- /private/var/www/html/hospital/ThinkPHP/Library/Think/Db/Driver/Mysql.class.php 第 67 行.
SQL: SELECT `condition`,`name` FROM `hs_auth_rule` WHERE `id` IN ('1','2','3','4','5','6','7','8','9','10','11','12','13','14','15','16','17','18','19','20','77','78','79') AND `type` = 1 AND `status` = 1  [ RunTime:0.0003s ]
NOTIC: [8] Use of undefined constant url - assumed 'url' /private/var/www/html/hospital/Runtime/Cache/Admin/ce7e597fc00b25fc4d9ef4cbf5931bb2.php 第 134 行.
NOTIC: [8] Use of undefined constant url - assumed 'url' /private/var/www/html/hospital/Runtime/Cache/Admin/ce7e597fc00b25fc4d9ef4cbf5931bb2.php 第 134 行.
NOTIC: [8] Use of undefined constant url - assumed 'url' /private/var/www/html/hospital/Runtime/Cache/Admin/ce7e597fc00b25fc4d9ef4cbf5931bb2.php 第 134 行.
NOTIC: [8] Use of undefined constant url - assumed 'url' /private/var/www/html/hospital/Runtime/Cache/Admin/ce7e597fc00b25fc4d9ef4cbf5931bb2.php 第 134 行.
NOTIC: [8] Use of undefined constant url - assumed 'url' /private/var/www/html/hospital/Runtime/Cache/Admin/ce7e597fc00b25fc4d9ef4cbf5931bb2.php 第 134 行.
NOTIC: [8] Use of undefined constant url - assumed 'url' /private/var/www/html/hospital/Runtime/Cache/Admin/ce7e597fc00b25fc4d9ef4cbf5931bb2.php 第 134 行.
NOTIC: [8] Use of undefined constant url - assumed 'url' /private/var/www/html/hospital/Runtime/Cache/Admin/ce7e597fc00b25fc4d9ef4cbf5931bb2.php 第 134 行.
NOTIC: [8] Use of undefined constant url - assumed 'url' /private/var/www/html/hospital/Runtime/Cache/Admin/ce7e597fc00b25fc4d9ef4cbf5931bb2.php 第 134 行.
INFO: Run Behavior\ParseTemplateBehavior [ RunTime:0.014555s ]
INFO: [ view_parse ] --END-- [ RunTime:0.014586s ]
INFO: [ view_filter ] --START--
INFO: Run Behavior\WriteHtmlCacheBehavior [ RunTime:0.000126s ]
INFO: [ view_filter ] --END-- [ RunTime:0.000146s ]
INFO: [ app_end ] --START--
INFO: Run Behavior\ShowPageTraceBehavior [ RunTime:0.000373s ]
INFO: [ app_end ] --END-- [ RunTime:0.000411s ]

[ 2017-03-18T16:02:11+08:00 ] ::1 /hospital/index.php/Admin/Dealer/index.html
INFO: [ app_init ] --START--
INFO: Run Behavior\BuildLiteBehavior [ RunTime:0.000008s ]
INFO: [ app_init ] --END-- [ RunTime:0.000171s ]
INFO: [ app_begin ] --START--
INFO: Run Behavior\ReadHtmlCacheBehavior [ RunTime:0.000303s ]
INFO: [ app_begin ] --END-- [ RunTime:0.000336s ]
SQL: SHOW COLUMNS FROM `hs_auth_group_access` [ RunTime:0.0012s ]
NOTIC: [8] Undefined index: default- /private/var/www/html/hospital/ThinkPHP/Library/Think/Db/Driver/Mysql.class.php 第 67 行.
NOTIC: [8] Undefined index: default- /private/var/www/html/hospital/ThinkPHP/Library/Think/Db/Driver/Mysql.class.php 第 67 行.
SQL: SELECT `uid`,`group_id`,`title`,`rules` FROM hs_auth_group_access a INNER JOIN hs_auth_group g on a.group_id=g.id  WHERE ( a.uid='0' and g.status='1' )  [ RunTime:0.0003s ]
SQL: SHOW COLUMNS FROM `hs_auth_rule` [ RunTime:0.0004s ]
NOTIC: [8] Undefined index: default- /private/var/www/html/hospital/ThinkPHP/Library/Think/Db/Driver/Mysql.class.php 第 67 行.
NOTIC: [8] Undefined index: default- /private/var/www/html/hospital/ThinkPHP/Library/Think/Db/Driver/Mysql.class.php 第 67 行.
NOTIC: [8] Undefined index: default- /private/var/www/html/hospital/ThinkPHP/Library/Think/Db/Driver/Mysql.class.php 第 67 行.
NOTIC: [8] Undefined index: default- /private/var/www/html/hospital/ThinkPHP/Library/Think/Db/Driver/Mysql.class.php 第 67 行.
NOTIC: [8] Undefined index: default- /private/var/www/html/hospital/ThinkPHP/Library/Think/Db/Driver/Mysql.class.php 第 67 行.
NOTIC: [8] Undefined index: default- /private/var/www/html/hospital/ThinkPHP/Library/Think/Db/Driver/Mysql.class.php 第 67 行.
NOTIC: [8] Undefined index: default- /private/var/www/html/hospital/ThinkPHP/Library/Think/Db/Driver/Mysql.class.php 第 67 行.
SQL: SELECT `condition`,`name` FROM `hs_auth_rule` WHERE `id` IN ('2','21','22','3','19','20','32','33','35') AND `type` = 1 AND `status` = 1  [ RunTime:0.0003s ]
SQL: SHOW COLUMNS FROM `hs_dealer` [ RunTime:0.0005s ]
NOTIC: [8] Undefined index: default- /private/var/www/html/hospital/ThinkPHP/Library/Think/Db/Driver/Mysql.class.php 第 67 行.
NOTIC: [8] Undefined index: default- /private/var/www/html/hospital/ThinkPHP/Library/Think/Db/Driver/Mysql.class.php 第 67 行.
NOTIC: [8] Undefined index: default- /private/var/www/html/hospital/ThinkPHP/Library/Think/Db/Driver/Mysql.class.php 第 67 行.
NOTIC: [8] Undefined index: default- /private/var/www/html/hospital/ThinkPHP/Library/Think/Db/Driver/Mysql.class.php 第 67 行.
NOTIC: [8] Undefined index: default- /private/var/www/html/hospital/ThinkPHP/Library/Think/Db/Driver/Mysql.class.php 第 67 行.
NOTIC: [8] Undefined index: default- /private/var/www/html/hospital/ThinkPHP/Library/Think/Db/Driver/Mysql.class.php 第 67 行.
NOTIC: [8] Undefined index: default- /private/var/www/html/hospital/ThinkPHP/Library/Think/Db/Driver/Mysql.class.php 第 67 行.
NOTIC: [8] Undefined index: default- /private/var/www/html/hospital/ThinkPHP/Library/Think/Db/Driver/Mysql.class.php 第 67 行.
NOTIC: [8] Undefined index: default- /private/var/www/html/hospital/ThinkPHP/Library/Think/Db/Driver/Mysql.class.php 第 67 行.
NOTIC: [8] Undefined index: default- /private/var/www/html/hospital/ThinkPHP/Library/Think/Db/Driver/Mysql.class.php 第 67 行.
NOTIC: [8] Undefined index: default- /private/var/www/html/hospital/ThinkPHP/Library/Think/Db/Driver/Mysql.class.php 第 67 行.
NOTIC: [8] Undefined index: default- /private/var/www/html/hospital/ThinkPHP/Library/Think/Db/Driver/Mysql.class.php 第 67 行.
SQL: SELECT COUNT(*) AS tp_count FROM `hs_dealer` LIMIT 1   [ RunTime:0.0002s ]
SQL: SELECT * FROM `hs_dealer` LIMIT 0,10   [ RunTime:0.0003s ]
NOTIC: [8] Undefined variable: the_first /private/var/www/html/hospital/ThinkPHP/Library/Org/Nx/Page.class.php 第 127 行.
NOTIC: [8] Undefined variable: the_end /private/var/www/html/hospital/ThinkPHP/Library/Org/Nx/Page.class.php 第 127 行.
NOTIC: [8] Undefined variable: the_first /private/var/www/html/hospital/ThinkPHP/Library/Org/Nx/Page.class.php 第 131 行.
NOTIC: [8] Undefined variable: the_end /private/var/www/html/hospital/ThinkPHP/Library/Org/Nx/Page.class.php 第 131 行.
INFO: [ view_parse ] --START--
INFO: [ template_filter ] --START--
INFO: Run Behavior\ContentReplaceBehavior [ RunTime:0.000098s ]
INFO: [ template_filter ] --END-- [ RunTime:0.000160s ]
NOTIC: [8] Undefined index: member /private/var/www/html/hospital/Application/Common/Common/function.php 第 1014 行.
SQL: SHOW COLUMNS FROM `hs_order` [ RunTime:0.0006s ]
NOTIC: [8] Undefined index: default- /private/var/www/html/hospital/ThinkPHP/Library/Think/Db/Driver/Mysql.class.php 第 67 行.
NOTIC: [8] Undefined index: default- /private/var/www/html/hospital/ThinkPHP/Library/Think/Db/Driver/Mysql.class.php 第 67 行.
NOTIC: [8] Undefined index: default- /private/var/www/html/hospital/ThinkPHP/Library/Think/Db/Driver/Mysql.class.php 第 67 行.
NOTIC: [8] Undefined index: default- /private/var/www/html/hospital/ThinkPHP/Library/Think/Db/Driver/Mysql.class.php 第 67 行.
NOTIC: [8] Undefined index: default- /private/var/www/html/hospital/ThinkPHP/Library/Think/Db/Driver/Mysql.class.php 第 67 行.
NOTIC: [8] Undefined index: default- /private/var/www/html/hospital/ThinkPHP/Library/Think/Db/Driver/Mysql.class.php 第 67 行.
NOTIC: [8] Undefined index: default- /private/var/www/html/hospital/ThinkPHP/Library/Think/Db/Driver/Mysql.class.php 第 67 行.
NOTIC: [8] Undefined index: default- /private/var/www/html/hospital/ThinkPHP/Library/Think/Db/Driver/Mysql.class.php 第 67 行.
NOTIC: [8] Undefined index: default- /private/var/www/html/hospital/ThinkPHP/Library/Think/Db/Driver/Mysql.class.php 第 67 行.
SQL: SELECT COUNT(*) AS tp_count FROM `hs_order` WHERE `status` = 1 LIMIT 1   [ RunTime:0.0002s ]
NOTIC: [8] Undefined index: member /private/var/www/html/hospital/Application/Common/Common/function.php 第 1014 行.
SQL: SELECT COUNT(*) AS tp_count FROM `hs_order` WHERE `status` = 6 LIMIT 1   [ RunTime:0.0002s ]
NOTIC: [8] Undefined index: member /private/var/www/html/hospital/Application/Common/Common/function.php 第 1014 行.
SQL: SHOW COLUMNS FROM `hs_order` [ RunTime:0.0005s ]
NOTIC: [8] Undefined index: default- /private/var/www/html/hospital/ThinkPHP/Library/Think/Db/Driver/Mysql.class.php 第 67 行.
NOTIC: [8] Undefined index: default- /private/var/www/html/hospital/ThinkPHP/Library/Think/Db/Driver/Mysql.class.php 第 67 行.
NOTIC: [8] Undefined index: default- /private/var/www/html/hospital/ThinkPHP/Library/Think/Db/Driver/Mysql.class.php 第 67 行.
NOTIC: [8] Undefined index: default- /private/var/www/html/hospital/ThinkPHP/Library/Think/Db/Driver/Mysql.class.php 第 67 行.
NOTIC: [8] Undefined index: default- /private/var/www/html/hospital/ThinkPHP/Library/Think/Db/Driver/Mysql.class.php 第 67 行.
NOTIC: [8] Undefined index: default- /private/var/www/html/hospital/ThinkPHP/Library/Think/Db/Driver/Mysql.class.php 第 67 行.
NOTIC: [8] Undefined index: default- /private/var/www/html/hospital/ThinkPHP/Library/Think/Db/Driver/Mysql.class.php 第 67 行.
NOTIC: [8] Undefined index: default- /private/var/www/html/hospital/ThinkPHP/Library/Think/Db/Driver/Mysql.class.php 第 67 行.
NOTIC: [8] Undefined index: default- /private/var/www/html/hospital/ThinkPHP/Library/Think/Db/Driver/Mysql.class.php 第 67 行.
SQL: SELECT COUNT(*) AS tp_count FROM `hs_order` WHERE `status` = 1 LIMIT 1   [ RunTime:0.0003s ]
NOTIC: [8] Undefined index: member /private/var/www/html/hospital/Application/Common/Common/function.php 第 1014 行.
SQL: SELECT COUNT(*) AS tp_count FROM `hs_order` WHERE `status` = 6 LIMIT 1   [ RunTime:0.0002s ]
NOTIC: [2048] Declaration of Admin\Model\NavModel::getTreeData() should be compatible with Admin\Model\BaseModel::getTreeData($type = 'tree', $order = '', $name = 'name', $child = 'id', $parent = 'pid') /private/var/www/html/hospital/Application/Admin/Model/NavModel.class.php 第 69 行.
SQL: SHOW COLUMNS FROM `hs_nav` [ RunTime:0.0004s ]
NOTIC: [8] Undefined index: default- /private/var/www/html/hospital/ThinkPHP/Library/Think/Db/Driver/Mysql.class.php 第 67 行.
NOTIC: [8] Undefined index: default- /private/var/www/html/hospital/ThinkPHP/Library/Think/Db/Driver/Mysql.class.php 第 67 行.
NOTIC: [8] Undefined index: default- /private/var/www/html/hospital/ThinkPHP/Library/Think/Db/Driver/Mysql.class.php 第 67 行.
NOTIC: [8] Undefined index: default- /private/var/www/html/hospital/ThinkPHP/Library/Think/Db/Driver/Mysql.class.php 第 67 行.
NOTIC: [8] Undefined index: default- /private/var/www/html/hospital/ThinkPHP/Library/Think/Db/Driver/Mysql.class.php 第 67 行.
NOTIC: [8] Undefined index: default- /private/var/www/html/hospital/ThinkPHP/Library/Think/Db/Driver/Mysql.class.php 第 67 行.
SQL: SELECT * FROM `hs_nav` ORDER BY order_number is null,order_number,id  [ RunTime:0.0002s ]
SQL: SHOW COLUMNS FROM `hs_auth_group_access` [ RunTime:0.0004s ]
NOTIC: [8] Undefined index: default- /private/var/www/html/hospital/ThinkPHP/Library/Think/Db/Driver/Mysql.class.php 第 67 行.
NOTIC: [8] Undefined index: default- /private/var/www/html/hospital/ThinkPHP/Library/Think/Db/Driver/Mysql.class.php 第 67 行.
SQL: SELECT `uid`,`group_id`,`title`,`rules` FROM hs_auth_group_access a INNER JOIN hs_auth_group g on a.group_id=g.id  WHERE ( a.uid='1' and g.status='1' )  [ RunTime:0.0002s ]
SQL: SHOW COLUMNS FROM `hs_auth_rule` [ RunTime:0.0004s ]
NOTIC: [8] Undefined index: default- /private/var/www/html/hospital/ThinkPHP/Library/Think/Db/Driver/Mysql.class.php 第 67 行.
NOTIC: [8] Undefined index: default- /private/var/www/html/hospital/ThinkPHP/Library/Think/Db/Driver/Mysql.class.php 第 67 行.
NOTIC: [8] Undefined index: default- /private/var/www/html/hospital/ThinkPHP/Library/Think/Db/Driver/Mysql.class.php 第 67 行.
NOTIC: [8] Undefined index: default- /private/var/www/html/hospital/ThinkPHP/Library/Think/Db/Driver/Mysql.class.php 第 67 行.
NOTIC: [8] Undefined index: default- /private/var/www/html/hospital/ThinkPHP/Library/Think/Db/Driver/Mysql.class.php 第 67 行.
NOTIC: [8] Undefined index: default- /private/var/www/html/hospital/ThinkPHP/Library/Think/Db/Driver/Mysql.class.php 第 67 行.
NOTIC: [8] Undefined index: default- /private/var/www/html/hospital/ThinkPHP/Library/Think/Db/Driver/Mysql.class.php 第 67 行.
SQL: SELECT `condition`,`name` FROM `hs_auth_rule` WHERE `id` IN ('1','2','3','4','5','6','7','8','9','10','11','12','13','14','15','16','17','18','19','20','77','78','79') AND `type` = 1 AND `status` = 1  [ RunTime:0.0004s ]
NOTIC: [8] Use of undefined constant url - assumed 'url' /private/var/www/html/hospital/Runtime/Cache/Admin/d60922d909bd7450a1bfd723b63158fd.php 第 142 行.
NOTIC: [8] Use of undefined constant url - assumed 'url' /private/var/www/html/hospital/Runtime/Cache/Admin/d60922d909bd7450a1bfd723b63158fd.php 第 142 行.
NOTIC: [8] Use of undefined constant url - assumed 'url' /private/var/www/html/hospital/Runtime/Cache/Admin/d60922d909bd7450a1bfd723b63158fd.php 第 142 行.
NOTIC: [8] Use of undefined constant url - assumed 'url' /private/var/www/html/hospital/Runtime/Cache/Admin/d60922d909bd7450a1bfd723b63158fd.php 第 142 行.
NOTIC: [8] Use of undefined constant url - assumed 'url' /private/var/www/html/hospital/Runtime/Cache/Admin/d60922d909bd7450a1bfd723b63158fd.php 第 142 行.
NOTIC: [8] Use of undefined constant url - assumed 'url' /private/var/www/html/hospital/Runtime/Cache/Admin/d60922d909bd7450a1bfd723b63158fd.php 第 142 行.
NOTIC: [8] Use of undefined constant url - assumed 'url' /private/var/www/html/hospital/Runtime/Cache/Admin/d60922d909bd7450a1bfd723b63158fd.php 第 142 行.
NOTIC: [8] Use of undefined constant url - assumed 'url' /private/var/www/html/hospital/Runtime/Cache/Admin/d60922d909bd7450a1bfd723b63158fd.php 第 142 行.
INFO: Run Behavior\ParseTemplateBehavior [ RunTime:0.015573s ]
INFO: [ view_parse ] --END-- [ RunTime:0.015598s ]
INFO: [ view_filter ] --START--
INFO: Run Behavior\WriteHtmlCacheBehavior [ RunTime:0.000140s ]
INFO: [ view_filter ] --END-- [ RunTime:0.000160s ]
INFO: [ app_end ] --START--
INFO: Run Behavior\ShowPageTraceBehavior [ RunTime:0.000446s ]
INFO: [ app_end ] --END-- [ RunTime:0.000478s ]

[ 2017-03-18T16:02:19+08:00 ] ::1 /hospital/index.php/Admin/Dealer/edit/id/8.html
INFO: [ app_init ] --START--
INFO: Run Behavior\BuildLiteBehavior [ RunTime:0.000009s ]
INFO: [ app_init ] --END-- [ RunTime:0.000176s ]
INFO: [ app_begin ] --START--
INFO: Run Behavior\ReadHtmlCacheBehavior [ RunTime:0.000380s ]
INFO: [ app_begin ] --END-- [ RunTime:0.000417s ]
SQL: SHOW COLUMNS FROM `hs_auth_group_access` [ RunTime:0.0004s ]
NOTIC: [8] Undefined index: default- /private/var/www/html/hospital/ThinkPHP/Library/Think/Db/Driver/Mysql.class.php 第 67 行.
NOTIC: [8] Undefined index: default- /private/var/www/html/hospital/ThinkPHP/Library/Think/Db/Driver/Mysql.class.php 第 67 行.
SQL: SELECT `uid`,`group_id`,`title`,`rules` FROM hs_auth_group_access a INNER JOIN hs_auth_group g on a.group_id=g.id  WHERE ( a.uid='0' and g.status='1' )  [ RunTime:0.0003s ]
SQL: SHOW COLUMNS FROM `hs_auth_rule` [ RunTime:0.0005s ]
NOTIC: [8] Undefined index: default- /private/var/www/html/hospital/ThinkPHP/Library/Think/Db/Driver/Mysql.class.php 第 67 行.
NOTIC: [8] Undefined index: default- /private/var/www/html/hospital/ThinkPHP/Library/Think/Db/Driver/Mysql.class.php 第 67 行.
NOTIC: [8] Undefined index: default- /private/var/www/html/hospital/ThinkPHP/Library/Think/Db/Driver/Mysql.class.php 第 67 行.
NOTIC: [8] Undefined index: default- /private/var/www/html/hospital/ThinkPHP/Library/Think/Db/Driver/Mysql.class.php 第 67 行.
NOTIC: [8] Undefined index: default- /private/var/www/html/hospital/ThinkPHP/Library/Think/Db/Driver/Mysql.class.php 第 67 行.
NOTIC: [8] Undefined index: default- /private/var/www/html/hospital/ThinkPHP/Library/Think/Db/Driver/Mysql.class.php 第 67 行.
NOTIC: [8] Undefined index: default- /private/var/www/html/hospital/ThinkPHP/Library/Think/Db/Driver/Mysql.class.php 第 67 行.
SQL: SELECT `condition`,`name` FROM `hs_auth_rule` WHERE `id` IN ('2','21','22','3','19','20','32','33','35') AND `type` = 1 AND `status` = 1  [ RunTime:0.0003s ]
SQL: SHOW COLUMNS FROM `hs_dealer` [ RunTime:0.0005s ]
NOTIC: [8] Undefined index: default- /private/var/www/html/hospital/ThinkPHP/Library/Think/Db/Driver/Mysql.class.php 第 67 行.
NOTIC: [8] Undefined index: default- /private/var/www/html/hospital/ThinkPHP/Library/Think/Db/Driver/Mysql.class.php 第 67 行.
NOTIC: [8] Undefined index: default- /private/var/www/html/hospital/ThinkPHP/Library/Think/Db/Driver/Mysql.class.php 第 67 行.
NOTIC: [8] Undefined index: default- /private/var/www/html/hospital/ThinkPHP/Library/Think/Db/Driver/Mysql.class.php 第 67 行.
NOTIC: [8] Undefined index: default- /private/var/www/html/hospital/ThinkPHP/Library/Think/Db/Driver/Mysql.class.php 第 67 行.
NOTIC: [8] Undefined index: default- /private/var/www/html/hospital/ThinkPHP/Library/Think/Db/Driver/Mysql.class.php 第 67 行.
NOTIC: [8] Undefined index: default- /private/var/www/html/hospital/ThinkPHP/Library/Think/Db/Driver/Mysql.class.php 第 67 行.
NOTIC: [8] Undefined index: default- /private/var/www/html/hospital/ThinkPHP/Library/Think/Db/Driver/Mysql.class.php 第 67 行.
NOTIC: [8] Undefined index: default- /private/var/www/html/hospital/ThinkPHP/Library/Think/Db/Driver/Mysql.class.php 第 67 行.
NOTIC: [8] Undefined index: default- /private/var/www/html/hospital/ThinkPHP/Library/Think/Db/Driver/Mysql.class.php 第 67 行.
NOTIC: [8] Undefined index: default- /private/var/www/html/hospital/ThinkPHP/Library/Think/Db/Driver/Mysql.class.php 第 67 行.
NOTIC: [8] Undefined index: default- /private/var/www/html/hospital/ThinkPHP/Library/Think/Db/Driver/Mysql.class.php 第 67 行.
SQL: SELECT * FROM `hs_dealer` WHERE `id` = 8 LIMIT 1   [ RunTime:0.0003s ]
INFO: [ view_parse ] --START--
INFO: [ template_filter ] --START--
INFO: Run Behavior\ContentReplaceBehavior [ RunTime:0.000056s ]
INFO: [ template_filter ] --END-- [ RunTime:0.000097s ]
NOTIC: [8] Undefined index: member /private/var/www/html/hospital/Application/Common/Common/function.php 第 1014 行.
SQL: SHOW COLUMNS FROM `hs_order` [ RunTime:0.0005s ]
NOTIC: [8] Undefined index: default- /private/var/www/html/hospital/ThinkPHP/Library/Think/Db/Driver/Mysql.class.php 第 67 行.
NOTIC: [8] Undefined index: default- /private/var/www/html/hospital/ThinkPHP/Library/Think/Db/Driver/Mysql.class.php 第 67 行.
NOTIC: [8] Undefined index: default- /private/var/www/html/hospital/ThinkPHP/Library/Think/Db/Driver/Mysql.class.php 第 67 行.
NOTIC: [8] Undefined index: default- /private/var/www/html/hospital/ThinkPHP/Library/Think/Db/Driver/Mysql.class.php 第 67 行.
NOTIC: [8] Undefined index: default- /private/var/www/html/hospital/ThinkPHP/Library/Think/Db/Driver/Mysql.class.php 第 67 行.
NOTIC: [8] Undefined index: default- /private/var/www/html/hospital/ThinkPHP/Library/Think/Db/Driver/Mysql.class.php 第 67 行.
NOTIC: [8] Undefined index: default- /private/var/www/html/hospital/ThinkPHP/Library/Think/Db/Driver/Mysql.class.php 第 67 行.
NOTIC: [8] Undefined index: default- /private/var/www/html/hospital/ThinkPHP/Library/Think/Db/Driver/Mysql.class.php 第 67 行.
NOTIC: [8] Undefined index: default- /private/var/www/html/hospital/ThinkPHP/Library/Think/Db/Driver/Mysql.class.php 第 67 行.
SQL: SELECT COUNT(*) AS tp_count FROM `hs_order` WHERE `status` = 1 LIMIT 1   [ RunTime:0.0002s ]
NOTIC: [8] Undefined index: member /private/var/www/html/hospital/Application/Common/Common/function.php 第 1014 行.
SQL: SELECT COUNT(*) AS tp_count FROM `hs_order` WHERE `status` = 6 LIMIT 1   [ RunTime:0.0002s ]
NOTIC: [8] Undefined index: member /private/var/www/html/hospital/Application/Common/Common/function.php 第 1014 行.
SQL: SHOW COLUMNS FROM `hs_order` [ RunTime:0.0005s ]
NOTIC: [8] Undefined index: default- /private/var/www/html/hospital/ThinkPHP/Library/Think/Db/Driver/Mysql.class.php 第 67 行.
NOTIC: [8] Undefined index: default- /private/var/www/html/hospital/ThinkPHP/Library/Think/Db/Driver/Mysql.class.php 第 67 行.
NOTIC: [8] Undefined index: default- /private/var/www/html/hospital/ThinkPHP/Library/Think/Db/Driver/Mysql.class.php 第 67 行.
NOTIC: [8] Undefined index: default- /private/var/www/html/hospital/ThinkPHP/Library/Think/Db/Driver/Mysql.class.php 第 67 行.
NOTIC: [8] Undefined index: default- /private/var/www/html/hospital/ThinkPHP/Library/Think/Db/Driver/Mysql.class.php 第 67 行.
NOTIC: [8] Undefined index: default- /private/var/www/html/hospital/ThinkPHP/Library/Think/Db/Driver/Mysql.class.php 第 67 行.
NOTIC: [8] Undefined index: default- /private/var/www/html/hospital/ThinkPHP/Library/Think/Db/Driver/Mysql.class.php 第 67 行.
NOTIC: [8] Undefined index: default- /private/var/www/html/hospital/ThinkPHP/Library/Think/Db/Driver/Mysql.class.php 第 67 行.
NOTIC: [8] Undefined index: default- /private/var/www/html/hospital/ThinkPHP/Library/Think/Db/Driver/Mysql.class.php 第 67 行.
SQL: SELECT COUNT(*) AS tp_count FROM `hs_order` WHERE `status` = 1 LIMIT 1   [ RunTime:0.0002s ]
NOTIC: [8] Undefined index: member /private/var/www/html/hospital/Application/Common/Common/function.php 第 1014 行.
SQL: SELECT COUNT(*) AS tp_count FROM `hs_order` WHERE `status` = 6 LIMIT 1   [ RunTime:0.0002s ]
NOTIC: [2048] Declaration of Admin\Model\NavModel::getTreeData() should be compatible with Admin\Model\BaseModel::getTreeData($type = 'tree', $order = '', $name = 'name', $child = 'id', $parent = 'pid') /private/var/www/html/hospital/Application/Admin/Model/NavModel.class.php 第 8 行.
SQL: SHOW COLUMNS FROM `hs_nav` [ RunTime:0.0004s ]
NOTIC: [8] Undefined index: default- /private/var/www/html/hospital/ThinkPHP/Library/Think/Db/Driver/Mysql.class.php 第 67 行.
NOTIC: [8] Undefined index: default- /private/var/www/html/hospital/ThinkPHP/Library/Think/Db/Driver/Mysql.class.php 第 67 行.
NOTIC: [8] Undefined index: default- /private/var/www/html/hospital/ThinkPHP/Library/Think/Db/Driver/Mysql.class.php 第 67 行.
NOTIC: [8] Undefined index: default- /private/var/www/html/hospital/ThinkPHP/Library/Think/Db/Driver/Mysql.class.php 第 67 行.
NOTIC: [8] Undefined index: default- /private/var/www/html/hospital/ThinkPHP/Library/Think/Db/Driver/Mysql.class.php 第 67 行.
NOTIC: [8] Undefined index: default- /private/var/www/html/hospital/ThinkPHP/Library/Think/Db/Driver/Mysql.class.php 第 67 行.
SQL: SELECT * FROM `hs_nav` ORDER BY order_number is null,order_number,id  [ RunTime:0.0002s ]
SQL: SHOW COLUMNS FROM `hs_auth_group_access` [ RunTime:0.0004s ]
NOTIC: [8] Undefined index: default- /private/var/www/html/hospital/ThinkPHP/Library/Think/Db/Driver/Mysql.class.php 第 67 行.
NOTIC: [8] Undefined index: default- /private/var/www/html/hospital/ThinkPHP/Library/Think/Db/Driver/Mysql.class.php 第 67 行.
SQL: SELECT `uid`,`group_id`,`title`,`rules` FROM hs_auth_group_access a INNER JOIN hs_auth_group g on a.group_id=g.id  WHERE ( a.uid='1' and g.status='1' )  [ RunTime:0.0003s ]
SQL: SHOW COLUMNS FROM `hs_auth_rule` [ RunTime:0.0004s ]
NOTIC: [8] Undefined index: default- /private/var/www/html/hospital/ThinkPHP/Library/Think/Db/Driver/Mysql.class.php 第 67 行.
NOTIC: [8] Undefined index: default- /private/var/www/html/hospital/ThinkPHP/Library/Think/Db/Driver/Mysql.class.php 第 67 行.
NOTIC: [8] Undefined index: default- /private/var/www/html/hospital/ThinkPHP/Library/Think/Db/Driver/Mysql.class.php 第 67 行.
NOTIC: [8] Undefined index: default- /private/var/www/html/hospital/ThinkPHP/Library/Think/Db/Driver/Mysql.class.php 第 67 行.
NOTIC: [8] Undefined index: default- /private/var/www/html/hospital/ThinkPHP/Library/Think/Db/Driver/Mysql.class.php 第 67 行.
NOTIC: [8] Undefined index: default- /private/var/www/html/hospital/ThinkPHP/Library/Think/Db/Driver/Mysql.class.php 第 67 行.
NOTIC: [8] Undefined index: default- /private/var/www/html/hospital/ThinkPHP/Library/Think/Db/Driver/Mysql.class.php 第 67 行.
SQL: SELECT `condition`,`name` FROM `hs_auth_rule` WHERE `id` IN ('1','2','3','4','5','6','7','8','9','10','11','12','13','14','15','16','17','18','19','20','77','78','79') AND `type` = 1 AND `status` = 1  [ RunTime:0.0003s ]
NOTIC: [8] Use of undefined constant url - assumed 'url' /private/var/www/html/hospital/Runtime/Cache/Admin/ce7e597fc00b25fc4d9ef4cbf5931bb2.php 第 134 行.
NOTIC: [8] Use of undefined constant url - assumed 'url' /private/var/www/html/hospital/Runtime/Cache/Admin/ce7e597fc00b25fc4d9ef4cbf5931bb2.php 第 134 行.
NOTIC: [8] Use of undefined constant url - assumed 'url' /private/var/www/html/hospital/Runtime/Cache/Admin/ce7e597fc00b25fc4d9ef4cbf5931bb2.php 第 134 行.
NOTIC: [8] Use of undefined constant url - assumed 'url' /private/var/www/html/hospital/Runtime/Cache/Admin/ce7e597fc00b25fc4d9ef4cbf5931bb2.php 第 134 行.
NOTIC: [8] Use of undefined constant url - assumed 'url' /private/var/www/html/hospital/Runtime/Cache/Admin/ce7e597fc00b25fc4d9ef4cbf5931bb2.php 第 134 行.
NOTIC: [8] Use of undefined constant url - assumed 'url' /private/var/www/html/hospital/Runtime/Cache/Admin/ce7e597fc00b25fc4d9ef4cbf5931bb2.php 第 134 行.
NOTIC: [8] Use of undefined constant url - assumed 'url' /private/var/www/html/hospital/Runtime/Cache/Admin/ce7e597fc00b25fc4d9ef4cbf5931bb2.php 第 134 行.
NOTIC: [8] Use of undefined constant url - assumed 'url' /private/var/www/html/hospital/Runtime/Cache/Admin/ce7e597fc00b25fc4d9ef4cbf5931bb2.php 第 134 行.
INFO: Run Behavior\ParseTemplateBehavior [ RunTime:0.015156s ]
INFO: [ view_parse ] --END-- [ RunTime:0.015186s ]
INFO: [ view_filter ] --START--
INFO: Run Behavior\WriteHtmlCacheBehavior [ RunTime:0.000143s ]
INFO: [ view_filter ] --END-- [ RunTime:0.000164s ]
INFO: [ app_end ] --START--
INFO: Run Behavior\ShowPageTraceBehavior [ RunTime:0.000326s ]
INFO: [ app_end ] --END-- [ RunTime:0.000361s ]

[ 2017-03-18T16:02:21+08:00 ] ::1 /hospital/index.php/Admin/Dealer/index.html
INFO: [ app_init ] --START--
INFO: Run Behavior\BuildLiteBehavior [ RunTime:0.000035s ]
INFO: [ app_init ] --END-- [ RunTime:0.000730s ]
INFO: [ app_begin ] --START--
INFO: Run Behavior\ReadHtmlCacheBehavior [ RunTime:0.000796s ]
INFO: [ app_begin ] --END-- [ RunTime:0.002568s ]
SQL: SHOW COLUMNS FROM `hs_auth_group_access` [ RunTime:0.0015s ]
NOTIC: [8] Undefined index: default- /private/var/www/html/hospital/ThinkPHP/Library/Think/Db/Driver/Mysql.class.php 第 67 行.
NOTIC: [8] Undefined index: default- /private/var/www/html/hospital/ThinkPHP/Library/Think/Db/Driver/Mysql.class.php 第 67 行.
SQL: SELECT `uid`,`group_id`,`title`,`rules` FROM hs_auth_group_access a INNER JOIN hs_auth_group g on a.group_id=g.id  WHERE ( a.uid='0' and g.status='1' )  [ RunTime:0.0011s ]
SQL: SHOW COLUMNS FROM `hs_auth_rule` [ RunTime:0.0017s ]
NOTIC: [8] Undefined index: default- /private/var/www/html/hospital/ThinkPHP/Library/Think/Db/Driver/Mysql.class.php 第 67 行.
NOTIC: [8] Undefined index: default- /private/var/www/html/hospital/ThinkPHP/Library/Think/Db/Driver/Mysql.class.php 第 67 行.
NOTIC: [8] Undefined index: default- /private/var/www/html/hospital/ThinkPHP/Library/Think/Db/Driver/Mysql.class.php 第 67 行.
NOTIC: [8] Undefined index: default- /private/var/www/html/hospital/ThinkPHP/Library/Think/Db/Driver/Mysql.class.php 第 67 行.
NOTIC: [8] Undefined index: default- /private/var/www/html/hospital/ThinkPHP/Library/Think/Db/Driver/Mysql.class.php 第 67 行.
NOTIC: [8] Undefined index: default- /private/var/www/html/hospital/ThinkPHP/Library/Think/Db/Driver/Mysql.class.php 第 67 行.
NOTIC: [8] Undefined index: default- /private/var/www/html/hospital/ThinkPHP/Library/Think/Db/Driver/Mysql.class.php 第 67 行.
SQL: SELECT `condition`,`name` FROM `hs_auth_rule` WHERE `id` IN ('2','21','22','3','19','20','32','33','35') AND `type` = 1 AND `status` = 1  [ RunTime:0.0008s ]
SQL: SHOW COLUMNS FROM `hs_dealer` [ RunTime:0.0007s ]
NOTIC: [8] Undefined index: default- /private/var/www/html/hospital/ThinkPHP/Library/Think/Db/Driver/Mysql.class.php 第 67 行.
NOTIC: [8] Undefined index: default- /private/var/www/html/hospital/ThinkPHP/Library/Think/Db/Driver/Mysql.class.php 第 67 行.
NOTIC: [8] Undefined index: default- /private/var/www/html/hospital/ThinkPHP/Library/Think/Db/Driver/Mysql.class.php 第 67 行.
NOTIC: [8] Undefined index: default- /private/var/www/html/hospital/ThinkPHP/Library/Think/Db/Driver/Mysql.class.php 第 67 行.
NOTIC: [8] Undefined index: default- /private/var/www/html/hospital/ThinkPHP/Library/Think/Db/Driver/Mysql.class.php 第 67 行.
NOTIC: [8] Undefined index: default- /private/var/www/html/hospital/ThinkPHP/Library/Think/Db/Driver/Mysql.class.php 第 67 行.
NOTIC: [8] Undefined index: default- /private/var/www/html/hospital/ThinkPHP/Library/Think/Db/Driver/Mysql.class.php 第 67 行.
NOTIC: [8] Undefined index: default- /private/var/www/html/hospital/ThinkPHP/Library/Think/Db/Driver/Mysql.class.php 第 67 行.
NOTIC: [8] Undefined index: default- /private/var/www/html/hospital/ThinkPHP/Library/Think/Db/Driver/Mysql.class.php 第 67 行.
NOTIC: [8] Undefined index: default- /private/var/www/html/hospital/ThinkPHP/Library/Think/Db/Driver/Mysql.class.php 第 67 行.
NOTIC: [8] Undefined index: default- /private/var/www/html/hospital/ThinkPHP/Library/Think/Db/Driver/Mysql.class.php 第 67 行.
NOTIC: [8] Undefined index: default- /private/var/www/html/hospital/ThinkPHP/Library/Think/Db/Driver/Mysql.class.php 第 67 行.
SQL: SELECT COUNT(*) AS tp_count FROM `hs_dealer` LIMIT 1   [ RunTime:0.0002s ]
SQL: SELECT * FROM `hs_dealer` LIMIT 0,10   [ RunTime:0.0003s ]
NOTIC: [8] Undefined variable: the_first /private/var/www/html/hospital/ThinkPHP/Library/Org/Nx/Page.class.php 第 127 行.
NOTIC: [8] Undefined variable: the_end /private/var/www/html/hospital/ThinkPHP/Library/Org/Nx/Page.class.php 第 127 行.
NOTIC: [8] Undefined variable: the_first /private/var/www/html/hospital/ThinkPHP/Library/Org/Nx/Page.class.php 第 131 行.
NOTIC: [8] Undefined variable: the_end /private/var/www/html/hospital/ThinkPHP/Library/Org/Nx/Page.class.php 第 131 行.
INFO: [ view_parse ] --START--
INFO: [ template_filter ] --START--
INFO: Run Behavior\ContentReplaceBehavior [ RunTime:0.000124s ]
INFO: [ template_filter ] --END-- [ RunTime:0.000228s ]
NOTIC: [8] Undefined index: member /private/var/www/html/hospital/Application/Common/Common/function.php 第 1014 行.
SQL: SHOW COLUMNS FROM `hs_order` [ RunTime:0.0009s ]
NOTIC: [8] Undefined index: default- /private/var/www/html/hospital/ThinkPHP/Library/Think/Db/Driver/Mysql.class.php 第 67 行.
NOTIC: [8] Undefined index: default- /private/var/www/html/hospital/ThinkPHP/Library/Think/Db/Driver/Mysql.class.php 第 67 行.
NOTIC: [8] Undefined index: default- /private/var/www/html/hospital/ThinkPHP/Library/Think/Db/Driver/Mysql.class.php 第 67 行.
NOTIC: [8] Undefined index: default- /private/var/www/html/hospital/ThinkPHP/Library/Think/Db/Driver/Mysql.class.php 第 67 行.
NOTIC: [8] Undefined index: default- /private/var/www/html/hospital/ThinkPHP/Library/Think/Db/Driver/Mysql.class.php 第 67 行.
NOTIC: [8] Undefined index: default- /private/var/www/html/hospital/ThinkPHP/Library/Think/Db/Driver/Mysql.class.php 第 67 行.
NOTIC: [8] Undefined index: default- /private/var/www/html/hospital/ThinkPHP/Library/Think/Db/Driver/Mysql.class.php 第 67 行.
NOTIC: [8] Undefined index: default- /private/var/www/html/hospital/ThinkPHP/Library/Think/Db/Driver/Mysql.class.php 第 67 行.
NOTIC: [8] Undefined index: default- /private/var/www/html/hospital/ThinkPHP/Library/Think/Db/Driver/Mysql.class.php 第 67 行.
SQL: SELECT COUNT(*) AS tp_count FROM `hs_order` WHERE `status` = 1 LIMIT 1   [ RunTime:0.0006s ]
NOTIC: [8] Undefined index: member /private/var/www/html/hospital/Application/Common/Common/function.php 第 1014 行.
SQL: SELECT COUNT(*) AS tp_count FROM `hs_order` WHERE `status` = 6 LIMIT 1   [ RunTime:0.0005s ]
NOTIC: [8] Undefined index: member /private/var/www/html/hospital/Application/Common/Common/function.php 第 1014 行.
SQL: SHOW COLUMNS FROM `hs_order` [ RunTime:0.0011s ]
NOTIC: [8] Undefined index: default- /private/var/www/html/hospital/ThinkPHP/Library/Think/Db/Driver/Mysql.class.php 第 67 行.
NOTIC: [8] Undefined index: default- /private/var/www/html/hospital/ThinkPHP/Library/Think/Db/Driver/Mysql.class.php 第 67 行.
NOTIC: [8] Undefined index: default- /private/var/www/html/hospital/ThinkPHP/Library/Think/Db/Driver/Mysql.class.php 第 67 行.
NOTIC: [8] Undefined index: default- /private/var/www/html/hospital/ThinkPHP/Library/Think/Db/Driver/Mysql.class.php 第 67 行.
NOTIC: [8] Undefined index: default- /private/var/www/html/hospital/ThinkPHP/Library/Think/Db/Driver/Mysql.class.php 第 67 行.
NOTIC: [8] Undefined index: default- /private/var/www/html/hospital/ThinkPHP/Library/Think/Db/Driver/Mysql.class.php 第 67 行.
NOTIC: [8] Undefined index: default- /private/var/www/html/hospital/ThinkPHP/Library/Think/Db/Driver/Mysql.class.php 第 67 行.
NOTIC: [8] Undefined index: default- /private/var/www/html/hospital/ThinkPHP/Library/Think/Db/Driver/Mysql.class.php 第 67 行.
NOTIC: [8] Undefined index: default- /private/var/www/html/hospital/ThinkPHP/Library/Think/Db/Driver/Mysql.class.php 第 67 行.
SQL: SELECT COUNT(*) AS tp_count FROM `hs_order` WHERE `status` = 1 LIMIT 1   [ RunTime:0.0004s ]
NOTIC: [8] Undefined index: member /private/var/www/html/hospital/Application/Common/Common/function.php 第 1014 行.
SQL: SELECT COUNT(*) AS tp_count FROM `hs_order` WHERE `status` = 6 LIMIT 1   [ RunTime:0.0006s ]
NOTIC: [2048] Declaration of Admin\Model\NavModel::getTreeData() should be compatible with Admin\Model\BaseModel::getTreeData($type = 'tree', $order = '', $name = 'name', $child = 'id', $parent = 'pid') /private/var/www/html/hospital/Application/Admin/Model/NavModel.class.php 第 69 行.
SQL: SHOW COLUMNS FROM `hs_nav` [ RunTime:0.0018s ]
NOTIC: [8] Undefined index: default- /private/var/www/html/hospital/ThinkPHP/Library/Think/Db/Driver/Mysql.class.php 第 67 行.
NOTIC: [8] Undefined index: default- /private/var/www/html/hospital/ThinkPHP/Library/Think/Db/Driver/Mysql.class.php 第 67 行.
NOTIC: [8] Undefined index: default- /private/var/www/html/hospital/ThinkPHP/Library/Think/Db/Driver/Mysql.class.php 第 67 行.
NOTIC: [8] Undefined index: default- /private/var/www/html/hospital/ThinkPHP/Library/Think/Db/Driver/Mysql.class.php 第 67 行.
NOTIC: [8] Undefined index: default- /private/var/www/html/hospital/ThinkPHP/Library/Think/Db/Driver/Mysql.class.php 第 67 行.
NOTIC: [8] Undefined index: default- /private/var/www/html/hospital/ThinkPHP/Library/Think/Db/Driver/Mysql.class.php 第 67 行.
SQL: SELECT * FROM `hs_nav` ORDER BY order_number is null,order_number,id  [ RunTime:0.0017s ]
SQL: SHOW COLUMNS FROM `hs_auth_group_access` [ RunTime:0.0008s ]
NOTIC: [8] Undefined index: default- /private/var/www/html/hospital/ThinkPHP/Library/Think/Db/Driver/Mysql.class.php 第 67 行.
NOTIC: [8] Undefined index: default- /private/var/www/html/hospital/ThinkPHP/Library/Think/Db/Driver/Mysql.class.php 第 67 行.
SQL: SELECT `uid`,`group_id`,`title`,`rules` FROM hs_auth_group_access a INNER JOIN hs_auth_group g on a.group_id=g.id  WHERE ( a.uid='1' and g.status='1' )  [ RunTime:0.0005s ]
SQL: SHOW COLUMNS FROM `hs_auth_rule` [ RunTime:0.0004s ]
NOTIC: [8] Undefined index: default- /private/var/www/html/hospital/ThinkPHP/Library/Think/Db/Driver/Mysql.class.php 第 67 行.
NOTIC: [8] Undefined index: default- /private/var/www/html/hospital/ThinkPHP/Library/Think/Db/Driver/Mysql.class.php 第 67 行.
NOTIC: [8] Undefined index: default- /private/var/www/html/hospital/ThinkPHP/Library/Think/Db/Driver/Mysql.class.php 第 67 行.
NOTIC: [8] Undefined index: default- /private/var/www/html/hospital/ThinkPHP/Library/Think/Db/Driver/Mysql.class.php 第 67 行.
NOTIC: [8] Undefined index: default- /private/var/www/html/hospital/ThinkPHP/Library/Think/Db/Driver/Mysql.class.php 第 67 行.
NOTIC: [8] Undefined index: default- /private/var/www/html/hospital/ThinkPHP/Library/Think/Db/Driver/Mysql.class.php 第 67 行.
NOTIC: [8] Undefined index: default- /private/var/www/html/hospital/ThinkPHP/Library/Think/Db/Driver/Mysql.class.php 第 67 行.
SQL: SELECT `condition`,`name` FROM `hs_auth_rule` WHERE `id` IN ('1','2','3','4','5','6','7','8','9','10','11','12','13','14','15','16','17','18','19','20','77','78','79') AND `type` = 1 AND `status` = 1  [ RunTime:0.0005s ]
NOTIC: [8] Use of undefined constant url - assumed 'url' /private/var/www/html/hospital/Runtime/Cache/Admin/d60922d909bd7450a1bfd723b63158fd.php 第 142 行.
NOTIC: [8] Use of undefined constant url - assumed 'url' /private/var/www/html/hospital/Runtime/Cache/Admin/d60922d909bd7450a1bfd723b63158fd.php 第 142 行.
NOTIC: [8] Use of undefined constant url - assumed 'url' /private/var/www/html/hospital/Runtime/Cache/Admin/d60922d909bd7450a1bfd723b63158fd.php 第 142 行.
NOTIC: [8] Use of undefined constant url - assumed 'url' /private/var/www/html/hospital/Runtime/Cache/Admin/d60922d909bd7450a1bfd723b63158fd.php 第 142 行.
NOTIC: [8] Use of undefined constant url - assumed 'url' /private/var/www/html/hospital/Runtime/Cache/Admin/d60922d909bd7450a1bfd723b63158fd.php 第 142 行.
NOTIC: [8] Use of undefined constant url - assumed 'url' /private/var/www/html/hospital/Runtime/Cache/Admin/d60922d909bd7450a1bfd723b63158fd.php 第 142 行.
NOTIC: [8] Use of undefined constant url - assumed 'url' /private/var/www/html/hospital/Runtime/Cache/Admin/d60922d909bd7450a1bfd723b63158fd.php 第 142 行.
NOTIC: [8] Use of undefined constant url - assumed 'url' /private/var/www/html/hospital/Runtime/Cache/Admin/d60922d909bd7450a1bfd723b63158fd.php 第 142 行.
INFO: Run Behavior\ParseTemplateBehavior [ RunTime:0.034004s ]
INFO: [ view_parse ] --END-- [ RunTime:0.034028s ]
INFO: [ view_filter ] --START--
INFO: Run Behavior\WriteHtmlCacheBehavior [ RunTime:0.000180s ]
INFO: [ view_filter ] --END-- [ RunTime:0.000202s ]
INFO: [ app_end ] --START--
INFO: Run Behavior\ShowPageTraceBehavior [ RunTime:0.000386s ]
INFO: [ app_end ] --END-- [ RunTime:0.000436s ]

[ 2017-03-18T16:02:33+08:00 ] ::1 /hospital/index.php/Admin/Dealer/del/id/8
INFO: [ app_init ] --START--
INFO: Run Behavior\BuildLiteBehavior [ RunTime:0.000013s ]
INFO: [ app_init ] --END-- [ RunTime:0.000452s ]
INFO: [ app_begin ] --START--
INFO: Run Behavior\ReadHtmlCacheBehavior [ RunTime:0.000268s ]
INFO: [ app_begin ] --END-- [ RunTime:0.000311s ]
SQL: SHOW COLUMNS FROM `hs_auth_group_access` [ RunTime:0.0004s ]
NOTIC: [8] Undefined index: default- /private/var/www/html/hospital/ThinkPHP/Library/Think/Db/Driver/Mysql.class.php 第 67 行.
NOTIC: [8] Undefined index: default- /private/var/www/html/hospital/ThinkPHP/Library/Think/Db/Driver/Mysql.class.php 第 67 行.
SQL: SELECT `uid`,`group_id`,`title`,`rules` FROM hs_auth_group_access a INNER JOIN hs_auth_group g on a.group_id=g.id  WHERE ( a.uid='0' and g.status='1' )  [ RunTime:0.0003s ]
SQL: SHOW COLUMNS FROM `hs_auth_rule` [ RunTime:0.0004s ]
NOTIC: [8] Undefined index: default- /private/var/www/html/hospital/ThinkPHP/Library/Think/Db/Driver/Mysql.class.php 第 67 行.
NOTIC: [8] Undefined index: default- /private/var/www/html/hospital/ThinkPHP/Library/Think/Db/Driver/Mysql.class.php 第 67 行.
NOTIC: [8] Undefined index: default- /private/var/www/html/hospital/ThinkPHP/Library/Think/Db/Driver/Mysql.class.php 第 67 行.
NOTIC: [8] Undefined index: default- /private/var/www/html/hospital/ThinkPHP/Library/Think/Db/Driver/Mysql.class.php 第 67 行.
NOTIC: [8] Undefined index: default- /private/var/www/html/hospital/ThinkPHP/Library/Think/Db/Driver/Mysql.class.php 第 67 行.
NOTIC: [8] Undefined index: default- /private/var/www/html/hospital/ThinkPHP/Library/Think/Db/Driver/Mysql.class.php 第 67 行.
NOTIC: [8] Undefined index: default- /private/var/www/html/hospital/ThinkPHP/Library/Think/Db/Driver/Mysql.class.php 第 67 行.
SQL: SELECT `condition`,`name` FROM `hs_auth_rule` WHERE `id` IN ('2','21','22','3','19','20','32','33','35') AND `type` = 1 AND `status` = 1  [ RunTime:0.0003s ]
SQL: SHOW COLUMNS FROM `hs_dealer` [ RunTime:0.0004s ]
NOTIC: [8] Undefined index: default- /private/var/www/html/hospital/ThinkPHP/Library/Think/Db/Driver/Mysql.class.php 第 67 行.
NOTIC: [8] Undefined index: default- /private/var/www/html/hospital/ThinkPHP/Library/Think/Db/Driver/Mysql.class.php 第 67 行.
NOTIC: [8] Undefined index: default- /private/var/www/html/hospital/ThinkPHP/Library/Think/Db/Driver/Mysql.class.php 第 67 行.
NOTIC: [8] Undefined index: default- /private/var/www/html/hospital/ThinkPHP/Library/Think/Db/Driver/Mysql.class.php 第 67 行.
NOTIC: [8] Undefined index: default- /private/var/www/html/hospital/ThinkPHP/Library/Think/Db/Driver/Mysql.class.php 第 67 行.
NOTIC: [8] Undefined index: default- /private/var/www/html/hospital/ThinkPHP/Library/Think/Db/Driver/Mysql.class.php 第 67 行.
NOTIC: [8] Undefined index: default- /private/var/www/html/hospital/ThinkPHP/Library/Think/Db/Driver/Mysql.class.php 第 67 行.
NOTIC: [8] Undefined index: default- /private/var/www/html/hospital/ThinkPHP/Library/Think/Db/Driver/Mysql.class.php 第 67 行.
NOTIC: [8] Undefined index: default- /private/var/www/html/hospital/ThinkPHP/Library/Think/Db/Driver/Mysql.class.php 第 67 行.
NOTIC: [8] Undefined index: default- /private/var/www/html/hospital/ThinkPHP/Library/Think/Db/Driver/Mysql.class.php 第 67 行.
NOTIC: [8] Undefined index: default- /private/var/www/html/hospital/ThinkPHP/Library/Think/Db/Driver/Mysql.class.php 第 67 行.
NOTIC: [8] Undefined index: default- /private/var/www/html/hospital/ThinkPHP/Library/Think/Db/Driver/Mysql.class.php 第 67 行.
SQL: DELETE FROM `hs_dealer` WHERE `id` = 8 [ RunTime:0.0116s ]
INFO: [ view_parse ] --START--
INFO: [ template_filter ] --START--
INFO: Run Behavior\ContentReplaceBehavior [ RunTime:0.000025s ]
INFO: [ template_filter ] --END-- [ RunTime:0.000062s ]
INFO: Run Behavior\ParseTemplateBehavior [ RunTime:0.010194s ]
INFO: [ view_parse ] --END-- [ RunTime:0.010255s ]
INFO: [ view_filter ] --START--
INFO: Run Behavior\WriteHtmlCacheBehavior [ RunTime:0.000167s ]
INFO: [ view_filter ] --END-- [ RunTime:0.000210s ]
INFO: [ app_end ] --START--
INFO: Run Behavior\ShowPageTraceBehavior [ RunTime:0.000443s ]
INFO: [ app_end ] --END-- [ RunTime:0.000484s ]

[ 2017-03-18T16:02:34+08:00 ] ::1 /hospital/index.php/Admin/Dealer/index.html
INFO: [ app_init ] --START--
INFO: Run Behavior\BuildLiteBehavior [ RunTime:0.000071s ]
INFO: [ app_init ] --END-- [ RunTime:0.000295s ]
INFO: [ app_begin ] --START--
INFO: Run Behavior\ReadHtmlCacheBehavior [ RunTime:0.000646s ]
INFO: [ app_begin ] --END-- [ RunTime:0.000771s ]
SQL: SHOW COLUMNS FROM `hs_auth_group_access` [ RunTime:0.0004s ]
NOTIC: [8] Undefined index: default- /private/var/www/html/hospital/ThinkPHP/Library/Think/Db/Driver/Mysql.class.php 第 67 行.
NOTIC: [8] Undefined index: default- /private/var/www/html/hospital/ThinkPHP/Library/Think/Db/Driver/Mysql.class.php 第 67 行.
SQL: SELECT `uid`,`group_id`,`title`,`rules` FROM hs_auth_group_access a INNER JOIN hs_auth_group g on a.group_id=g.id  WHERE ( a.uid='0' and g.status='1' )  [ RunTime:0.0003s ]
SQL: SHOW COLUMNS FROM `hs_auth_rule` [ RunTime:0.0004s ]
NOTIC: [8] Undefined index: default- /private/var/www/html/hospital/ThinkPHP/Library/Think/Db/Driver/Mysql.class.php 第 67 行.
NOTIC: [8] Undefined index: default- /private/var/www/html/hospital/ThinkPHP/Library/Think/Db/Driver/Mysql.class.php 第 67 行.
NOTIC: [8] Undefined index: default- /private/var/www/html/hospital/ThinkPHP/Library/Think/Db/Driver/Mysql.class.php 第 67 行.
NOTIC: [8] Undefined index: default- /private/var/www/html/hospital/ThinkPHP/Library/Think/Db/Driver/Mysql.class.php 第 67 行.
NOTIC: [8] Undefined index: default- /private/var/www/html/hospital/ThinkPHP/Library/Think/Db/Driver/Mysql.class.php 第 67 行.
NOTIC: [8] Undefined index: default- /private/var/www/html/hospital/ThinkPHP/Library/Think/Db/Driver/Mysql.class.php 第 67 行.
NOTIC: [8] Undefined index: default- /private/var/www/html/hospital/ThinkPHP/Library/Think/Db/Driver/Mysql.class.php 第 67 行.
SQL: SELECT `condition`,`name` FROM `hs_auth_rule` WHERE `id` IN ('2','21','22','3','19','20','32','33','35') AND `type` = 1 AND `status` = 1  [ RunTime:0.0002s ]
SQL: SHOW COLUMNS FROM `hs_dealer` [ RunTime:0.0006s ]
NOTIC: [8] Undefined index: default- /private/var/www/html/hospital/ThinkPHP/Library/Think/Db/Driver/Mysql.class.php 第 67 行.
NOTIC: [8] Undefined index: default- /private/var/www/html/hospital/ThinkPHP/Library/Think/Db/Driver/Mysql.class.php 第 67 行.
NOTIC: [8] Undefined index: default- /private/var/www/html/hospital/ThinkPHP/Library/Think/Db/Driver/Mysql.class.php 第 67 行.
NOTIC: [8] Undefined index: default- /private/var/www/html/hospital/ThinkPHP/Library/Think/Db/Driver/Mysql.class.php 第 67 行.
NOTIC: [8] Undefined index: default- /private/var/www/html/hospital/ThinkPHP/Library/Think/Db/Driver/Mysql.class.php 第 67 行.
NOTIC: [8] Undefined index: default- /private/var/www/html/hospital/ThinkPHP/Library/Think/Db/Driver/Mysql.class.php 第 67 行.
NOTIC: [8] Undefined index: default- /private/var/www/html/hospital/ThinkPHP/Library/Think/Db/Driver/Mysql.class.php 第 67 行.
NOTIC: [8] Undefined index: default- /private/var/www/html/hospital/ThinkPHP/Library/Think/Db/Driver/Mysql.class.php 第 67 行.
NOTIC: [8] Undefined index: default- /private/var/www/html/hospital/ThinkPHP/Library/Think/Db/Driver/Mysql.class.php 第 67 行.
NOTIC: [8] Undefined index: default- /private/var/www/html/hospital/ThinkPHP/Library/Think/Db/Driver/Mysql.class.php 第 67 行.
NOTIC: [8] Undefined index: default- /private/var/www/html/hospital/ThinkPHP/Library/Think/Db/Driver/Mysql.class.php 第 67 行.
NOTIC: [8] Undefined index: default- /private/var/www/html/hospital/ThinkPHP/Library/Think/Db/Driver/Mysql.class.php 第 67 行.
SQL: SELECT COUNT(*) AS tp_count FROM `hs_dealer` LIMIT 1   [ RunTime:0.0002s ]
SQL: SELECT * FROM `hs_dealer` LIMIT 0,10   [ RunTime:0.0003s ]
NOTIC: [8] Undefined variable: the_first /private/var/www/html/hospital/ThinkPHP/Library/Org/Nx/Page.class.php 第 127 行.
NOTIC: [8] Undefined variable: the_end /private/var/www/html/hospital/ThinkPHP/Library/Org/Nx/Page.class.php 第 127 行.
NOTIC: [8] Undefined variable: the_first /private/var/www/html/hospital/ThinkPHP/Library/Org/Nx/Page.class.php 第 131 行.
NOTIC: [8] Undefined variable: the_end /private/var/www/html/hospital/ThinkPHP/Library/Org/Nx/Page.class.php 第 131 行.
INFO: [ view_parse ] --START--
INFO: [ template_filter ] --START--
INFO: Run Behavior\ContentReplaceBehavior [ RunTime:0.000048s ]
INFO: [ template_filter ] --END-- [ RunTime:0.000080s ]
NOTIC: [8] Undefined index: member /private/var/www/html/hospital/Application/Common/Common/function.php 第 1014 行.
SQL: SHOW COLUMNS FROM `hs_order` [ RunTime:0.0005s ]
NOTIC: [8] Undefined index: default- /private/var/www/html/hospital/ThinkPHP/Library/Think/Db/Driver/Mysql.class.php 第 67 行.
NOTIC: [8] Undefined index: default- /private/var/www/html/hospital/ThinkPHP/Library/Think/Db/Driver/Mysql.class.php 第 67 行.
NOTIC: [8] Undefined index: default- /private/var/www/html/hospital/ThinkPHP/Library/Think/Db/Driver/Mysql.class.php 第 67 行.
NOTIC: [8] Undefined index: default- /private/var/www/html/hospital/ThinkPHP/Library/Think/Db/Driver/Mysql.class.php 第 67 行.
NOTIC: [8] Undefined index: default- /private/var/www/html/hospital/ThinkPHP/Library/Think/Db/Driver/Mysql.class.php 第 67 行.
NOTIC: [8] Undefined index: default- /private/var/www/html/hospital/ThinkPHP/Library/Think/Db/Driver/Mysql.class.php 第 67 行.
NOTIC: [8] Undefined index: default- /private/var/www/html/hospital/ThinkPHP/Library/Think/Db/Driver/Mysql.class.php 第 67 行.
NOTIC: [8] Undefined index: default- /private/var/www/html/hospital/ThinkPHP/Library/Think/Db/Driver/Mysql.class.php 第 67 行.
NOTIC: [8] Undefined index: default- /private/var/www/html/hospital/ThinkPHP/Library/Think/Db/Driver/Mysql.class.php 第 67 行.
SQL: SELECT COUNT(*) AS tp_count FROM `hs_order` WHERE `status` = 1 LIMIT 1   [ RunTime:0.0002s ]
NOTIC: [8] Undefined index: member /private/var/www/html/hospital/Application/Common/Common/function.php 第 1014 行.
SQL: SELECT COUNT(*) AS tp_count FROM `hs_order` WHERE `status` = 6 LIMIT 1   [ RunTime:0.0002s ]
NOTIC: [8] Undefined index: member /private/var/www/html/hospital/Application/Common/Common/function.php 第 1014 行.
SQL: SHOW COLUMNS FROM `hs_order` [ RunTime:0.0004s ]
NOTIC: [8] Undefined index: default- /private/var/www/html/hospital/ThinkPHP/Library/Think/Db/Driver/Mysql.class.php 第 67 行.
NOTIC: [8] Undefined index: default- /private/var/www/html/hospital/ThinkPHP/Library/Think/Db/Driver/Mysql.class.php 第 67 行.
NOTIC: [8] Undefined index: default- /private/var/www/html/hospital/ThinkPHP/Library/Think/Db/Driver/Mysql.class.php 第 67 行.
NOTIC: [8] Undefined index: default- /private/var/www/html/hospital/ThinkPHP/Library/Think/Db/Driver/Mysql.class.php 第 67 行.
NOTIC: [8] Undefined index: default- /private/var/www/html/hospital/ThinkPHP/Library/Think/Db/Driver/Mysql.class.php 第 67 行.
NOTIC: [8] Undefined index: default- /private/var/www/html/hospital/ThinkPHP/Library/Think/Db/Driver/Mysql.class.php 第 67 行.
NOTIC: [8] Undefined index: default- /private/var/www/html/hospital/ThinkPHP/Library/Think/Db/Driver/Mysql.class.php 第 67 行.
NOTIC: [8] Undefined index: default- /private/var/www/html/hospital/ThinkPHP/Library/Think/Db/Driver/Mysql.class.php 第 67 行.
NOTIC: [8] Undefined index: default- /private/var/www/html/hospital/ThinkPHP/Library/Think/Db/Driver/Mysql.class.php 第 67 行.
SQL: SELECT COUNT(*) AS tp_count FROM `hs_order` WHERE `status` = 1 LIMIT 1   [ RunTime:0.0002s ]
NOTIC: [8] Undefined index: member /private/var/www/html/hospital/Application/Common/Common/function.php 第 1014 行.
SQL: SELECT COUNT(*) AS tp_count FROM `hs_order` WHERE `status` = 6 LIMIT 1   [ RunTime:0.0003s ]
NOTIC: [2048] Declaration of Admin\Model\NavModel::getTreeData() should be compatible with Admin\Model\BaseModel::getTreeData($type = 'tree', $order = '', $name = 'name', $child = 'id', $parent = 'pid') /private/var/www/html/hospital/Application/Admin/Model/NavModel.class.php 第 69 行.
SQL: SHOW COLUMNS FROM `hs_nav` [ RunTime:0.0004s ]
NOTIC: [8] Undefined index: default- /private/var/www/html/hospital/ThinkPHP/Library/Think/Db/Driver/Mysql.class.php 第 67 行.
NOTIC: [8] Undefined index: default- /private/var/www/html/hospital/ThinkPHP/Library/Think/Db/Driver/Mysql.class.php 第 67 行.
NOTIC: [8] Undefined index: default- /private/var/www/html/hospital/ThinkPHP/Library/Think/Db/Driver/Mysql.class.php 第 67 行.
NOTIC: [8] Undefined index: default- /private/var/www/html/hospital/ThinkPHP/Library/Think/Db/Driver/Mysql.class.php 第 67 行.
NOTIC: [8] Undefined index: default- /private/var/www/html/hospital/ThinkPHP/Library/Think/Db/Driver/Mysql.class.php 第 67 行.
NOTIC: [8] Undefined index: default- /private/var/www/html/hospital/ThinkPHP/Library/Think/Db/Driver/Mysql.class.php 第 67 行.
SQL: SELECT * FROM `hs_nav` ORDER BY order_number is null,order_number,id  [ RunTime:0.0003s ]
SQL: SHOW COLUMNS FROM `hs_auth_group_access` [ RunTime:0.0004s ]
NOTIC: [8] Undefined index: default- /private/var/www/html/hospital/ThinkPHP/Library/Think/Db/Driver/Mysql.class.php 第 67 行.
NOTIC: [8] Undefined index: default- /private/var/www/html/hospital/ThinkPHP/Library/Think/Db/Driver/Mysql.class.php 第 67 行.
SQL: SELECT `uid`,`group_id`,`title`,`rules` FROM hs_auth_group_access a INNER JOIN hs_auth_group g on a.group_id=g.id  WHERE ( a.uid='1' and g.status='1' )  [ RunTime:0.0003s ]
SQL: SHOW COLUMNS FROM `hs_auth_rule` [ RunTime:0.0004s ]
NOTIC: [8] Undefined index: default- /private/var/www/html/hospital/ThinkPHP/Library/Think/Db/Driver/Mysql.class.php 第 67 行.
NOTIC: [8] Undefined index: default- /private/var/www/html/hospital/ThinkPHP/Library/Think/Db/Driver/Mysql.class.php 第 67 行.
NOTIC: [8] Undefined index: default- /private/var/www/html/hospital/ThinkPHP/Library/Think/Db/Driver/Mysql.class.php 第 67 行.
NOTIC: [8] Undefined index: default- /private/var/www/html/hospital/ThinkPHP/Library/Think/Db/Driver/Mysql.class.php 第 67 行.
NOTIC: [8] Undefined index: default- /private/var/www/html/hospital/ThinkPHP/Library/Think/Db/Driver/Mysql.class.php 第 67 行.
NOTIC: [8] Undefined index: default- /private/var/www/html/hospital/ThinkPHP/Library/Think/Db/Driver/Mysql.class.php 第 67 行.
NOTIC: [8] Undefined index: default- /private/var/www/html/hospital/ThinkPHP/Library/Think/Db/Driver/Mysql.class.php 第 67 行.
SQL: SELECT `condition`,`name` FROM `hs_auth_rule` WHERE `id` IN ('1','2','3','4','5','6','7','8','9','10','11','12','13','14','15','16','17','18','19','20','77','78','79') AND `type` = 1 AND `status` = 1  [ RunTime:0.0003s ]
NOTIC: [8] Use of undefined constant url - assumed 'url' /private/var/www/html/hospital/Runtime/Cache/Admin/d60922d909bd7450a1bfd723b63158fd.php 第 142 行.
NOTIC: [8] Use of undefined constant url - assumed 'url' /private/var/www/html/hospital/Runtime/Cache/Admin/d60922d909bd7450a1bfd723b63158fd.php 第 142 行.
NOTIC: [8] Use of undefined constant url - assumed 'url' /private/var/www/html/hospital/Runtime/Cache/Admin/d60922d909bd7450a1bfd723b63158fd.php 第 142 行.
NOTIC: [8] Use of undefined constant url - assumed 'url' /private/var/www/html/hospital/Runtime/Cache/Admin/d60922d909bd7450a1bfd723b63158fd.php 第 142 行.
NOTIC: [8] Use of undefined constant url - assumed 'url' /private/var/www/html/hospital/Runtime/Cache/Admin/d60922d909bd7450a1bfd723b63158fd.php 第 142 行.
NOTIC: [8] Use of undefined constant url - assumed 'url' /private/var/www/html/hospital/Runtime/Cache/Admin/d60922d909bd7450a1bfd723b63158fd.php 第 142 行.
NOTIC: [8] Use of undefined constant url - assumed 'url' /private/var/www/html/hospital/Runtime/Cache/Admin/d60922d909bd7450a1bfd723b63158fd.php 第 142 行.
NOTIC: [8] Use of undefined constant url - assumed 'url' /private/var/www/html/hospital/Runtime/Cache/Admin/d60922d909bd7450a1bfd723b63158fd.php 第 142 行.
INFO: Run Behavior\ParseTemplateBehavior [ RunTime:0.014236s ]
INFO: [ view_parse ] --END-- [ RunTime:0.014261s ]
INFO: [ view_filter ] --START--
INFO: Run Behavior\WriteHtmlCacheBehavior [ RunTime:0.000134s ]
INFO: [ view_filter ] --END-- [ RunTime:0.000155s ]
INFO: [ app_end ] --START--
INFO: Run Behavior\ShowPageTraceBehavior [ RunTime:0.000391s ]
INFO: [ app_end ] --END-- [ RunTime:0.000438s ]

