[ 2017-07-09T23:09:22+08:00 ] 127.0.0.1 /www.hospital.com/Admin
INFO: [ app_init ] --START--
INFO: Run Behavior\BuildLiteBehavior [ RunTime:0.000010s ]
INFO: [ app_init ] --END-- [ RunTime:0.000501s ]
INFO: [ app_begin ] --START--
INFO: Run Behavior\ReadHtmlCacheBehavior [ RunTime:0.000852s ]
INFO: [ app_begin ] --END-- [ RunTime:0.000921s ]
NOTIC: [8] Undefined index: shop D:\MAMP\htdocs\www.hospital.com\Application\Admin\Controller\BaseController.class.php 第 28 行.

[ 2017-07-09T23:09:22+08:00 ] 127.0.0.1 /www.hospital.com/index.php/Admin/Login/index.html
INFO: [ app_init ] --START--
INFO: Run Behavior\BuildLiteBehavior [ RunTime:0.000011s ]
INFO: [ app_init ] --END-- [ RunTime:0.000430s ]
INFO: [ app_begin ] --START--
INFO: Run Behavior\ReadHtmlCacheBehavior [ RunTime:0.000544s ]
INFO: [ app_begin ] --END-- [ RunTime:0.000590s ]
SQL: SHOW COLUMNS FROM `hs_ucenter_member` [ RunTime:0.0607s ]
NOTIC: [8] Undefined index: default- D:\MAMP\htdocs\www.hospital.com\ThinkPHP\Library\Think\Db\Driver\Mysql.class.php 第 67 行.
NOTIC: [8] Undefined index: default- D:\MAMP\htdocs\www.hospital.com\ThinkPHP\Library\Think\Db\Driver\Mysql.class.php 第 67 行.
NOTIC: [8] Undefined index: default- D:\MAMP\htdocs\www.hospital.com\ThinkPHP\Library\Think\Db\Driver\Mysql.class.php 第 67 行.
NOTIC: [8] Undefined index: default- D:\MAMP\htdocs\www.hospital.com\ThinkPHP\Library\Think\Db\Driver\Mysql.class.php 第 67 行.
NOTIC: [8] Undefined index: default- D:\MAMP\htdocs\www.hospital.com\ThinkPHP\Library\Think\Db\Driver\Mysql.class.php 第 67 行.
NOTIC: [8] Undefined index: default- D:\MAMP\htdocs\www.hospital.com\ThinkPHP\Library\Think\Db\Driver\Mysql.class.php 第 67 行.
NOTIC: [8] Undefined index: default- D:\MAMP\htdocs\www.hospital.com\ThinkPHP\Library\Think\Db\Driver\Mysql.class.php 第 67 行.
NOTIC: [8] Undefined index: default- D:\MAMP\htdocs\www.hospital.com\ThinkPHP\Library\Think\Db\Driver\Mysql.class.php 第 67 行.
NOTIC: [8] Undefined index: default- D:\MAMP\htdocs\www.hospital.com\ThinkPHP\Library\Think\Db\Driver\Mysql.class.php 第 67 行.
NOTIC: [8] Undefined index: default- D:\MAMP\htdocs\www.hospital.com\ThinkPHP\Library\Think\Db\Driver\Mysql.class.php 第 67 行.
NOTIC: [8] Undefined index: default- D:\MAMP\htdocs\www.hospital.com\ThinkPHP\Library\Think\Db\Driver\Mysql.class.php 第 67 行.
NOTIC: [8] Undefined index: default- D:\MAMP\htdocs\www.hospital.com\ThinkPHP\Library\Think\Db\Driver\Mysql.class.php 第 67 行.
INFO: [ view_parse ] --START--
INFO: [ template_filter ] --START--
INFO: Run Behavior\ContentReplaceBehavior [ RunTime:0.000080s ]
INFO: [ template_filter ] --END-- [ RunTime:0.000135s ]
INFO: Run Behavior\ParseTemplateBehavior [ RunTime:0.165869s ]
INFO: [ view_parse ] --END-- [ RunTime:0.165939s ]
INFO: [ view_filter ] --START--
INFO: Run Behavior\WriteHtmlCacheBehavior [ RunTime:0.015744s ]
INFO: [ view_filter ] --END-- [ RunTime:0.015794s ]
INFO: [ app_end ] --START--
INFO: Run Behavior\ShowPageTraceBehavior [ RunTime:0.013960s ]
INFO: [ app_end ] --END-- [ RunTime:0.014021s ]

[ 2017-07-09T23:09:29+08:00 ] 127.0.0.1 /www.hospital.com/index.php/Admin/Login/trylogin.html
INFO: [ app_init ] --START--
INFO: Run Behavior\BuildLiteBehavior [ RunTime:0.000012s ]
INFO: [ app_init ] --END-- [ RunTime:0.000514s ]
INFO: [ app_begin ] --START--
INFO: Run Behavior\ReadHtmlCacheBehavior [ RunTime:0.000731s ]
INFO: [ app_begin ] --END-- [ RunTime:0.000775s ]
SQL: SHOW COLUMNS FROM `hs_ucenter_member` [ RunTime:0.0099s ]
NOTIC: [8] Undefined index: default- D:\MAMP\htdocs\www.hospital.com\ThinkPHP\Library\Think\Db\Driver\Mysql.class.php 第 67 行.
NOTIC: [8] Undefined index: default- D:\MAMP\htdocs\www.hospital.com\ThinkPHP\Library\Think\Db\Driver\Mysql.class.php 第 67 行.
NOTIC: [8] Undefined index: default- D:\MAMP\htdocs\www.hospital.com\ThinkPHP\Library\Think\Db\Driver\Mysql.class.php 第 67 行.
NOTIC: [8] Undefined index: default- D:\MAMP\htdocs\www.hospital.com\ThinkPHP\Library\Think\Db\Driver\Mysql.class.php 第 67 行.
NOTIC: [8] Undefined index: default- D:\MAMP\htdocs\www.hospital.com\ThinkPHP\Library\Think\Db\Driver\Mysql.class.php 第 67 行.
NOTIC: [8] Undefined index: default- D:\MAMP\htdocs\www.hospital.com\ThinkPHP\Library\Think\Db\Driver\Mysql.class.php 第 67 行.
NOTIC: [8] Undefined index: default- D:\MAMP\htdocs\www.hospital.com\ThinkPHP\Library\Think\Db\Driver\Mysql.class.php 第 67 行.
NOTIC: [8] Undefined index: default- D:\MAMP\htdocs\www.hospital.com\ThinkPHP\Library\Think\Db\Driver\Mysql.class.php 第 67 行.
NOTIC: [8] Undefined index: default- D:\MAMP\htdocs\www.hospital.com\ThinkPHP\Library\Think\Db\Driver\Mysql.class.php 第 67 行.
NOTIC: [8] Undefined index: default- D:\MAMP\htdocs\www.hospital.com\ThinkPHP\Library\Think\Db\Driver\Mysql.class.php 第 67 行.
NOTIC: [8] Undefined index: default- D:\MAMP\htdocs\www.hospital.com\ThinkPHP\Library\Think\Db\Driver\Mysql.class.php 第 67 行.
NOTIC: [8] Undefined index: default- D:\MAMP\htdocs\www.hospital.com\ThinkPHP\Library\Think\Db\Driver\Mysql.class.php 第 67 行.
SQL: SELECT * FROM `hs_ucenter_member` WHERE `username` = 'admin' LIMIT 1   [ RunTime:0.0006s ]
ERR: Call to undefined function Admin\Model\think_ucenter_md5()

[ 2017-07-09T23:09:31+08:00 ] 127.0.0.1 /www.hospital.com/index.php/Admin/Login/trylogin.html
INFO: [ app_init ] --START--
INFO: Run Behavior\BuildLiteBehavior [ RunTime:0.000013s ]
INFO: [ app_init ] --END-- [ RunTime:0.000450s ]
INFO: [ app_begin ] --START--
INFO: Run Behavior\ReadHtmlCacheBehavior [ RunTime:0.000544s ]
INFO: [ app_begin ] --END-- [ RunTime:0.000588s ]
SQL: SHOW COLUMNS FROM `hs_ucenter_member` [ RunTime:0.0064s ]
NOTIC: [8] Undefined index: default- D:\MAMP\htdocs\www.hospital.com\ThinkPHP\Library\Think\Db\Driver\Mysql.class.php 第 67 行.
NOTIC: [8] Undefined index: default- D:\MAMP\htdocs\www.hospital.com\ThinkPHP\Library\Think\Db\Driver\Mysql.class.php 第 67 行.
NOTIC: [8] Undefined index: default- D:\MAMP\htdocs\www.hospital.com\ThinkPHP\Library\Think\Db\Driver\Mysql.class.php 第 67 行.
NOTIC: [8] Undefined index: default- D:\MAMP\htdocs\www.hospital.com\ThinkPHP\Library\Think\Db\Driver\Mysql.class.php 第 67 行.
NOTIC: [8] Undefined index: default- D:\MAMP\htdocs\www.hospital.com\ThinkPHP\Library\Think\Db\Driver\Mysql.class.php 第 67 行.
NOTIC: [8] Undefined index: default- D:\MAMP\htdocs\www.hospital.com\ThinkPHP\Library\Think\Db\Driver\Mysql.class.php 第 67 行.
NOTIC: [8] Undefined index: default- D:\MAMP\htdocs\www.hospital.com\ThinkPHP\Library\Think\Db\Driver\Mysql.class.php 第 67 行.
NOTIC: [8] Undefined index: default- D:\MAMP\htdocs\www.hospital.com\ThinkPHP\Library\Think\Db\Driver\Mysql.class.php 第 67 行.
NOTIC: [8] Undefined index: default- D:\MAMP\htdocs\www.hospital.com\ThinkPHP\Library\Think\Db\Driver\Mysql.class.php 第 67 行.
NOTIC: [8] Undefined index: default- D:\MAMP\htdocs\www.hospital.com\ThinkPHP\Library\Think\Db\Driver\Mysql.class.php 第 67 行.
NOTIC: [8] Undefined index: default- D:\MAMP\htdocs\www.hospital.com\ThinkPHP\Library\Think\Db\Driver\Mysql.class.php 第 67 行.
NOTIC: [8] Undefined index: default- D:\MAMP\htdocs\www.hospital.com\ThinkPHP\Library\Think\Db\Driver\Mysql.class.php 第 67 行.
SQL: SELECT * FROM `hs_ucenter_member` WHERE `username` = 'admin' LIMIT 1   [ RunTime:0.0004s ]
ERR: Call to undefined function Admin\Model\think_ucenter_md5()

[ 2017-07-09T23:09:42+08:00 ] 127.0.0.1 /www.hospital.com/index.php/Admin/Login/trylogin.html
INFO: [ app_init ] --START--
INFO: Run Behavior\BuildLiteBehavior [ RunTime:0.000010s ]
INFO: [ app_init ] --END-- [ RunTime:0.000490s ]
INFO: [ app_begin ] --START--
INFO: Run Behavior\ReadHtmlCacheBehavior [ RunTime:0.000721s ]
INFO: [ app_begin ] --END-- [ RunTime:0.000764s ]
SQL: SHOW COLUMNS FROM `hs_ucenter_member` [ RunTime:0.0061s ]
NOTIC: [8] Undefined index: default- D:\MAMP\htdocs\www.hospital.com\ThinkPHP\Library\Think\Db\Driver\Mysql.class.php 第 67 行.
NOTIC: [8] Undefined index: default- D:\MAMP\htdocs\www.hospital.com\ThinkPHP\Library\Think\Db\Driver\Mysql.class.php 第 67 行.
NOTIC: [8] Undefined index: default- D:\MAMP\htdocs\www.hospital.com\ThinkPHP\Library\Think\Db\Driver\Mysql.class.php 第 67 行.
NOTIC: [8] Undefined index: default- D:\MAMP\htdocs\www.hospital.com\ThinkPHP\Library\Think\Db\Driver\Mysql.class.php 第 67 行.
NOTIC: [8] Undefined index: default- D:\MAMP\htdocs\www.hospital.com\ThinkPHP\Library\Think\Db\Driver\Mysql.class.php 第 67 行.
NOTIC: [8] Undefined index: default- D:\MAMP\htdocs\www.hospital.com\ThinkPHP\Library\Think\Db\Driver\Mysql.class.php 第 67 行.
NOTIC: [8] Undefined index: default- D:\MAMP\htdocs\www.hospital.com\ThinkPHP\Library\Think\Db\Driver\Mysql.class.php 第 67 行.
NOTIC: [8] Undefined index: default- D:\MAMP\htdocs\www.hospital.com\ThinkPHP\Library\Think\Db\Driver\Mysql.class.php 第 67 行.
NOTIC: [8] Undefined index: default- D:\MAMP\htdocs\www.hospital.com\ThinkPHP\Library\Think\Db\Driver\Mysql.class.php 第 67 行.
NOTIC: [8] Undefined index: default- D:\MAMP\htdocs\www.hospital.com\ThinkPHP\Library\Think\Db\Driver\Mysql.class.php 第 67 行.
NOTIC: [8] Undefined index: default- D:\MAMP\htdocs\www.hospital.com\ThinkPHP\Library\Think\Db\Driver\Mysql.class.php 第 67 行.
NOTIC: [8] Undefined index: default- D:\MAMP\htdocs\www.hospital.com\ThinkPHP\Library\Think\Db\Driver\Mysql.class.php 第 67 行.
SQL: SELECT * FROM `hs_ucenter_member` WHERE `username` = 'admin' LIMIT 1   [ RunTime:0.0005s ]
ERR: Call to undefined function Admin\Model\think_ucenter_md5()

[ 2017-07-09T23:09:44+08:00 ] 127.0.0.1 /www.hospital.com/index.php/Admin/Login/registeruser.html
INFO: [ app_init ] --START--
INFO: Run Behavior\BuildLiteBehavior [ RunTime:0.000011s ]
INFO: [ app_init ] --END-- [ RunTime:0.000434s ]
INFO: [ app_begin ] --START--
INFO: Run Behavior\ReadHtmlCacheBehavior [ RunTime:0.000535s ]
INFO: [ app_begin ] --END-- [ RunTime:0.000582s ]
SQL: SHOW COLUMNS FROM `hs_ucenter_member` [ RunTime:0.0064s ]
NOTIC: [8] Undefined index: default- D:\MAMP\htdocs\www.hospital.com\ThinkPHP\Library\Think\Db\Driver\Mysql.class.php 第 67 行.
NOTIC: [8] Undefined index: default- D:\MAMP\htdocs\www.hospital.com\ThinkPHP\Library\Think\Db\Driver\Mysql.class.php 第 67 行.
NOTIC: [8] Undefined index: default- D:\MAMP\htdocs\www.hospital.com\ThinkPHP\Library\Think\Db\Driver\Mysql.class.php 第 67 行.
NOTIC: [8] Undefined index: default- D:\MAMP\htdocs\www.hospital.com\ThinkPHP\Library\Think\Db\Driver\Mysql.class.php 第 67 行.
NOTIC: [8] Undefined index: default- D:\MAMP\htdocs\www.hospital.com\ThinkPHP\Library\Think\Db\Driver\Mysql.class.php 第 67 行.
NOTIC: [8] Undefined index: default- D:\MAMP\htdocs\www.hospital.com\ThinkPHP\Library\Think\Db\Driver\Mysql.class.php 第 67 行.
NOTIC: [8] Undefined index: default- D:\MAMP\htdocs\www.hospital.com\ThinkPHP\Library\Think\Db\Driver\Mysql.class.php 第 67 行.
NOTIC: [8] Undefined index: default- D:\MAMP\htdocs\www.hospital.com\ThinkPHP\Library\Think\Db\Driver\Mysql.class.php 第 67 行.
NOTIC: [8] Undefined index: default- D:\MAMP\htdocs\www.hospital.com\ThinkPHP\Library\Think\Db\Driver\Mysql.class.php 第 67 行.
NOTIC: [8] Undefined index: default- D:\MAMP\htdocs\www.hospital.com\ThinkPHP\Library\Think\Db\Driver\Mysql.class.php 第 67 行.
NOTIC: [8] Undefined index: default- D:\MAMP\htdocs\www.hospital.com\ThinkPHP\Library\Think\Db\Driver\Mysql.class.php 第 67 行.
NOTIC: [8] Undefined index: default- D:\MAMP\htdocs\www.hospital.com\ThinkPHP\Library\Think\Db\Driver\Mysql.class.php 第 67 行.
INFO: [ view_parse ] --START--
NOTIC: [2] file_get_contents(./Application/Admin/View/Base/common2.html): failed to open stream: No such file or directory D:\MAMP\htdocs\www.hospital.com\ThinkPHP\Library\Think\Template.class.php 第 696 行.
INFO: [ template_filter ] --START--
INFO: Run Behavior\ContentReplaceBehavior [ RunTime:0.000027s ]
INFO: [ template_filter ] --END-- [ RunTime:0.000084s ]
INFO: Run Behavior\ParseTemplateBehavior [ RunTime:0.023289s ]
INFO: [ view_parse ] --END-- [ RunTime:0.023339s ]
INFO: [ view_filter ] --START--
INFO: Run Behavior\WriteHtmlCacheBehavior [ RunTime:0.000459s ]
INFO: [ view_filter ] --END-- [ RunTime:0.000506s ]
INFO: [ app_end ] --START--
INFO: Run Behavior\ShowPageTraceBehavior [ RunTime:0.000721s ]
INFO: [ app_end ] --END-- [ RunTime:0.000761s ]

[ 2017-07-09T23:09:58+08:00 ] 127.0.0.1 /www.hospital.com/index.php/Admin/Login/trylogin.html
INFO: [ app_init ] --START--
INFO: Run Behavior\BuildLiteBehavior [ RunTime:0.000012s ]
INFO: [ app_init ] --END-- [ RunTime:0.000431s ]
INFO: [ app_begin ] --START--
INFO: Run Behavior\ReadHtmlCacheBehavior [ RunTime:0.000644s ]
INFO: [ app_begin ] --END-- [ RunTime:0.000689s ]
SQL: SHOW COLUMNS FROM `hs_ucenter_member` [ RunTime:0.0061s ]
NOTIC: [8] Undefined index: default- D:\MAMP\htdocs\www.hospital.com\ThinkPHP\Library\Think\Db\Driver\Mysql.class.php 第 67 行.
NOTIC: [8] Undefined index: default- D:\MAMP\htdocs\www.hospital.com\ThinkPHP\Library\Think\Db\Driver\Mysql.class.php 第 67 行.
NOTIC: [8] Undefined index: default- D:\MAMP\htdocs\www.hospital.com\ThinkPHP\Library\Think\Db\Driver\Mysql.class.php 第 67 行.
NOTIC: [8] Undefined index: default- D:\MAMP\htdocs\www.hospital.com\ThinkPHP\Library\Think\Db\Driver\Mysql.class.php 第 67 行.
NOTIC: [8] Undefined index: default- D:\MAMP\htdocs\www.hospital.com\ThinkPHP\Library\Think\Db\Driver\Mysql.class.php 第 67 行.
NOTIC: [8] Undefined index: default- D:\MAMP\htdocs\www.hospital.com\ThinkPHP\Library\Think\Db\Driver\Mysql.class.php 第 67 行.
NOTIC: [8] Undefined index: default- D:\MAMP\htdocs\www.hospital.com\ThinkPHP\Library\Think\Db\Driver\Mysql.class.php 第 67 行.
NOTIC: [8] Undefined index: default- D:\MAMP\htdocs\www.hospital.com\ThinkPHP\Library\Think\Db\Driver\Mysql.class.php 第 67 行.
NOTIC: [8] Undefined index: default- D:\MAMP\htdocs\www.hospital.com\ThinkPHP\Library\Think\Db\Driver\Mysql.class.php 第 67 行.
NOTIC: [8] Undefined index: default- D:\MAMP\htdocs\www.hospital.com\ThinkPHP\Library\Think\Db\Driver\Mysql.class.php 第 67 行.
NOTIC: [8] Undefined index: default- D:\MAMP\htdocs\www.hospital.com\ThinkPHP\Library\Think\Db\Driver\Mysql.class.php 第 67 行.
NOTIC: [8] Undefined index: default- D:\MAMP\htdocs\www.hospital.com\ThinkPHP\Library\Think\Db\Driver\Mysql.class.php 第 67 行.
SQL: SELECT * FROM `hs_ucenter_member` WHERE `username` = 'admin' LIMIT 1   [ RunTime:0.0004s ]
ERR: Call to undefined function Admin\Model\think_ucenter_md5()

[ 2017-07-09T23:10:11+08:00 ] 127.0.0.1 /www.hospital.com/index.php/Admin/Login/trylogin.html
INFO: [ app_init ] --START--
INFO: Run Behavior\BuildLiteBehavior [ RunTime:0.000012s ]
INFO: [ app_init ] --END-- [ RunTime:0.000436s ]
INFO: [ app_begin ] --START--
INFO: Run Behavior\ReadHtmlCacheBehavior [ RunTime:0.000541s ]
INFO: [ app_begin ] --END-- [ RunTime:0.000584s ]
SQL: SHOW COLUMNS FROM `hs_ucenter_member` [ RunTime:0.0065s ]
NOTIC: [8] Undefined index: default- D:\MAMP\htdocs\www.hospital.com\ThinkPHP\Library\Think\Db\Driver\Mysql.class.php 第 67 行.
NOTIC: [8] Undefined index: default- D:\MAMP\htdocs\www.hospital.com\ThinkPHP\Library\Think\Db\Driver\Mysql.class.php 第 67 行.
NOTIC: [8] Undefined index: default- D:\MAMP\htdocs\www.hospital.com\ThinkPHP\Library\Think\Db\Driver\Mysql.class.php 第 67 行.
NOTIC: [8] Undefined index: default- D:\MAMP\htdocs\www.hospital.com\ThinkPHP\Library\Think\Db\Driver\Mysql.class.php 第 67 行.
NOTIC: [8] Undefined index: default- D:\MAMP\htdocs\www.hospital.com\ThinkPHP\Library\Think\Db\Driver\Mysql.class.php 第 67 行.
NOTIC: [8] Undefined index: default- D:\MAMP\htdocs\www.hospital.com\ThinkPHP\Library\Think\Db\Driver\Mysql.class.php 第 67 行.
NOTIC: [8] Undefined index: default- D:\MAMP\htdocs\www.hospital.com\ThinkPHP\Library\Think\Db\Driver\Mysql.class.php 第 67 行.
NOTIC: [8] Undefined index: default- D:\MAMP\htdocs\www.hospital.com\ThinkPHP\Library\Think\Db\Driver\Mysql.class.php 第 67 行.
NOTIC: [8] Undefined index: default- D:\MAMP\htdocs\www.hospital.com\ThinkPHP\Library\Think\Db\Driver\Mysql.class.php 第 67 行.
NOTIC: [8] Undefined index: default- D:\MAMP\htdocs\www.hospital.com\ThinkPHP\Library\Think\Db\Driver\Mysql.class.php 第 67 行.
NOTIC: [8] Undefined index: default- D:\MAMP\htdocs\www.hospital.com\ThinkPHP\Library\Think\Db\Driver\Mysql.class.php 第 67 行.
NOTIC: [8] Undefined index: default- D:\MAMP\htdocs\www.hospital.com\ThinkPHP\Library\Think\Db\Driver\Mysql.class.php 第 67 行.
SQL: SELECT * FROM `hs_ucenter_member` WHERE `username` = 'admin' LIMIT 1   [ RunTime:0.0005s ]
ERR: Call to undefined function Admin\Model\think_ucenter_md5()

[ 2017-07-09T23:10:36+08:00 ] 127.0.0.1 /www.hospital.com/index.php/Admin/Login/trylogin.html
INFO: [ app_init ] --START--
INFO: Run Behavior\BuildLiteBehavior [ RunTime:0.000011s ]
INFO: [ app_init ] --END-- [ RunTime:0.000420s ]
INFO: [ app_begin ] --START--
INFO: Run Behavior\ReadHtmlCacheBehavior [ RunTime:0.000680s ]
INFO: [ app_begin ] --END-- [ RunTime:0.000741s ]
SQL: SHOW COLUMNS FROM `hs_ucenter_member` [ RunTime:0.0062s ]
NOTIC: [8] Undefined index: default- D:\MAMP\htdocs\www.hospital.com\ThinkPHP\Library\Think\Db\Driver\Mysql.class.php 第 67 行.
NOTIC: [8] Undefined index: default- D:\MAMP\htdocs\www.hospital.com\ThinkPHP\Library\Think\Db\Driver\Mysql.class.php 第 67 行.
NOTIC: [8] Undefined index: default- D:\MAMP\htdocs\www.hospital.com\ThinkPHP\Library\Think\Db\Driver\Mysql.class.php 第 67 行.
NOTIC: [8] Undefined index: default- D:\MAMP\htdocs\www.hospital.com\ThinkPHP\Library\Think\Db\Driver\Mysql.class.php 第 67 行.
NOTIC: [8] Undefined index: default- D:\MAMP\htdocs\www.hospital.com\ThinkPHP\Library\Think\Db\Driver\Mysql.class.php 第 67 行.
NOTIC: [8] Undefined index: default- D:\MAMP\htdocs\www.hospital.com\ThinkPHP\Library\Think\Db\Driver\Mysql.class.php 第 67 行.
NOTIC: [8] Undefined index: default- D:\MAMP\htdocs\www.hospital.com\ThinkPHP\Library\Think\Db\Driver\Mysql.class.php 第 67 行.
NOTIC: [8] Undefined index: default- D:\MAMP\htdocs\www.hospital.com\ThinkPHP\Library\Think\Db\Driver\Mysql.class.php 第 67 行.
NOTIC: [8] Undefined index: default- D:\MAMP\htdocs\www.hospital.com\ThinkPHP\Library\Think\Db\Driver\Mysql.class.php 第 67 行.
NOTIC: [8] Undefined index: default- D:\MAMP\htdocs\www.hospital.com\ThinkPHP\Library\Think\Db\Driver\Mysql.class.php 第 67 行.
NOTIC: [8] Undefined index: default- D:\MAMP\htdocs\www.hospital.com\ThinkPHP\Library\Think\Db\Driver\Mysql.class.php 第 67 行.
NOTIC: [8] Undefined index: default- D:\MAMP\htdocs\www.hospital.com\ThinkPHP\Library\Think\Db\Driver\Mysql.class.php 第 67 行.
SQL: SELECT * FROM `hs_ucenter_member` WHERE `username` = 'admin' LIMIT 1   [ RunTime:0.0005s ]
ERR: Call to undefined function Admin\Model\think_ucenter_md5()

[ 2017-07-09T23:10:41+08:00 ] 127.0.0.1 /www.hospital.com/index.php/Admin/Login/trylogin.html
INFO: [ app_init ] --START--
INFO: Run Behavior\BuildLiteBehavior [ RunTime:0.000010s ]
INFO: [ app_init ] --END-- [ RunTime:0.000446s ]
INFO: [ app_begin ] --START--
INFO: Run Behavior\ReadHtmlCacheBehavior [ RunTime:0.000545s ]
INFO: [ app_begin ] --END-- [ RunTime:0.000587s ]
SQL: SHOW COLUMNS FROM `hs_ucenter_member` [ RunTime:0.0097s ]
NOTIC: [8] Undefined index: default- D:\MAMP\htdocs\www.hospital.com\ThinkPHP\Library\Think\Db\Driver\Mysql.class.php 第 67 行.
NOTIC: [8] Undefined index: default- D:\MAMP\htdocs\www.hospital.com\ThinkPHP\Library\Think\Db\Driver\Mysql.class.php 第 67 行.
NOTIC: [8] Undefined index: default- D:\MAMP\htdocs\www.hospital.com\ThinkPHP\Library\Think\Db\Driver\Mysql.class.php 第 67 行.
NOTIC: [8] Undefined index: default- D:\MAMP\htdocs\www.hospital.com\ThinkPHP\Library\Think\Db\Driver\Mysql.class.php 第 67 行.
NOTIC: [8] Undefined index: default- D:\MAMP\htdocs\www.hospital.com\ThinkPHP\Library\Think\Db\Driver\Mysql.class.php 第 67 行.
NOTIC: [8] Undefined index: default- D:\MAMP\htdocs\www.hospital.com\ThinkPHP\Library\Think\Db\Driver\Mysql.class.php 第 67 行.
NOTIC: [8] Undefined index: default- D:\MAMP\htdocs\www.hospital.com\ThinkPHP\Library\Think\Db\Driver\Mysql.class.php 第 67 行.
NOTIC: [8] Undefined index: default- D:\MAMP\htdocs\www.hospital.com\ThinkPHP\Library\Think\Db\Driver\Mysql.class.php 第 67 行.
NOTIC: [8] Undefined index: default- D:\MAMP\htdocs\www.hospital.com\ThinkPHP\Library\Think\Db\Driver\Mysql.class.php 第 67 行.
NOTIC: [8] Undefined index: default- D:\MAMP\htdocs\www.hospital.com\ThinkPHP\Library\Think\Db\Driver\Mysql.class.php 第 67 行.
NOTIC: [8] Undefined index: default- D:\MAMP\htdocs\www.hospital.com\ThinkPHP\Library\Think\Db\Driver\Mysql.class.php 第 67 行.
NOTIC: [8] Undefined index: default- D:\MAMP\htdocs\www.hospital.com\ThinkPHP\Library\Think\Db\Driver\Mysql.class.php 第 67 行.
SQL: SELECT * FROM `hs_ucenter_member` WHERE `username` = 'admin' LIMIT 1   [ RunTime:0.0005s ]
ERR: Call to undefined function Admin\Model\think_ucenter_md5()

[ 2017-07-09T23:10:47+08:00 ] 127.0.0.1 /www.hospital.com/index.php/Admin/Login/trylogin.html
INFO: [ app_init ] --START--
INFO: Run Behavior\BuildLiteBehavior [ RunTime:0.000014s ]
INFO: [ app_init ] --END-- [ RunTime:0.000517s ]
INFO: [ app_begin ] --START--
INFO: Run Behavior\ReadHtmlCacheBehavior [ RunTime:0.000876s ]
INFO: [ app_begin ] --END-- [ RunTime:0.000949s ]
SQL: SHOW COLUMNS FROM `hs_ucenter_member` [ RunTime:0.2761s ]
NOTIC: [8] Undefined index: default- D:\MAMP\htdocs\www.hospital.com\ThinkPHP\Library\Think\Db\Driver\Mysql.class.php 第 67 行.
NOTIC: [8] Undefined index: default- D:\MAMP\htdocs\www.hospital.com\ThinkPHP\Library\Think\Db\Driver\Mysql.class.php 第 67 行.
NOTIC: [8] Undefined index: default- D:\MAMP\htdocs\www.hospital.com\ThinkPHP\Library\Think\Db\Driver\Mysql.class.php 第 67 行.
NOTIC: [8] Undefined index: default- D:\MAMP\htdocs\www.hospital.com\ThinkPHP\Library\Think\Db\Driver\Mysql.class.php 第 67 行.
NOTIC: [8] Undefined index: default- D:\MAMP\htdocs\www.hospital.com\ThinkPHP\Library\Think\Db\Driver\Mysql.class.php 第 67 行.
NOTIC: [8] Undefined index: default- D:\MAMP\htdocs\www.hospital.com\ThinkPHP\Library\Think\Db\Driver\Mysql.class.php 第 67 行.
NOTIC: [8] Undefined index: default- D:\MAMP\htdocs\www.hospital.com\ThinkPHP\Library\Think\Db\Driver\Mysql.class.php 第 67 行.
NOTIC: [8] Undefined index: default- D:\MAMP\htdocs\www.hospital.com\ThinkPHP\Library\Think\Db\Driver\Mysql.class.php 第 67 行.
NOTIC: [8] Undefined index: default- D:\MAMP\htdocs\www.hospital.com\ThinkPHP\Library\Think\Db\Driver\Mysql.class.php 第 67 行.
NOTIC: [8] Undefined index: default- D:\MAMP\htdocs\www.hospital.com\ThinkPHP\Library\Think\Db\Driver\Mysql.class.php 第 67 行.
NOTIC: [8] Undefined index: default- D:\MAMP\htdocs\www.hospital.com\ThinkPHP\Library\Think\Db\Driver\Mysql.class.php 第 67 行.
NOTIC: [8] Undefined index: default- D:\MAMP\htdocs\www.hospital.com\ThinkPHP\Library\Think\Db\Driver\Mysql.class.php 第 67 行.
SQL: SELECT * FROM `hs_ucenter_member` WHERE `username` = 'admin' LIMIT 1   [ RunTime:0.0005s ]
ERR: Call to undefined function Admin\Model\think_ucenter_md5()

[ 2017-07-09T23:12:03+08:00 ] 127.0.0.1 /www.hospital.com/index.php/Admin/Login/trylogin.html
INFO: [ app_init ] --START--
INFO: Run Behavior\BuildLiteBehavior [ RunTime:0.000012s ]
INFO: [ app_init ] --END-- [ RunTime:0.000507s ]
INFO: [ app_begin ] --START--
INFO: Run Behavior\ReadHtmlCacheBehavior [ RunTime:0.000838s ]
INFO: [ app_begin ] --END-- [ RunTime:0.000892s ]
SQL: SHOW COLUMNS FROM `hs_ucenter_member` [ RunTime:0.0064s ]
NOTIC: [8] Undefined index: default- D:\MAMP\htdocs\www.hospital.com\ThinkPHP\Library\Think\Db\Driver\Mysql.class.php 第 67 行.
NOTIC: [8] Undefined index: default- D:\MAMP\htdocs\www.hospital.com\ThinkPHP\Library\Think\Db\Driver\Mysql.class.php 第 67 行.
NOTIC: [8] Undefined index: default- D:\MAMP\htdocs\www.hospital.com\ThinkPHP\Library\Think\Db\Driver\Mysql.class.php 第 67 行.
NOTIC: [8] Undefined index: default- D:\MAMP\htdocs\www.hospital.com\ThinkPHP\Library\Think\Db\Driver\Mysql.class.php 第 67 行.
NOTIC: [8] Undefined index: default- D:\MAMP\htdocs\www.hospital.com\ThinkPHP\Library\Think\Db\Driver\Mysql.class.php 第 67 行.
NOTIC: [8] Undefined index: default- D:\MAMP\htdocs\www.hospital.com\ThinkPHP\Library\Think\Db\Driver\Mysql.class.php 第 67 行.
NOTIC: [8] Undefined index: default- D:\MAMP\htdocs\www.hospital.com\ThinkPHP\Library\Think\Db\Driver\Mysql.class.php 第 67 行.
NOTIC: [8] Undefined index: default- D:\MAMP\htdocs\www.hospital.com\ThinkPHP\Library\Think\Db\Driver\Mysql.class.php 第 67 行.
NOTIC: [8] Undefined index: default- D:\MAMP\htdocs\www.hospital.com\ThinkPHP\Library\Think\Db\Driver\Mysql.class.php 第 67 行.
NOTIC: [8] Undefined index: default- D:\MAMP\htdocs\www.hospital.com\ThinkPHP\Library\Think\Db\Driver\Mysql.class.php 第 67 行.
NOTIC: [8] Undefined index: default- D:\MAMP\htdocs\www.hospital.com\ThinkPHP\Library\Think\Db\Driver\Mysql.class.php 第 67 行.
NOTIC: [8] Undefined index: default- D:\MAMP\htdocs\www.hospital.com\ThinkPHP\Library\Think\Db\Driver\Mysql.class.php 第 67 行.
SQL: SELECT * FROM `hs_ucenter_member` WHERE `username` = 'admin' LIMIT 1   [ RunTime:0.0004s ]
ERR: Call to undefined function Admin\Model\think_ucenter_md5()

[ 2017-07-09T23:12:11+08:00 ] 127.0.0.1 /www.hospital.com/index.php/Admin/Login/trylogin.html
INFO: [ app_init ] --START--
INFO: Run Behavior\BuildLiteBehavior [ RunTime:0.000012s ]
INFO: [ app_init ] --END-- [ RunTime:0.000503s ]
INFO: [ app_begin ] --START--
INFO: Run Behavior\ReadHtmlCacheBehavior [ RunTime:0.000740s ]
INFO: [ app_begin ] --END-- [ RunTime:0.000783s ]
SQL: SHOW COLUMNS FROM `hs_ucenter_member` [ RunTime:0.0069s ]
NOTIC: [8] Undefined index: default- D:\MAMP\htdocs\www.hospital.com\ThinkPHP\Library\Think\Db\Driver\Mysql.class.php 第 67 行.
NOTIC: [8] Undefined index: default- D:\MAMP\htdocs\www.hospital.com\ThinkPHP\Library\Think\Db\Driver\Mysql.class.php 第 67 行.
NOTIC: [8] Undefined index: default- D:\MAMP\htdocs\www.hospital.com\ThinkPHP\Library\Think\Db\Driver\Mysql.class.php 第 67 行.
NOTIC: [8] Undefined index: default- D:\MAMP\htdocs\www.hospital.com\ThinkPHP\Library\Think\Db\Driver\Mysql.class.php 第 67 行.
NOTIC: [8] Undefined index: default- D:\MAMP\htdocs\www.hospital.com\ThinkPHP\Library\Think\Db\Driver\Mysql.class.php 第 67 行.
NOTIC: [8] Undefined index: default- D:\MAMP\htdocs\www.hospital.com\ThinkPHP\Library\Think\Db\Driver\Mysql.class.php 第 67 行.
NOTIC: [8] Undefined index: default- D:\MAMP\htdocs\www.hospital.com\ThinkPHP\Library\Think\Db\Driver\Mysql.class.php 第 67 行.
NOTIC: [8] Undefined index: default- D:\MAMP\htdocs\www.hospital.com\ThinkPHP\Library\Think\Db\Driver\Mysql.class.php 第 67 行.
NOTIC: [8] Undefined index: default- D:\MAMP\htdocs\www.hospital.com\ThinkPHP\Library\Think\Db\Driver\Mysql.class.php 第 67 行.
NOTIC: [8] Undefined index: default- D:\MAMP\htdocs\www.hospital.com\ThinkPHP\Library\Think\Db\Driver\Mysql.class.php 第 67 行.
NOTIC: [8] Undefined index: default- D:\MAMP\htdocs\www.hospital.com\ThinkPHP\Library\Think\Db\Driver\Mysql.class.php 第 67 行.
NOTIC: [8] Undefined index: default- D:\MAMP\htdocs\www.hospital.com\ThinkPHP\Library\Think\Db\Driver\Mysql.class.php 第 67 行.
SQL: SELECT * FROM `hs_ucenter_member` WHERE `username` = 'admin' LIMIT 1   [ RunTime:0.0004s ]
ERR: Call to undefined function Admin\Model\think_ucenter_md5()

[ 2017-07-09T23:12:12+08:00 ] 127.0.0.1 /www.hospital.com/index.php/Admin/Login/trylogin.html
INFO: [ app_init ] --START--
INFO: Run Behavior\BuildLiteBehavior [ RunTime:0.000012s ]
INFO: [ app_init ] --END-- [ RunTime:0.000522s ]
INFO: [ app_begin ] --START--
INFO: Run Behavior\ReadHtmlCacheBehavior [ RunTime:0.000565s ]
INFO: [ app_begin ] --END-- [ RunTime:0.000609s ]
SQL: SHOW COLUMNS FROM `hs_ucenter_member` [ RunTime:0.0065s ]
NOTIC: [8] Undefined index: default- D:\MAMP\htdocs\www.hospital.com\ThinkPHP\Library\Think\Db\Driver\Mysql.class.php 第 67 行.
NOTIC: [8] Undefined index: default- D:\MAMP\htdocs\www.hospital.com\ThinkPHP\Library\Think\Db\Driver\Mysql.class.php 第 67 行.
NOTIC: [8] Undefined index: default- D:\MAMP\htdocs\www.hospital.com\ThinkPHP\Library\Think\Db\Driver\Mysql.class.php 第 67 行.
NOTIC: [8] Undefined index: default- D:\MAMP\htdocs\www.hospital.com\ThinkPHP\Library\Think\Db\Driver\Mysql.class.php 第 67 行.
NOTIC: [8] Undefined index: default- D:\MAMP\htdocs\www.hospital.com\ThinkPHP\Library\Think\Db\Driver\Mysql.class.php 第 67 行.
NOTIC: [8] Undefined index: default- D:\MAMP\htdocs\www.hospital.com\ThinkPHP\Library\Think\Db\Driver\Mysql.class.php 第 67 行.
NOTIC: [8] Undefined index: default- D:\MAMP\htdocs\www.hospital.com\ThinkPHP\Library\Think\Db\Driver\Mysql.class.php 第 67 行.
NOTIC: [8] Undefined index: default- D:\MAMP\htdocs\www.hospital.com\ThinkPHP\Library\Think\Db\Driver\Mysql.class.php 第 67 行.
NOTIC: [8] Undefined index: default- D:\MAMP\htdocs\www.hospital.com\ThinkPHP\Library\Think\Db\Driver\Mysql.class.php 第 67 行.
NOTIC: [8] Undefined index: default- D:\MAMP\htdocs\www.hospital.com\ThinkPHP\Library\Think\Db\Driver\Mysql.class.php 第 67 行.
NOTIC: [8] Undefined index: default- D:\MAMP\htdocs\www.hospital.com\ThinkPHP\Library\Think\Db\Driver\Mysql.class.php 第 67 行.
NOTIC: [8] Undefined index: default- D:\MAMP\htdocs\www.hospital.com\ThinkPHP\Library\Think\Db\Driver\Mysql.class.php 第 67 行.
SQL: SELECT * FROM `hs_ucenter_member` WHERE `username` = 'admin' LIMIT 1   [ RunTime:0.0004s ]
ERR: Call to undefined function Admin\Model\think_ucenter_md5()

[ 2017-07-09T23:12:12+08:00 ] 127.0.0.1 /www.hospital.com/index.php/Admin/Login/trylogin.html
INFO: [ app_init ] --START--
INFO: Run Behavior\BuildLiteBehavior [ RunTime:0.000011s ]
INFO: [ app_init ] --END-- [ RunTime:0.000480s ]
INFO: [ app_begin ] --START--
INFO: Run Behavior\ReadHtmlCacheBehavior [ RunTime:0.000543s ]
INFO: [ app_begin ] --END-- [ RunTime:0.000585s ]
SQL: SHOW COLUMNS FROM `hs_ucenter_member` [ RunTime:0.0063s ]
NOTIC: [8] Undefined index: default- D:\MAMP\htdocs\www.hospital.com\ThinkPHP\Library\Think\Db\Driver\Mysql.class.php 第 67 行.
NOTIC: [8] Undefined index: default- D:\MAMP\htdocs\www.hospital.com\ThinkPHP\Library\Think\Db\Driver\Mysql.class.php 第 67 行.
NOTIC: [8] Undefined index: default- D:\MAMP\htdocs\www.hospital.com\ThinkPHP\Library\Think\Db\Driver\Mysql.class.php 第 67 行.
NOTIC: [8] Undefined index: default- D:\MAMP\htdocs\www.hospital.com\ThinkPHP\Library\Think\Db\Driver\Mysql.class.php 第 67 行.
NOTIC: [8] Undefined index: default- D:\MAMP\htdocs\www.hospital.com\ThinkPHP\Library\Think\Db\Driver\Mysql.class.php 第 67 行.
NOTIC: [8] Undefined index: default- D:\MAMP\htdocs\www.hospital.com\ThinkPHP\Library\Think\Db\Driver\Mysql.class.php 第 67 行.
NOTIC: [8] Undefined index: default- D:\MAMP\htdocs\www.hospital.com\ThinkPHP\Library\Think\Db\Driver\Mysql.class.php 第 67 行.
NOTIC: [8] Undefined index: default- D:\MAMP\htdocs\www.hospital.com\ThinkPHP\Library\Think\Db\Driver\Mysql.class.php 第 67 行.
NOTIC: [8] Undefined index: default- D:\MAMP\htdocs\www.hospital.com\ThinkPHP\Library\Think\Db\Driver\Mysql.class.php 第 67 行.
NOTIC: [8] Undefined index: default- D:\MAMP\htdocs\www.hospital.com\ThinkPHP\Library\Think\Db\Driver\Mysql.class.php 第 67 行.
NOTIC: [8] Undefined index: default- D:\MAMP\htdocs\www.hospital.com\ThinkPHP\Library\Think\Db\Driver\Mysql.class.php 第 67 行.
NOTIC: [8] Undefined index: default- D:\MAMP\htdocs\www.hospital.com\ThinkPHP\Library\Think\Db\Driver\Mysql.class.php 第 67 行.
SQL: SELECT * FROM `hs_ucenter_member` WHERE `username` = 'admin' LIMIT 1   [ RunTime:0.0004s ]
ERR: Call to undefined function Admin\Model\think_ucenter_md5()

[ 2017-07-09T23:12:12+08:00 ] 127.0.0.1 /www.hospital.com/index.php/Admin/Login/trylogin.html
INFO: [ app_init ] --START--
INFO: Run Behavior\BuildLiteBehavior [ RunTime:0.000010s ]
INFO: [ app_init ] --END-- [ RunTime:0.000417s ]
INFO: [ app_begin ] --START--
INFO: Run Behavior\ReadHtmlCacheBehavior [ RunTime:0.000549s ]
INFO: [ app_begin ] --END-- [ RunTime:0.000593s ]
SQL: SHOW COLUMNS FROM `hs_ucenter_member` [ RunTime:0.0062s ]
NOTIC: [8] Undefined index: default- D:\MAMP\htdocs\www.hospital.com\ThinkPHP\Library\Think\Db\Driver\Mysql.class.php 第 67 行.
NOTIC: [8] Undefined index: default- D:\MAMP\htdocs\www.hospital.com\ThinkPHP\Library\Think\Db\Driver\Mysql.class.php 第 67 行.
NOTIC: [8] Undefined index: default- D:\MAMP\htdocs\www.hospital.com\ThinkPHP\Library\Think\Db\Driver\Mysql.class.php 第 67 行.
NOTIC: [8] Undefined index: default- D:\MAMP\htdocs\www.hospital.com\ThinkPHP\Library\Think\Db\Driver\Mysql.class.php 第 67 行.
NOTIC: [8] Undefined index: default- D:\MAMP\htdocs\www.hospital.com\ThinkPHP\Library\Think\Db\Driver\Mysql.class.php 第 67 行.
NOTIC: [8] Undefined index: default- D:\MAMP\htdocs\www.hospital.com\ThinkPHP\Library\Think\Db\Driver\Mysql.class.php 第 67 行.
NOTIC: [8] Undefined index: default- D:\MAMP\htdocs\www.hospital.com\ThinkPHP\Library\Think\Db\Driver\Mysql.class.php 第 67 行.
NOTIC: [8] Undefined index: default- D:\MAMP\htdocs\www.hospital.com\ThinkPHP\Library\Think\Db\Driver\Mysql.class.php 第 67 行.
NOTIC: [8] Undefined index: default- D:\MAMP\htdocs\www.hospital.com\ThinkPHP\Library\Think\Db\Driver\Mysql.class.php 第 67 行.
NOTIC: [8] Undefined index: default- D:\MAMP\htdocs\www.hospital.com\ThinkPHP\Library\Think\Db\Driver\Mysql.class.php 第 67 行.
NOTIC: [8] Undefined index: default- D:\MAMP\htdocs\www.hospital.com\ThinkPHP\Library\Think\Db\Driver\Mysql.class.php 第 67 行.
NOTIC: [8] Undefined index: default- D:\MAMP\htdocs\www.hospital.com\ThinkPHP\Library\Think\Db\Driver\Mysql.class.php 第 67 行.
SQL: SELECT * FROM `hs_ucenter_member` WHERE `username` = 'admin' LIMIT 1   [ RunTime:0.0004s ]
ERR: Call to undefined function Admin\Model\think_ucenter_md5()

[ 2017-07-09T23:12:13+08:00 ] 127.0.0.1 /www.hospital.com/index.php/Admin/Login/trylogin.html
INFO: [ app_init ] --START--
INFO: Run Behavior\BuildLiteBehavior [ RunTime:0.000011s ]
INFO: [ app_init ] --END-- [ RunTime:0.000459s ]
INFO: [ app_begin ] --START--
INFO: Run Behavior\ReadHtmlCacheBehavior [ RunTime:0.000636s ]
INFO: [ app_begin ] --END-- [ RunTime:0.000703s ]
SQL: SHOW COLUMNS FROM `hs_ucenter_member` [ RunTime:0.0063s ]
NOTIC: [8] Undefined index: default- D:\MAMP\htdocs\www.hospital.com\ThinkPHP\Library\Think\Db\Driver\Mysql.class.php 第 67 行.
NOTIC: [8] Undefined index: default- D:\MAMP\htdocs\www.hospital.com\ThinkPHP\Library\Think\Db\Driver\Mysql.class.php 第 67 行.
NOTIC: [8] Undefined index: default- D:\MAMP\htdocs\www.hospital.com\ThinkPHP\Library\Think\Db\Driver\Mysql.class.php 第 67 行.
NOTIC: [8] Undefined index: default- D:\MAMP\htdocs\www.hospital.com\ThinkPHP\Library\Think\Db\Driver\Mysql.class.php 第 67 行.
NOTIC: [8] Undefined index: default- D:\MAMP\htdocs\www.hospital.com\ThinkPHP\Library\Think\Db\Driver\Mysql.class.php 第 67 行.
NOTIC: [8] Undefined index: default- D:\MAMP\htdocs\www.hospital.com\ThinkPHP\Library\Think\Db\Driver\Mysql.class.php 第 67 行.
NOTIC: [8] Undefined index: default- D:\MAMP\htdocs\www.hospital.com\ThinkPHP\Library\Think\Db\Driver\Mysql.class.php 第 67 行.
NOTIC: [8] Undefined index: default- D:\MAMP\htdocs\www.hospital.com\ThinkPHP\Library\Think\Db\Driver\Mysql.class.php 第 67 行.
NOTIC: [8] Undefined index: default- D:\MAMP\htdocs\www.hospital.com\ThinkPHP\Library\Think\Db\Driver\Mysql.class.php 第 67 行.
NOTIC: [8] Undefined index: default- D:\MAMP\htdocs\www.hospital.com\ThinkPHP\Library\Think\Db\Driver\Mysql.class.php 第 67 行.
NOTIC: [8] Undefined index: default- D:\MAMP\htdocs\www.hospital.com\ThinkPHP\Library\Think\Db\Driver\Mysql.class.php 第 67 行.
NOTIC: [8] Undefined index: default- D:\MAMP\htdocs\www.hospital.com\ThinkPHP\Library\Think\Db\Driver\Mysql.class.php 第 67 行.
SQL: SELECT * FROM `hs_ucenter_member` WHERE `username` = 'admin' LIMIT 1   [ RunTime:0.0004s ]
ERR: Call to undefined function Admin\Model\think_ucenter_md5()

[ 2017-07-09T23:12:14+08:00 ] 127.0.0.1 /www.hospital.com/index.php/Admin/Login/trylogin.html
INFO: [ app_init ] --START--
INFO: Run Behavior\BuildLiteBehavior [ RunTime:0.000012s ]
INFO: [ app_init ] --END-- [ RunTime:0.000425s ]
INFO: [ app_begin ] --START--
INFO: Run Behavior\ReadHtmlCacheBehavior [ RunTime:0.000539s ]
INFO: [ app_begin ] --END-- [ RunTime:0.000579s ]
SQL: SHOW COLUMNS FROM `hs_ucenter_member` [ RunTime:0.0061s ]
NOTIC: [8] Undefined index: default- D:\MAMP\htdocs\www.hospital.com\ThinkPHP\Library\Think\Db\Driver\Mysql.class.php 第 67 行.
NOTIC: [8] Undefined index: default- D:\MAMP\htdocs\www.hospital.com\ThinkPHP\Library\Think\Db\Driver\Mysql.class.php 第 67 行.
NOTIC: [8] Undefined index: default- D:\MAMP\htdocs\www.hospital.com\ThinkPHP\Library\Think\Db\Driver\Mysql.class.php 第 67 行.
NOTIC: [8] Undefined index: default- D:\MAMP\htdocs\www.hospital.com\ThinkPHP\Library\Think\Db\Driver\Mysql.class.php 第 67 行.
NOTIC: [8] Undefined index: default- D:\MAMP\htdocs\www.hospital.com\ThinkPHP\Library\Think\Db\Driver\Mysql.class.php 第 67 行.
NOTIC: [8] Undefined index: default- D:\MAMP\htdocs\www.hospital.com\ThinkPHP\Library\Think\Db\Driver\Mysql.class.php 第 67 行.
NOTIC: [8] Undefined index: default- D:\MAMP\htdocs\www.hospital.com\ThinkPHP\Library\Think\Db\Driver\Mysql.class.php 第 67 行.
NOTIC: [8] Undefined index: default- D:\MAMP\htdocs\www.hospital.com\ThinkPHP\Library\Think\Db\Driver\Mysql.class.php 第 67 行.
NOTIC: [8] Undefined index: default- D:\MAMP\htdocs\www.hospital.com\ThinkPHP\Library\Think\Db\Driver\Mysql.class.php 第 67 行.
NOTIC: [8] Undefined index: default- D:\MAMP\htdocs\www.hospital.com\ThinkPHP\Library\Think\Db\Driver\Mysql.class.php 第 67 行.
NOTIC: [8] Undefined index: default- D:\MAMP\htdocs\www.hospital.com\ThinkPHP\Library\Think\Db\Driver\Mysql.class.php 第 67 行.
NOTIC: [8] Undefined index: default- D:\MAMP\htdocs\www.hospital.com\ThinkPHP\Library\Think\Db\Driver\Mysql.class.php 第 67 行.
SQL: SELECT * FROM `hs_ucenter_member` WHERE `username` = 'admin' LIMIT 1   [ RunTime:0.0004s ]
ERR: Call to undefined function Admin\Model\think_ucenter_md5()

[ 2017-07-09T23:12:15+08:00 ] 127.0.0.1 /www.hospital.com/index.php/Admin/Login/trylogin.html
INFO: [ app_init ] --START--
INFO: Run Behavior\BuildLiteBehavior [ RunTime:0.000013s ]
INFO: [ app_init ] --END-- [ RunTime:0.000462s ]
INFO: [ app_begin ] --START--
INFO: Run Behavior\ReadHtmlCacheBehavior [ RunTime:0.000536s ]
INFO: [ app_begin ] --END-- [ RunTime:0.000578s ]
SQL: SHOW COLUMNS FROM `hs_ucenter_member` [ RunTime:0.0067s ]
NOTIC: [8] Undefined index: default- D:\MAMP\htdocs\www.hospital.com\ThinkPHP\Library\Think\Db\Driver\Mysql.class.php 第 67 行.
NOTIC: [8] Undefined index: default- D:\MAMP\htdocs\www.hospital.com\ThinkPHP\Library\Think\Db\Driver\Mysql.class.php 第 67 行.
NOTIC: [8] Undefined index: default- D:\MAMP\htdocs\www.hospital.com\ThinkPHP\Library\Think\Db\Driver\Mysql.class.php 第 67 行.
NOTIC: [8] Undefined index: default- D:\MAMP\htdocs\www.hospital.com\ThinkPHP\Library\Think\Db\Driver\Mysql.class.php 第 67 行.
NOTIC: [8] Undefined index: default- D:\MAMP\htdocs\www.hospital.com\ThinkPHP\Library\Think\Db\Driver\Mysql.class.php 第 67 行.
NOTIC: [8] Undefined index: default- D:\MAMP\htdocs\www.hospital.com\ThinkPHP\Library\Think\Db\Driver\Mysql.class.php 第 67 行.
NOTIC: [8] Undefined index: default- D:\MAMP\htdocs\www.hospital.com\ThinkPHP\Library\Think\Db\Driver\Mysql.class.php 第 67 行.
NOTIC: [8] Undefined index: default- D:\MAMP\htdocs\www.hospital.com\ThinkPHP\Library\Think\Db\Driver\Mysql.class.php 第 67 行.
NOTIC: [8] Undefined index: default- D:\MAMP\htdocs\www.hospital.com\ThinkPHP\Library\Think\Db\Driver\Mysql.class.php 第 67 行.
NOTIC: [8] Undefined index: default- D:\MAMP\htdocs\www.hospital.com\ThinkPHP\Library\Think\Db\Driver\Mysql.class.php 第 67 行.
NOTIC: [8] Undefined index: default- D:\MAMP\htdocs\www.hospital.com\ThinkPHP\Library\Think\Db\Driver\Mysql.class.php 第 67 行.
NOTIC: [8] Undefined index: default- D:\MAMP\htdocs\www.hospital.com\ThinkPHP\Library\Think\Db\Driver\Mysql.class.php 第 67 行.
SQL: SELECT * FROM `hs_ucenter_member` WHERE `username` = 'admin' LIMIT 1   [ RunTime:0.0004s ]
ERR: Call to undefined function Admin\Model\think_ucenter_md5()

[ 2017-07-09T23:12:16+08:00 ] 127.0.0.1 /www.hospital.com/index.php/Admin/Login/trylogin.html
INFO: [ app_init ] --START--
INFO: Run Behavior\BuildLiteBehavior [ RunTime:0.000014s ]
INFO: [ app_init ] --END-- [ RunTime:0.000451s ]
INFO: [ app_begin ] --START--
INFO: Run Behavior\ReadHtmlCacheBehavior [ RunTime:0.000535s ]
INFO: [ app_begin ] --END-- [ RunTime:0.000577s ]
SQL: SHOW COLUMNS FROM `hs_ucenter_member` [ RunTime:0.0061s ]
NOTIC: [8] Undefined index: default- D:\MAMP\htdocs\www.hospital.com\ThinkPHP\Library\Think\Db\Driver\Mysql.class.php 第 67 行.
NOTIC: [8] Undefined index: default- D:\MAMP\htdocs\www.hospital.com\ThinkPHP\Library\Think\Db\Driver\Mysql.class.php 第 67 行.
NOTIC: [8] Undefined index: default- D:\MAMP\htdocs\www.hospital.com\ThinkPHP\Library\Think\Db\Driver\Mysql.class.php 第 67 行.
NOTIC: [8] Undefined index: default- D:\MAMP\htdocs\www.hospital.com\ThinkPHP\Library\Think\Db\Driver\Mysql.class.php 第 67 行.
NOTIC: [8] Undefined index: default- D:\MAMP\htdocs\www.hospital.com\ThinkPHP\Library\Think\Db\Driver\Mysql.class.php 第 67 行.
NOTIC: [8] Undefined index: default- D:\MAMP\htdocs\www.hospital.com\ThinkPHP\Library\Think\Db\Driver\Mysql.class.php 第 67 行.
NOTIC: [8] Undefined index: default- D:\MAMP\htdocs\www.hospital.com\ThinkPHP\Library\Think\Db\Driver\Mysql.class.php 第 67 行.
NOTIC: [8] Undefined index: default- D:\MAMP\htdocs\www.hospital.com\ThinkPHP\Library\Think\Db\Driver\Mysql.class.php 第 67 行.
NOTIC: [8] Undefined index: default- D:\MAMP\htdocs\www.hospital.com\ThinkPHP\Library\Think\Db\Driver\Mysql.class.php 第 67 行.
NOTIC: [8] Undefined index: default- D:\MAMP\htdocs\www.hospital.com\ThinkPHP\Library\Think\Db\Driver\Mysql.class.php 第 67 行.
NOTIC: [8] Undefined index: default- D:\MAMP\htdocs\www.hospital.com\ThinkPHP\Library\Think\Db\Driver\Mysql.class.php 第 67 行.
NOTIC: [8] Undefined index: default- D:\MAMP\htdocs\www.hospital.com\ThinkPHP\Library\Think\Db\Driver\Mysql.class.php 第 67 行.
SQL: SELECT * FROM `hs_ucenter_member` WHERE `username` = 'admin' LIMIT 1   [ RunTime:0.0004s ]
ERR: Call to undefined function Admin\Model\think_ucenter_md5()

[ 2017-07-09T23:12:16+08:00 ] 127.0.0.1 /www.hospital.com/index.php/Admin/Login/trylogin.html
INFO: [ app_init ] --START--
INFO: Run Behavior\BuildLiteBehavior [ RunTime:0.000011s ]
INFO: [ app_init ] --END-- [ RunTime:0.000417s ]
INFO: [ app_begin ] --START--
INFO: Run Behavior\ReadHtmlCacheBehavior [ RunTime:0.000535s ]
INFO: [ app_begin ] --END-- [ RunTime:0.000577s ]
SQL: SHOW COLUMNS FROM `hs_ucenter_member` [ RunTime:0.0061s ]
NOTIC: [8] Undefined index: default- D:\MAMP\htdocs\www.hospital.com\ThinkPHP\Library\Think\Db\Driver\Mysql.class.php 第 67 行.
NOTIC: [8] Undefined index: default- D:\MAMP\htdocs\www.hospital.com\ThinkPHP\Library\Think\Db\Driver\Mysql.class.php 第 67 行.
NOTIC: [8] Undefined index: default- D:\MAMP\htdocs\www.hospital.com\ThinkPHP\Library\Think\Db\Driver\Mysql.class.php 第 67 行.
NOTIC: [8] Undefined index: default- D:\MAMP\htdocs\www.hospital.com\ThinkPHP\Library\Think\Db\Driver\Mysql.class.php 第 67 行.
NOTIC: [8] Undefined index: default- D:\MAMP\htdocs\www.hospital.com\ThinkPHP\Library\Think\Db\Driver\Mysql.class.php 第 67 行.
NOTIC: [8] Undefined index: default- D:\MAMP\htdocs\www.hospital.com\ThinkPHP\Library\Think\Db\Driver\Mysql.class.php 第 67 行.
NOTIC: [8] Undefined index: default- D:\MAMP\htdocs\www.hospital.com\ThinkPHP\Library\Think\Db\Driver\Mysql.class.php 第 67 行.
NOTIC: [8] Undefined index: default- D:\MAMP\htdocs\www.hospital.com\ThinkPHP\Library\Think\Db\Driver\Mysql.class.php 第 67 行.
NOTIC: [8] Undefined index: default- D:\MAMP\htdocs\www.hospital.com\ThinkPHP\Library\Think\Db\Driver\Mysql.class.php 第 67 行.
NOTIC: [8] Undefined index: default- D:\MAMP\htdocs\www.hospital.com\ThinkPHP\Library\Think\Db\Driver\Mysql.class.php 第 67 行.
NOTIC: [8] Undefined index: default- D:\MAMP\htdocs\www.hospital.com\ThinkPHP\Library\Think\Db\Driver\Mysql.class.php 第 67 行.
NOTIC: [8] Undefined index: default- D:\MAMP\htdocs\www.hospital.com\ThinkPHP\Library\Think\Db\Driver\Mysql.class.php 第 67 行.
SQL: SELECT * FROM `hs_ucenter_member` WHERE `username` = 'admin' LIMIT 1   [ RunTime:0.0004s ]
ERR: Call to undefined function Admin\Model\think_ucenter_md5()

[ 2017-07-09T23:12:18+08:00 ] 127.0.0.1 /www.hospital.com/index.php/Admin/Login/trylogin.html
INFO: [ app_init ] --START--
INFO: Run Behavior\BuildLiteBehavior [ RunTime:0.000011s ]
INFO: [ app_init ] --END-- [ RunTime:0.000424s ]
INFO: [ app_begin ] --START--
INFO: Run Behavior\ReadHtmlCacheBehavior [ RunTime:0.000543s ]
INFO: [ app_begin ] --END-- [ RunTime:0.000586s ]
SQL: SHOW COLUMNS FROM `hs_ucenter_member` [ RunTime:0.0060s ]
NOTIC: [8] Undefined index: default- D:\MAMP\htdocs\www.hospital.com\ThinkPHP\Library\Think\Db\Driver\Mysql.class.php 第 67 行.
NOTIC: [8] Undefined index: default- D:\MAMP\htdocs\www.hospital.com\ThinkPHP\Library\Think\Db\Driver\Mysql.class.php 第 67 行.
NOTIC: [8] Undefined index: default- D:\MAMP\htdocs\www.hospital.com\ThinkPHP\Library\Think\Db\Driver\Mysql.class.php 第 67 行.
NOTIC: [8] Undefined index: default- D:\MAMP\htdocs\www.hospital.com\ThinkPHP\Library\Think\Db\Driver\Mysql.class.php 第 67 行.
NOTIC: [8] Undefined index: default- D:\MAMP\htdocs\www.hospital.com\ThinkPHP\Library\Think\Db\Driver\Mysql.class.php 第 67 行.
NOTIC: [8] Undefined index: default- D:\MAMP\htdocs\www.hospital.com\ThinkPHP\Library\Think\Db\Driver\Mysql.class.php 第 67 行.
NOTIC: [8] Undefined index: default- D:\MAMP\htdocs\www.hospital.com\ThinkPHP\Library\Think\Db\Driver\Mysql.class.php 第 67 行.
NOTIC: [8] Undefined index: default- D:\MAMP\htdocs\www.hospital.com\ThinkPHP\Library\Think\Db\Driver\Mysql.class.php 第 67 行.
NOTIC: [8] Undefined index: default- D:\MAMP\htdocs\www.hospital.com\ThinkPHP\Library\Think\Db\Driver\Mysql.class.php 第 67 行.
NOTIC: [8] Undefined index: default- D:\MAMP\htdocs\www.hospital.com\ThinkPHP\Library\Think\Db\Driver\Mysql.class.php 第 67 行.
NOTIC: [8] Undefined index: default- D:\MAMP\htdocs\www.hospital.com\ThinkPHP\Library\Think\Db\Driver\Mysql.class.php 第 67 行.
NOTIC: [8] Undefined index: default- D:\MAMP\htdocs\www.hospital.com\ThinkPHP\Library\Think\Db\Driver\Mysql.class.php 第 67 行.
SQL: SELECT * FROM `hs_ucenter_member` WHERE `username` = 'admin' LIMIT 1   [ RunTime:0.0004s ]
ERR: Call to undefined function Admin\Model\think_ucenter_md5()

[ 2017-07-09T23:12:23+08:00 ] 127.0.0.1 /www.hospital.com/index.php/Admin/Login/dashboard.html
INFO: [ app_init ] --START--
INFO: Run Behavior\BuildLiteBehavior [ RunTime:0.000010s ]
INFO: [ app_init ] --END-- [ RunTime:0.000423s ]
INFO: [ app_begin ] --START--
INFO: Run Behavior\ReadHtmlCacheBehavior [ RunTime:0.000715s ]
INFO: [ app_begin ] --END-- [ RunTime:0.000782s ]
SQL: SHOW COLUMNS FROM `hs_ucenter_member` [ RunTime:0.0064s ]
NOTIC: [8] Undefined index: default- D:\MAMP\htdocs\www.hospital.com\ThinkPHP\Library\Think\Db\Driver\Mysql.class.php 第 67 行.
NOTIC: [8] Undefined index: default- D:\MAMP\htdocs\www.hospital.com\ThinkPHP\Library\Think\Db\Driver\Mysql.class.php 第 67 行.
NOTIC: [8] Undefined index: default- D:\MAMP\htdocs\www.hospital.com\ThinkPHP\Library\Think\Db\Driver\Mysql.class.php 第 67 行.
NOTIC: [8] Undefined index: default- D:\MAMP\htdocs\www.hospital.com\ThinkPHP\Library\Think\Db\Driver\Mysql.class.php 第 67 行.
NOTIC: [8] Undefined index: default- D:\MAMP\htdocs\www.hospital.com\ThinkPHP\Library\Think\Db\Driver\Mysql.class.php 第 67 行.
NOTIC: [8] Undefined index: default- D:\MAMP\htdocs\www.hospital.com\ThinkPHP\Library\Think\Db\Driver\Mysql.class.php 第 67 行.
NOTIC: [8] Undefined index: default- D:\MAMP\htdocs\www.hospital.com\ThinkPHP\Library\Think\Db\Driver\Mysql.class.php 第 67 行.
NOTIC: [8] Undefined index: default- D:\MAMP\htdocs\www.hospital.com\ThinkPHP\Library\Think\Db\Driver\Mysql.class.php 第 67 行.
NOTIC: [8] Undefined index: default- D:\MAMP\htdocs\www.hospital.com\ThinkPHP\Library\Think\Db\Driver\Mysql.class.php 第 67 行.
NOTIC: [8] Undefined index: default- D:\MAMP\htdocs\www.hospital.com\ThinkPHP\Library\Think\Db\Driver\Mysql.class.php 第 67 行.
NOTIC: [8] Undefined index: default- D:\MAMP\htdocs\www.hospital.com\ThinkPHP\Library\Think\Db\Driver\Mysql.class.php 第 67 行.
NOTIC: [8] Undefined index: default- D:\MAMP\htdocs\www.hospital.com\ThinkPHP\Library\Think\Db\Driver\Mysql.class.php 第 67 行.
ERR: 非法操作:dashboard

