[ 2017-07-22T10:11:48+08:00 ] 127.0.0.1 /index.php/admin
INFO: [ app_init ] --START--
INFO: Run Behavior\BuildLiteBehavior [ RunTime:0.000034s ]
INFO: [ app_init ] --END-- [ RunTime:0.002320s ]
INFO: [ app_begin ] --START--
INFO: Run Behavior\ReadHtmlCacheBehavior [ RunTime:0.012546s ]
INFO: [ app_begin ] --END-- [ RunTime:0.012712s ]
NOTIC: [8] Undefined index: shop D:\amp\apache24\htdocs\www.hospital.com\Application\Admin\Controller\BaseController.class.php 第 28 行.

[ 2017-07-22T10:11:49+08:00 ] 127.0.0.1 /index.php/Admin/Login/index.html
INFO: [ app_init ] --START--
INFO: Run Behavior\BuildLiteBehavior [ RunTime:0.000019s ]
INFO: [ app_init ] --END-- [ RunTime:0.000552s ]
INFO: [ app_begin ] --START--
INFO: Run Behavior\ReadHtmlCacheBehavior [ RunTime:0.000904s ]
INFO: [ app_begin ] --END-- [ RunTime:0.000971s ]
SQL: SHOW COLUMNS FROM `hs_ucenter_member` [ RunTime:0.0853s ]
NOTIC: [8] Undefined index: default- D:\amp\apache24\htdocs\www.hospital.com\ThinkPHP\Library\Think\Db\Driver\Mysql.class.php 第 67 行.
NOTIC: [8] Undefined index: default- D:\amp\apache24\htdocs\www.hospital.com\ThinkPHP\Library\Think\Db\Driver\Mysql.class.php 第 67 行.
NOTIC: [8] Undefined index: default- D:\amp\apache24\htdocs\www.hospital.com\ThinkPHP\Library\Think\Db\Driver\Mysql.class.php 第 67 行.
NOTIC: [8] Undefined index: default- D:\amp\apache24\htdocs\www.hospital.com\ThinkPHP\Library\Think\Db\Driver\Mysql.class.php 第 67 行.
NOTIC: [8] Undefined index: default- D:\amp\apache24\htdocs\www.hospital.com\ThinkPHP\Library\Think\Db\Driver\Mysql.class.php 第 67 行.
NOTIC: [8] Undefined index: default- D:\amp\apache24\htdocs\www.hospital.com\ThinkPHP\Library\Think\Db\Driver\Mysql.class.php 第 67 行.
NOTIC: [8] Undefined index: default- D:\amp\apache24\htdocs\www.hospital.com\ThinkPHP\Library\Think\Db\Driver\Mysql.class.php 第 67 行.
NOTIC: [8] Undefined index: default- D:\amp\apache24\htdocs\www.hospital.com\ThinkPHP\Library\Think\Db\Driver\Mysql.class.php 第 67 行.
NOTIC: [8] Undefined index: default- D:\amp\apache24\htdocs\www.hospital.com\ThinkPHP\Library\Think\Db\Driver\Mysql.class.php 第 67 行.
NOTIC: [8] Undefined index: default- D:\amp\apache24\htdocs\www.hospital.com\ThinkPHP\Library\Think\Db\Driver\Mysql.class.php 第 67 行.
NOTIC: [8] Undefined index: default- D:\amp\apache24\htdocs\www.hospital.com\ThinkPHP\Library\Think\Db\Driver\Mysql.class.php 第 67 行.
NOTIC: [8] Undefined index: default- D:\amp\apache24\htdocs\www.hospital.com\ThinkPHP\Library\Think\Db\Driver\Mysql.class.php 第 67 行.
INFO: [ view_parse ] --START--
INFO: [ template_filter ] --START--
INFO: Run Behavior\ContentReplaceBehavior [ RunTime:0.000539s ]
INFO: [ template_filter ] --END-- [ RunTime:0.000733s ]
INFO: Run Behavior\ParseTemplateBehavior [ RunTime:0.407125s ]
INFO: [ view_parse ] --END-- [ RunTime:0.407315s ]
INFO: [ view_filter ] --START--
INFO: Run Behavior\WriteHtmlCacheBehavior [ RunTime:0.013729s ]
INFO: [ view_filter ] --END-- [ RunTime:0.013912s ]
INFO: [ app_end ] --START--
INFO: Run Behavior\ShowPageTraceBehavior [ RunTime:0.020112s ]
INFO: [ app_end ] --END-- [ RunTime:0.020343s ]

[ 2017-07-22T10:11:54+08:00 ] 127.0.0.1 /index.php/Admin/Login/trylogin.html
INFO: [ app_init ] --START--
INFO: Run Behavior\BuildLiteBehavior [ RunTime:0.000072s ]
INFO: [ app_init ] --END-- [ RunTime:0.001366s ]
INFO: [ app_begin ] --START--
INFO: Run Behavior\ReadHtmlCacheBehavior [ RunTime:0.001439s ]
INFO: [ app_begin ] --END-- [ RunTime:0.001551s ]
SQL: SHOW COLUMNS FROM `hs_ucenter_member` [ RunTime:0.0234s ]
NOTIC: [8] Undefined index: default- D:\amp\apache24\htdocs\www.hospital.com\ThinkPHP\Library\Think\Db\Driver\Mysql.class.php 第 67 行.
NOTIC: [8] Undefined index: default- D:\amp\apache24\htdocs\www.hospital.com\ThinkPHP\Library\Think\Db\Driver\Mysql.class.php 第 67 行.
NOTIC: [8] Undefined index: default- D:\amp\apache24\htdocs\www.hospital.com\ThinkPHP\Library\Think\Db\Driver\Mysql.class.php 第 67 行.
NOTIC: [8] Undefined index: default- D:\amp\apache24\htdocs\www.hospital.com\ThinkPHP\Library\Think\Db\Driver\Mysql.class.php 第 67 行.
NOTIC: [8] Undefined index: default- D:\amp\apache24\htdocs\www.hospital.com\ThinkPHP\Library\Think\Db\Driver\Mysql.class.php 第 67 行.
NOTIC: [8] Undefined index: default- D:\amp\apache24\htdocs\www.hospital.com\ThinkPHP\Library\Think\Db\Driver\Mysql.class.php 第 67 行.
NOTIC: [8] Undefined index: default- D:\amp\apache24\htdocs\www.hospital.com\ThinkPHP\Library\Think\Db\Driver\Mysql.class.php 第 67 行.
NOTIC: [8] Undefined index: default- D:\amp\apache24\htdocs\www.hospital.com\ThinkPHP\Library\Think\Db\Driver\Mysql.class.php 第 67 行.
NOTIC: [8] Undefined index: default- D:\amp\apache24\htdocs\www.hospital.com\ThinkPHP\Library\Think\Db\Driver\Mysql.class.php 第 67 行.
NOTIC: [8] Undefined index: default- D:\amp\apache24\htdocs\www.hospital.com\ThinkPHP\Library\Think\Db\Driver\Mysql.class.php 第 67 行.
NOTIC: [8] Undefined index: default- D:\amp\apache24\htdocs\www.hospital.com\ThinkPHP\Library\Think\Db\Driver\Mysql.class.php 第 67 行.
NOTIC: [8] Undefined index: default- D:\amp\apache24\htdocs\www.hospital.com\ThinkPHP\Library\Think\Db\Driver\Mysql.class.php 第 67 行.
SQL: SELECT * FROM `hs_ucenter_member` WHERE `username` = 'admin' LIMIT 1   [ RunTime:0.0126s ]
INFO: [ app_end ] --START--
INFO: Run Behavior\ShowPageTraceBehavior [ RunTime:0.001587s ]
INFO: [ app_end ] --END-- [ RunTime:0.001672s ]

[ 2017-07-22T10:18:53+08:00 ] 127.0.0.1 /index.php/Admin/Login/trylogin.html
INFO: [ app_init ] --START--
INFO: Run Behavior\BuildLiteBehavior [ RunTime:0.000021s ]
INFO: [ app_init ] --END-- [ RunTime:0.000951s ]
INFO: [ app_begin ] --START--
INFO: Run Behavior\ReadHtmlCacheBehavior [ RunTime:0.000931s ]
INFO: [ app_begin ] --END-- [ RunTime:0.000996s ]
SQL: SHOW COLUMNS FROM `hs_ucenter_member` [ RunTime:0.0013s ]
NOTIC: [8] Undefined index: default- D:\amp\apache24\htdocs\www.hospital.com\ThinkPHP\Library\Think\Db\Driver\Mysql.class.php 第 67 行.
NOTIC: [8] Undefined index: default- D:\amp\apache24\htdocs\www.hospital.com\ThinkPHP\Library\Think\Db\Driver\Mysql.class.php 第 67 行.
NOTIC: [8] Undefined index: default- D:\amp\apache24\htdocs\www.hospital.com\ThinkPHP\Library\Think\Db\Driver\Mysql.class.php 第 67 行.
NOTIC: [8] Undefined index: default- D:\amp\apache24\htdocs\www.hospital.com\ThinkPHP\Library\Think\Db\Driver\Mysql.class.php 第 67 行.
NOTIC: [8] Undefined index: default- D:\amp\apache24\htdocs\www.hospital.com\ThinkPHP\Library\Think\Db\Driver\Mysql.class.php 第 67 行.
NOTIC: [8] Undefined index: default- D:\amp\apache24\htdocs\www.hospital.com\ThinkPHP\Library\Think\Db\Driver\Mysql.class.php 第 67 行.
NOTIC: [8] Undefined index: default- D:\amp\apache24\htdocs\www.hospital.com\ThinkPHP\Library\Think\Db\Driver\Mysql.class.php 第 67 行.
NOTIC: [8] Undefined index: default- D:\amp\apache24\htdocs\www.hospital.com\ThinkPHP\Library\Think\Db\Driver\Mysql.class.php 第 67 行.
NOTIC: [8] Undefined index: default- D:\amp\apache24\htdocs\www.hospital.com\ThinkPHP\Library\Think\Db\Driver\Mysql.class.php 第 67 行.
NOTIC: [8] Undefined index: default- D:\amp\apache24\htdocs\www.hospital.com\ThinkPHP\Library\Think\Db\Driver\Mysql.class.php 第 67 行.
NOTIC: [8] Undefined index: default- D:\amp\apache24\htdocs\www.hospital.com\ThinkPHP\Library\Think\Db\Driver\Mysql.class.php 第 67 行.
NOTIC: [8] Undefined index: default- D:\amp\apache24\htdocs\www.hospital.com\ThinkPHP\Library\Think\Db\Driver\Mysql.class.php 第 67 行.
SQL: SELECT * FROM `hs_ucenter_member` WHERE `username` = 'admin' LIMIT 1   [ RunTime:0.0005s ]
INFO: [ app_end ] --START--
INFO: Run Behavior\ShowPageTraceBehavior [ RunTime:0.001048s ]
INFO: [ app_end ] --END-- [ RunTime:0.001113s ]

[ 2017-07-22T10:18:57+08:00 ] 127.0.0.1 /index.php/Admin/Login/index.html
INFO: [ app_init ] --START--
INFO: Run Behavior\BuildLiteBehavior [ RunTime:0.000020s ]
INFO: [ app_init ] --END-- [ RunTime:0.000604s ]
INFO: [ app_begin ] --START--
INFO: Run Behavior\ReadHtmlCacheBehavior [ RunTime:0.000932s ]
INFO: [ app_begin ] --END-- [ RunTime:0.001000s ]
SQL: SHOW COLUMNS FROM `hs_ucenter_member` [ RunTime:0.0011s ]
NOTIC: [8] Undefined index: default- D:\amp\apache24\htdocs\www.hospital.com\ThinkPHP\Library\Think\Db\Driver\Mysql.class.php 第 67 行.
NOTIC: [8] Undefined index: default- D:\amp\apache24\htdocs\www.hospital.com\ThinkPHP\Library\Think\Db\Driver\Mysql.class.php 第 67 行.
NOTIC: [8] Undefined index: default- D:\amp\apache24\htdocs\www.hospital.com\ThinkPHP\Library\Think\Db\Driver\Mysql.class.php 第 67 行.
NOTIC: [8] Undefined index: default- D:\amp\apache24\htdocs\www.hospital.com\ThinkPHP\Library\Think\Db\Driver\Mysql.class.php 第 67 行.
NOTIC: [8] Undefined index: default- D:\amp\apache24\htdocs\www.hospital.com\ThinkPHP\Library\Think\Db\Driver\Mysql.class.php 第 67 行.
NOTIC: [8] Undefined index: default- D:\amp\apache24\htdocs\www.hospital.com\ThinkPHP\Library\Think\Db\Driver\Mysql.class.php 第 67 行.
NOTIC: [8] Undefined index: default- D:\amp\apache24\htdocs\www.hospital.com\ThinkPHP\Library\Think\Db\Driver\Mysql.class.php 第 67 行.
NOTIC: [8] Undefined index: default- D:\amp\apache24\htdocs\www.hospital.com\ThinkPHP\Library\Think\Db\Driver\Mysql.class.php 第 67 行.
NOTIC: [8] Undefined index: default- D:\amp\apache24\htdocs\www.hospital.com\ThinkPHP\Library\Think\Db\Driver\Mysql.class.php 第 67 行.
NOTIC: [8] Undefined index: default- D:\amp\apache24\htdocs\www.hospital.com\ThinkPHP\Library\Think\Db\Driver\Mysql.class.php 第 67 行.
NOTIC: [8] Undefined index: default- D:\amp\apache24\htdocs\www.hospital.com\ThinkPHP\Library\Think\Db\Driver\Mysql.class.php 第 67 行.
NOTIC: [8] Undefined index: default- D:\amp\apache24\htdocs\www.hospital.com\ThinkPHP\Library\Think\Db\Driver\Mysql.class.php 第 67 行.
INFO: [ view_parse ] --START--
INFO: [ template_filter ] --START--
INFO: Run Behavior\ContentReplaceBehavior [ RunTime:0.000206s ]
INFO: [ template_filter ] --END-- [ RunTime:0.000305s ]
INFO: Run Behavior\ParseTemplateBehavior [ RunTime:0.035591s ]
INFO: [ view_parse ] --END-- [ RunTime:0.035674s ]
INFO: [ view_filter ] --START--
INFO: Run Behavior\WriteHtmlCacheBehavior [ RunTime:0.000962s ]
INFO: [ view_filter ] --END-- [ RunTime:0.001035s ]
INFO: [ app_end ] --START--
INFO: Run Behavior\ShowPageTraceBehavior [ RunTime:0.001093s ]
INFO: [ app_end ] --END-- [ RunTime:0.001185s ]

[ 2017-07-22T10:19:02+08:00 ] 127.0.0.1 /index.php/Admin/Login/trylogin.html
INFO: [ app_init ] --START--
INFO: Run Behavior\BuildLiteBehavior [ RunTime:0.000029s ]
INFO: [ app_init ] --END-- [ RunTime:0.000938s ]
INFO: [ app_begin ] --START--
INFO: Run Behavior\ReadHtmlCacheBehavior [ RunTime:0.000891s ]
INFO: [ app_begin ] --END-- [ RunTime:0.000956s ]
SQL: SHOW COLUMNS FROM `hs_ucenter_member` [ RunTime:0.0016s ]
NOTIC: [8] Undefined index: default- D:\amp\apache24\htdocs\www.hospital.com\ThinkPHP\Library\Think\Db\Driver\Mysql.class.php 第 67 行.
NOTIC: [8] Undefined index: default- D:\amp\apache24\htdocs\www.hospital.com\ThinkPHP\Library\Think\Db\Driver\Mysql.class.php 第 67 行.
NOTIC: [8] Undefined index: default- D:\amp\apache24\htdocs\www.hospital.com\ThinkPHP\Library\Think\Db\Driver\Mysql.class.php 第 67 行.
NOTIC: [8] Undefined index: default- D:\amp\apache24\htdocs\www.hospital.com\ThinkPHP\Library\Think\Db\Driver\Mysql.class.php 第 67 行.
NOTIC: [8] Undefined index: default- D:\amp\apache24\htdocs\www.hospital.com\ThinkPHP\Library\Think\Db\Driver\Mysql.class.php 第 67 行.
NOTIC: [8] Undefined index: default- D:\amp\apache24\htdocs\www.hospital.com\ThinkPHP\Library\Think\Db\Driver\Mysql.class.php 第 67 行.
NOTIC: [8] Undefined index: default- D:\amp\apache24\htdocs\www.hospital.com\ThinkPHP\Library\Think\Db\Driver\Mysql.class.php 第 67 行.
NOTIC: [8] Undefined index: default- D:\amp\apache24\htdocs\www.hospital.com\ThinkPHP\Library\Think\Db\Driver\Mysql.class.php 第 67 行.
NOTIC: [8] Undefined index: default- D:\amp\apache24\htdocs\www.hospital.com\ThinkPHP\Library\Think\Db\Driver\Mysql.class.php 第 67 行.
NOTIC: [8] Undefined index: default- D:\amp\apache24\htdocs\www.hospital.com\ThinkPHP\Library\Think\Db\Driver\Mysql.class.php 第 67 行.
NOTIC: [8] Undefined index: default- D:\amp\apache24\htdocs\www.hospital.com\ThinkPHP\Library\Think\Db\Driver\Mysql.class.php 第 67 行.
NOTIC: [8] Undefined index: default- D:\amp\apache24\htdocs\www.hospital.com\ThinkPHP\Library\Think\Db\Driver\Mysql.class.php 第 67 行.
SQL: SELECT * FROM `hs_ucenter_member` WHERE `username` = 'admin' LIMIT 1   [ RunTime:0.0006s ]
INFO: [ app_end ] --START--
INFO: Run Behavior\ShowPageTraceBehavior [ RunTime:0.001652s ]
INFO: [ app_end ] --END-- [ RunTime:0.001783s ]

[ 2017-07-22T10:21:01+08:00 ] 127.0.0.1 /index.php/Admin/Login/registeruser.html
INFO: [ app_init ] --START--
INFO: Run Behavior\BuildLiteBehavior [ RunTime:0.000017s ]
INFO: [ app_init ] --END-- [ RunTime:0.000482s ]
INFO: [ app_begin ] --START--
INFO: Run Behavior\ReadHtmlCacheBehavior [ RunTime:0.000959s ]
INFO: [ app_begin ] --END-- [ RunTime:0.001053s ]
SQL: SHOW COLUMNS FROM `hs_ucenter_member` [ RunTime:0.0010s ]
NOTIC: [8] Undefined index: default- D:\amp\apache24\htdocs\www.hospital.com\ThinkPHP\Library\Think\Db\Driver\Mysql.class.php 第 67 行.
NOTIC: [8] Undefined index: default- D:\amp\apache24\htdocs\www.hospital.com\ThinkPHP\Library\Think\Db\Driver\Mysql.class.php 第 67 行.
NOTIC: [8] Undefined index: default- D:\amp\apache24\htdocs\www.hospital.com\ThinkPHP\Library\Think\Db\Driver\Mysql.class.php 第 67 行.
NOTIC: [8] Undefined index: default- D:\amp\apache24\htdocs\www.hospital.com\ThinkPHP\Library\Think\Db\Driver\Mysql.class.php 第 67 行.
NOTIC: [8] Undefined index: default- D:\amp\apache24\htdocs\www.hospital.com\ThinkPHP\Library\Think\Db\Driver\Mysql.class.php 第 67 行.
NOTIC: [8] Undefined index: default- D:\amp\apache24\htdocs\www.hospital.com\ThinkPHP\Library\Think\Db\Driver\Mysql.class.php 第 67 行.
NOTIC: [8] Undefined index: default- D:\amp\apache24\htdocs\www.hospital.com\ThinkPHP\Library\Think\Db\Driver\Mysql.class.php 第 67 行.
NOTIC: [8] Undefined index: default- D:\amp\apache24\htdocs\www.hospital.com\ThinkPHP\Library\Think\Db\Driver\Mysql.class.php 第 67 行.
NOTIC: [8] Undefined index: default- D:\amp\apache24\htdocs\www.hospital.com\ThinkPHP\Library\Think\Db\Driver\Mysql.class.php 第 67 行.
NOTIC: [8] Undefined index: default- D:\amp\apache24\htdocs\www.hospital.com\ThinkPHP\Library\Think\Db\Driver\Mysql.class.php 第 67 行.
NOTIC: [8] Undefined index: default- D:\amp\apache24\htdocs\www.hospital.com\ThinkPHP\Library\Think\Db\Driver\Mysql.class.php 第 67 行.
NOTIC: [8] Undefined index: default- D:\amp\apache24\htdocs\www.hospital.com\ThinkPHP\Library\Think\Db\Driver\Mysql.class.php 第 67 行.
INFO: [ view_parse ] --START--
NOTIC: [2] file_get_contents(./Application/Admin/View/Base/common2.html): failed to open stream: No such file or directory D:\amp\apache24\htdocs\www.hospital.com\ThinkPHP\Library\Think\Template.class.php 第 696 行.
INFO: [ template_filter ] --START--
INFO: Run Behavior\ContentReplaceBehavior [ RunTime:0.000057s ]
INFO: [ template_filter ] --END-- [ RunTime:0.000139s ]
INFO: Run Behavior\ParseTemplateBehavior [ RunTime:0.051817s ]
INFO: [ view_parse ] --END-- [ RunTime:0.051934s ]
INFO: [ view_filter ] --START--
INFO: Run Behavior\WriteHtmlCacheBehavior [ RunTime:0.000654s ]
INFO: [ view_filter ] --END-- [ RunTime:0.000708s ]
INFO: [ app_end ] --START--
INFO: Run Behavior\ShowPageTraceBehavior [ RunTime:0.001009s ]
INFO: [ app_end ] --END-- [ RunTime:0.001069s ]

