执行日期：2016-10-21 11:31:37
1

执行日期：2016-10-21 11:31:50
1

执行日期：2016-10-21 11:32:07
1

执行日期：2016-10-21 11:32:22
1

执行日期：2016-10-21 11:32:39
1

执行日期：2016-10-21 11:35:40
EFoodPay72016102156531015

执行日期：2016-10-21 11:35:57
EFoodPay72016102148101561

执行日期：2016-10-21 11:36:15
EFoodPay72016102148101561

执行日期：2016-10-21 11:36:32
EFoodPay72016102148101561

执行日期：2016-10-21 11:37:03
EFoodPay72016102148101561

执行日期：2016-10-21 11:37:08
EFoodPay72016102156525657

执行日期：2016-10-21 11:37:21
EFoodPay72016102156525657

执行日期：2016-10-21 11:37:38
EFoodPay72016102156525657

执行日期：2016-10-21 11:38:09
EFoodPay72016102156525657

执行日期：2016-10-21 11:38:43
EFoodPay72016102155499910

执行日期：2016-10-21 11:38:43
【支付成功】:

订单id为:
EFoodPay72016102155499910



执行日期：2016-10-21 11:40:06
EFoodPay72016102148101561

执行日期：2016-10-21 11:40:06
【支付成功】:订单id为:
EFoodPay72016102148101561



执行日期：2016-10-21 11:41:11
EFoodPay72016102156525657

执行日期：2016-10-21 11:41:11
【支付成功】:订单id为:
EFoodPay72016102156525657



执行日期：2016-10-21 11:43:30
EFoodPay72016102157525049

执行日期：2016-10-21 11:43:30
【支付成功】:订单id为:
EFoodPay72016102157525049



执行日期：2016-10-21 12:02:25
EFoodPay72016102148100994

执行日期：2016-10-21 12:02:25
【支付成功】订单id为:
EFoodPay72016102148100994



执行日期：2016-10-21 12:03:29
EFoodPay72016102153521025

执行日期：2016-10-21 12:03:29
【支付成功】订单id为:
EFoodPay72016102153521025



执行日期：2016-10-21 12:05:43
EFoodPay72016102156531015

执行日期：2016-10-21 12:05:43
【支付成功】订单id为:
EFoodPay72016102156531015



执行日期：2016-10-21 15:35:55
EFoodPay72016102110156102

执行日期：2016-10-21 15:35:55
【支付成功】订单id为:
EFoodPay72016102110156102



执行日期：2016-10-21 15:38:27
EFoodPay72016102157564949

执行日期：2016-10-21 15:38:27
【支付成功】订单id为:
EFoodPay72016102157564949



执行日期：2016-10-21 15:56:33
EFoodPay72016102151525210

执行日期：2016-10-21 16:12:09
【未知订单号】订单id为:




执行日期：2016-10-21 16:13:10
【未知订单号】订单id为:




执行日期：2016-10-21 16:16:31
EFoodPay72016102110052561

执行日期：2016-10-21 16:24:17
EFoodPay72016102148575052

执行日期：2016-10-21 16:24:17
【支付成功】订单id为:
EFoodPay72016102148575052



执行日期：2016-10-21 16:29:14
【未知订单号】订单id为:




执行日期：2016-10-21 16:29:20
EFoodPay72016102199501005

执行日期：2016-10-21 16:29:20
【支付成功】订单id为:
EFoodPay72016102199501005



执行日期：2016-10-21 16:36:48
【未知订单号】订单id为:




执行日期：2016-10-21 16:37:03
EFoodPay72016102150565449

执行日期：2016-10-21 16:37:17
EFoodPay72016102150565449

执行日期：2016-10-21 16:37:35
EFoodPay72016102150565449

执行日期：2016-10-21 16:38:06
EFoodPay72016102150565449

执行日期：2016-10-21 16:40:19
【未知订单号】订单id为:




执行日期：2016-10-21 16:40:26
EFoodPay72016102199484857

执行日期：2016-10-21 16:40:26
【支付成功】订单id为:
EFoodPay72016102199484857



执行日期：2016-10-21 16:41:10
EFoodPay72016102150565449

执行日期：2016-10-21 16:41:10
【支付成功】订单id为:
EFoodPay72016102150565449



执行日期：2016-10-21 17:11:17
【未知订单号】订单id为:




执行日期：2016-10-21 17:11:23
EFoodPay72016102110151555

执行日期：2016-10-21 17:11:23
【支付成功】订单id为:
EFoodPay72016102110151555



执行日期：2016-10-21 17:13:15
【未知订单号】订单id为:




执行日期：2016-10-21 17:13:22
EFoodPay72016102110249525

执行日期：2016-10-21 17:13:22
【支付成功】订单id为:
EFoodPay72016102110249525



执行日期：2016-10-21 17:14:28
【未知订单号】订单id为:




执行日期：2016-10-21 17:19:34
【未知订单号】订单id为:




执行日期：2016-10-21 17:19:40
EFoodPay72016102148539897

执行日期：2016-10-21 17:19:40
【支付成功】订单id为:
EFoodPay72016102148539897



执行日期：2016-10-21 17:22:37
【未知订单号】订单id为:




执行日期：2016-10-21 17:29:02
【未知订单号】订单id为:




执行日期：2016-10-21 17:39:59
【未知订单号】订单id为:




执行日期：2016-10-21 17:41:25
【未知订单号】订单id为:




执行日期：2016-10-21 17:43:49
【未知订单号】订单id为:




执行日期：2016-10-21 17:50:56
【未知订单号】订单id为:




执行日期：2016-10-21 17:51:06
EFoodPay82016102157539753

执行日期：2016-10-21 17:51:06
【支付成功】订单id为:
EFoodPay82016102157539753



执行日期：2016-10-21 17:51:25
【未知订单号】订单id为:




执行日期：2016-10-21 17:51:30
【未知订单号】订单id为:




执行日期：2016-10-21 17:51:33
【未知订单号】订单id为:




执行日期：2016-10-21 17:51:34
EFoodPay72016102152999853

执行日期：2016-10-21 17:51:34
【支付成功】订单id为:
EFoodPay72016102152999853



执行日期：2016-10-21 17:52:02
【未知订单号】订单id为:




执行日期：2016-10-21 17:55:16
【未知订单号】订单id为:




执行日期：2016-10-21 17:55:28
EFoodPay72016102110052485

执行日期：2016-10-21 17:55:28
【支付成功】订单id为:
EFoodPay72016102110052485



执行日期：2016-10-21 18:13:35
【未知订单号】订单id为:




执行日期：2016-10-21 18:13:43
【未知订单号】订单id为:




执行日期：2016-10-21 18:13:50
【未知订单号】订单id为:




执行日期：2016-10-21 18:13:53
【未知订单号】订单id为:




执行日期：2016-10-21 18:13:59
【未知订单号】订单id为:




执行日期：2016-10-24 08:04:57
【未知订单号】订单id为:




执行日期：2016-10-24 10:44:38
【未知订单号】订单id为:




执行日期：2016-10-24 10:44:49
EFoodPay82016102449545752

执行日期：2016-10-24 10:44:49
【支付成功】订单id为:
EFoodPay82016102449545752



执行日期：2016-10-24 10:45:03
EFoodPay82016102449545752

执行日期：2016-10-24 10:45:03
【支付成功】订单id为:
EFoodPay82016102449545752



执行日期：2016-10-24 10:45:22
EFoodPay82016102449545752

执行日期：2016-10-24 10:45:22
【支付成功】订单id为:
EFoodPay82016102449545752



执行日期：2016-10-24 10:45:55
EFoodPay82016102449545752

执行日期：2016-10-24 10:45:55
【支付成功】订单id为:
EFoodPay82016102449545752



执行日期：2016-10-24 10:46:02
【未知订单号】订单id为:




执行日期：2016-10-24 10:46:52
【未知订单号】订单id为:




执行日期：2016-10-24 10:47:04
EFoodPay72016102497994955

执行日期：2016-10-24 10:47:04
【支付成功】订单id为:
EFoodPay72016102497994955



执行日期：2016-10-24 10:48:58
EFoodPay82016102449545752

执行日期：2016-10-24 10:48:58
【支付成功】订单id为:
EFoodPay82016102449545752



执行日期：2016-10-24 10:54:16
【未知订单号】订单id为:




执行日期：2016-10-24 10:54:18
【未知订单号】订单id为:




执行日期：2016-10-24 10:54:24
EFoodPay82016102453565751

执行日期：2016-10-24 10:54:24
【支付成功】订单id为:
EFoodPay82016102453565751



执行日期：2016-10-24 10:54:29
EFoodPay72016102450485755

执行日期：2016-10-24 10:54:29
【支付成功】订单id为:
EFoodPay72016102450485755



执行日期：2016-10-24 10:56:21
【未知订单号】订单id为:




执行日期：2016-10-24 10:56:27
EFoodPay82016102449485654

执行日期：2016-10-24 10:56:27
【支付成功】订单id为:
EFoodPay82016102449485654



执行日期：2016-10-24 11:25:41
【未知订单号】订单id为:




执行日期：2016-10-24 11:27:42
【未知订单号】订单id为:




执行日期：2016-10-24 11:27:47
EFoodPay72016102457555557

执行日期：2016-10-24 11:27:47
【支付成功】订单id为:
EFoodPay72016102457555557



执行日期：2016-10-24 11:29:10
【未知订单号】订单id为:




执行日期：2016-10-24 11:29:16
EFoodPay82016102449564949

执行日期：2016-10-24 11:29:16
【支付成功】订单id为:
EFoodPay82016102449564949



执行日期：2016-10-24 11:29:32
【未知订单号】订单id为:




执行日期：2016-10-24 11:29:38
EFoodPay72016102455101505

执行日期：2016-10-24 11:29:38
【支付成功】订单id为:
EFoodPay72016102455101505



执行日期：2016-10-24 11:56:59
【未知订单号】订单id为:




执行日期：2016-10-24 11:57:05
EFoodPay72016102454991014

执行日期：2016-10-24 11:57:05
【支付成功】订单id为:
EFoodPay72016102454991014



执行日期：2016-10-24 14:26:14
【未知订单号】订单id为:




执行日期：2016-10-24 14:26:21
EFoodPay72016102449979851

执行日期：2016-10-24 14:26:21
【支付成功】订单id为:
EFoodPay72016102449979851



执行日期：2016-10-24 15:03:50
【未知订单号】订单id为:




执行日期：2016-10-24 17:32:30
【未知订单号】订单id为:




执行日期：2016-10-24 17:32:36
EFoodPay72016102457995451

执行日期：2016-10-24 17:32:36
【支付成功】订单id为:
EFoodPay72016102457995451



执行日期：2016-10-24 17:39:14
【未知订单号】订单id为:




执行日期：2016-10-24 17:39:19
EFoodPay72016102410057481

执行日期：2016-10-24 17:39:19
【支付成功】订单id为:
EFoodPay72016102410057481



执行日期：2016-10-24 17:47:39
【未知订单号】订单id为:




执行日期：2016-10-24 17:47:45
EFoodPay72016102455494997

执行日期：2016-10-24 17:47:45
【支付成功】订单id为:
EFoodPay72016102455494997



执行日期：2016-10-24 18:19:24
【未知订单号】订单id为:




执行日期：2016-10-24 18:19:30
EFoodPay72016102455974848

执行日期：2016-10-24 18:19:30
【支付成功】订单id为:
EFoodPay72016102455974848



执行日期：2016-10-24 18:21:18
【未知订单号】订单id为:




执行日期：2016-10-24 18:21:24
EFoodPay82016102457569799

执行日期：2016-10-24 18:21:24
【支付成功】订单id为:
EFoodPay82016102457569799



执行日期：2016-10-24 18:27:34
【未知订单号】订单id为:




执行日期：2016-10-24 18:27:39
EFoodPay72016102499499910

执行日期：2016-10-24 18:27:39
【支付成功】订单id为:
EFoodPay72016102499499910



执行日期：2016-10-24 18:32:08
【未知订单号】订单id为:




执行日期：2016-10-24 18:32:27
【未知订单号】订单id为:




执行日期：2016-10-24 18:33:19
【未知订单号】订单id为:




执行日期：2016-10-24 18:33:39
【未知订单号】订单id为:




执行日期：2016-10-24 18:35:54
【未知订单号】订单id为:




执行日期：2016-10-24 18:36:09
【未知订单号】订单id为:




执行日期：2016-10-24 18:37:29
【未知订单号】订单id为:




执行日期：2016-10-24 18:37:58
【未知订单号】订单id为:




执行日期：2016-10-24 18:38:31
【未知订单号】订单id为:




执行日期：2016-10-24 18:40:14
【未知订单号】订单id为:




执行日期：2016-10-24 18:42:25
【未知订单号】订单id为:




执行日期：2016-10-24 18:42:36
【未知订单号】订单id为:




执行日期：2016-10-24 18:42:49
【未知订单号】订单id为:




执行日期：2016-10-24 18:42:58
【未知订单号】订单id为:




执行日期：2016-10-24 20:22:11
【未知订单号】订单id为:




执行日期：2016-10-24 20:22:26
【未知订单号】订单id为:




执行日期：2016-10-24 20:22:34
【未知订单号】订单id为:




执行日期：2016-10-24 20:22:44
【未知订单号】订单id为:




执行日期：2016-10-24 20:24:42
【未知订单号】订单id为:




执行日期：2016-10-24 20:26:59
【未知订单号】订单id为:




执行日期：2016-10-24 20:31:59
【未知订单号】订单id为:




执行日期：2016-10-24 20:32:16
【未知订单号】订单id为:




执行日期：2016-10-24 20:32:50
【未知订单号】订单id为:




执行日期：2016-10-24 20:34:18
【未知订单号】订单id为:




执行日期：2016-10-25 11:26:17
【未知订单号】订单id为:




执行日期：2016-10-25 11:26:42
【未知订单号】订单id为:




执行日期：2016-10-25 11:27:59
【未知订单号】订单id为:




执行日期：2016-10-25 11:27:59
【未知订单号】订单id为:




执行日期：2016-10-25 11:27:59
【未知订单号】订单id为:




执行日期：2016-10-25 11:27:59
【未知订单号】订单id为:




执行日期：2016-10-25 11:27:59
【未知订单号】订单id为:




执行日期：2016-10-25 11:28:00
【未知订单号】订单id为:




执行日期：2016-10-25 11:30:08
【未知订单号】订单id为:




执行日期：2016-10-25 11:30:32
【未知订单号】订单id为:




执行日期：2016-10-25 15:18:23
【未知订单号】订单id为:




执行日期：2016-10-25 16:22:49
【未知订单号】订单id为:




执行日期：2016-10-25 16:22:58
EFoodPay232016102552515310

执行日期：2016-10-25 16:22:58
【支付成功】订单id为:
EFoodPay232016102552515310



执行日期：2016-10-27 10:29:48
【未知订单号】订单id为:




执行日期：2016-10-27 10:30:08
【未知订单号】订单id为:




执行日期：2016-10-27 11:13:32
【未知订单号】订单id为:




执行日期：2016-10-27 11:13:39
EFoodPay82016102753995598

执行日期：2016-10-27 11:13:39
【支付成功】订单id为:
EFoodPay82016102753995598



执行日期：2016-10-27 11:13:54
EFoodPay82016102753995598

执行日期：2016-10-27 11:13:54
【支付成功】订单id为:
EFoodPay82016102753995598



执行日期：2016-10-27 11:16:54
【未知订单号】订单id为:




执行日期：2016-10-27 11:17:01
EFoodPay82016102749545098

执行日期：2016-10-27 11:17:01
【支付成功】订单id为:
EFoodPay82016102749545098



执行日期：2016-10-27 11:32:19
【未知订单号】订单id为:




执行日期：2016-10-27 11:32:26
EFoodPay72016102710248991

执行日期：2016-10-27 11:32:26
【支付成功】订单id为:
EFoodPay72016102710248991



执行日期：2016-10-27 11:34:32
【未知订单号】订单id为:




执行日期：2016-10-27 11:34:38
EFoodPay72016102752515599

执行日期：2016-10-27 11:34:38
【支付成功】订单id为:
EFoodPay72016102752515599



执行日期：2016-10-27 12:43:25
【未知订单号】订单id为:




执行日期：2016-10-27 12:43:32
EFoodPay82016102756499954

执行日期：2016-10-27 12:43:32
【支付成功】订单id为:
EFoodPay82016102756499954



执行日期：2016-10-27 12:46:24
【未知订单号】订单id为:




执行日期：2016-10-27 12:46:30
EFoodPay82016102799491001

执行日期：2016-10-27 12:46:30
【支付成功】订单id为:
EFoodPay82016102799491001



执行日期：2016-10-27 12:47:21
【未知订单号】订单id为:




执行日期：2016-10-27 12:47:29
EFoodPay82016102752100569

执行日期：2016-10-27 12:47:29
【支付成功】订单id为:
EFoodPay82016102752100569



执行日期：2016-10-27 12:50:53
【未知订单号】订单id为:




执行日期：2016-10-27 12:50:59
EFoodPay82016102756985298

执行日期：2016-10-27 12:50:59
【支付成功】订单id为:
EFoodPay82016102756985298



执行日期：2016-10-27 16:29:07
【未知订单号】订单id为:




执行日期：2016-10-27 16:29:14
EFoodPay82016102710148985

执行日期：2016-10-27 16:29:14
【支付成功】订单id为:
EFoodPay82016102710148985



执行日期：2016-10-27 18:44:51
【未知订单号】订单id为:




执行日期：2016-10-27 18:44:57
EFoodPay810154981

执行日期：2016-10-27 18:44:57
【支付成功】订单id为:
EFoodPay810154981



执行日期：2016-10-27 18:46:10
【未知订单号】订单id为:




执行日期：2016-10-27 18:46:17
EFoodPay810148525

执行日期：2016-10-27 18:46:17
【支付成功】订单id为:
EFoodPay810148525



执行日期：2016-10-27 20:03:38
【未知订单号】订单id为:




执行日期：2016-10-27 20:03:45
EFoodPay2951102505

执行日期：2016-10-27 20:03:45
【支付成功】订单id为:
EFoodPay2951102505



执行日期：2016-10-27 20:07:06
【未知订单号】订单id为:




执行日期：2016-10-28 14:27:04
【未知订单号】订单id为:




执行日期：2016-10-28 14:27:12
EFoodPay749100531

执行日期：2016-10-28 14:27:12
【支付成功】订单id为:
EFoodPay749100531



执行日期：2016-10-28 14:50:18
【未知订单号】订单id为:




执行日期：2016-10-28 14:50:26
EFoodPay752485799

执行日期：2016-10-28 14:50:26
【支付成功】订单id为:
EFoodPay752485799



执行日期：2016-10-28 14:53:27
【未知订单号】订单id为:




执行日期：2016-10-28 14:53:32
EFoodPay798565110

执行日期：2016-10-28 14:53:32
【支付成功】订单id为:
EFoodPay798565110



执行日期：2016-10-28 15:53:33
【未知订单号】订单id为:




执行日期：2016-10-28 15:56:05
【未知订单号】订单id为:




执行日期：2016-10-28 19:07:22
【未知订单号】订单id为:




执行日期：2016-10-28 19:07:31
EFoodPay751495755

执行日期：2016-10-28 19:07:31
【支付成功】订单id为:
EFoodPay751495755



执行日期：2016-10-28 19:08:46
【未知订单号】订单id为:




执行日期：2016-10-29 13:32:03
【未知订单号】订单id为:




执行日期：2016-10-29 13:32:11
EFoodPay3010052531

执行日期：2016-10-29 13:32:11
【支付成功】订单id为:
EFoodPay3010052531



执行日期：2016-10-29 15:54:03
【未知订单号】订单id为:




执行日期：2016-10-29 15:54:06
【未知订单号】订单id为:




执行日期：2016-10-29 15:54:13
【未知订单号】订单id为:




执行日期：2016-10-29 15:54:26
【未知订单号】订单id为:




执行日期：2016-10-29 18:44:08
【未知订单号】订单id为:




执行日期：2016-10-29 18:44:18
EFoodPay3348984899

执行日期：2016-10-29 18:44:18
【支付成功】订单id为:
EFoodPay3348984899



执行日期：2016-10-29 20:45:09
【未知订单号】订单id为:




执行日期：2016-10-29 20:45:16
EFoodPay3410298995

执行日期：2016-10-29 20:45:16
【支付成功】订单id为:
EFoodPay3410298995



执行日期：2016-10-30 13:07:05
【未知订单号】订单id为:




执行日期：2016-10-30 13:07:12
EFoodPay3551971025

执行日期：2016-10-30 13:07:12
【支付成功】订单id为:
EFoodPay3551971025



执行日期：2016-10-30 16:51:58
【未知订单号】订单id为:




执行日期：2016-10-30 16:51:59
【未知订单号】订单id为:




执行日期：2016-10-30 16:52:10
EFoodPay3755559710

执行日期：2016-10-30 16:52:10
【支付成功】订单id为:
EFoodPay3755559710



执行日期：2016-10-30 16:54:53
【未知订单号】订单id为:




执行日期：2016-10-30 16:55:02
EFoodPay2756504955

执行日期：2016-10-30 16:55:02
【支付成功】订单id为:
EFoodPay2756504955



执行日期：2016-10-30 21:24:51
【未知订单号】订单id为:




执行日期：2016-10-30 21:24:58
EFoodPay2710110098

执行日期：2016-10-30 21:24:58
【支付成功】订单id为:
EFoodPay2710110098



执行日期：2016-10-30 22:14:15
【未知订单号】订单id为:




执行日期：2016-10-30 22:14:21
EFoodPay3999995510

执行日期：2016-10-30 22:14:21
【支付成功】订单id为:
EFoodPay3999995510



执行日期：2016-10-31 13:13:26
【未知订单号】订单id为:




执行日期：2016-10-31 13:13:32
EFoodPay4110210052

执行日期：2016-10-31 13:13:32
【支付成功】订单id为:
EFoodPay4110210052



执行日期：2016-10-31 16:12:56
【未知订单号】订单id为:




执行日期：2016-10-31 16:13:03
EFoodPay4250984898

执行日期：2016-10-31 16:13:03
【支付成功】订单id为:
EFoodPay4250984898



执行日期：2016-10-31 17:36:17
【未知订单号】订单id为:




执行日期：2016-10-31 17:36:24
EFoodPay4398101100

执行日期：2016-10-31 17:36:24
【支付成功】订单id为:
EFoodPay4398101100



执行日期：2016-11-01 19:51:05
【未知订单号】订单id为:




执行日期：2016-11-01 19:51:41
EFoodPay2752100561

执行日期：2016-11-01 19:51:41
【支付成功】订单id为:
EFoodPay2752100561



执行日期：2016-11-02 11:09:42
【未知订单号】订单id为:




执行日期：2016-11-02 11:09:48
EFoodPay3248974910

执行日期：2016-11-02 11:09:48
【支付成功】订单id为:
EFoodPay3248974910



执行日期：2016-11-02 17:47:59
【未知订单号】订单id为:




执行日期：2016-11-02 17:48:06
EFoodPay2757544897

执行日期：2016-11-02 17:48:06
【支付成功】订单id为:
EFoodPay2757544897



